{"C:\\Users\\Administrator\\Desktop\\项目\\SE26Project-16\\frontend\\src\\App.jsx": {"path":"C:\\Users\\Administrator\\Desktop\\项目\\SE26Project-16\\frontend\\src\\App.jsx","statementMap":{"0":{"start":{"line":4,"column":2},"end":{"line":4,"column":null}}},"fnMap":{"0":{"name":"App","decl":{"start":{"line":3,"column":9},"end":{"line":3,"column":15}},"loc":{"start":{"line":3,"column":15},"end":{"line":5,"column":null}},"line":3}},"branchMap":{},"s":{"0":1},"f":{"0":1},"b":{},"meta":{"lastBranch":0,"lastFunction":1,"lastStatement":1,"seen":{"f:3:9:3:15":0,"s:4:2:4:Infinity":0},"fnNames":{}}}
,"C:\\Users\\Administrator\\Desktop\\项目\\SE26Project-16\\frontend\\src\\components\\ActivityCard.jsx": {"path":"C:\\Users\\Administrator\\Desktop\\项目\\SE26Project-16\\frontend\\src\\components\\ActivityCard.jsx","statementMap":{"0":{"start":{"line":13,"column":28},"end":{"line":13,"column":null}},"1":{"start":{"line":15,"column":22},"end":{"line":22,"column":null}},"2":{"start":{"line":30,"column":8},"end":{"line":30,"column":null}},"3":{"start":{"line":31,"column":18},"end":{"line":31,"column":null}},"4":{"start":{"line":32,"column":23},"end":{"line":32,"column":null}},"5":{"start":{"line":34,"column":2},"end":{"line":105,"column":null}},"6":{"start":{"line":51,"column":21},"end":{"line":51,"column":null}},"7":{"start":{"line":58,"column":12},"end":{"line":60,"column":null}},"8":{"start":{"line":98,"column":12},"end":{"line":98,"column":null}},"9":{"start":{"line":99,"column":12},"end":{"line":99,"column":null}}},"fnMap":{"0":{"name":"ActivityCard","decl":{"start":{"line":24,"column":24},"end":{"line":24,"column":37}},"loc":{"start":{"line":29,"column":3},"end":{"line":107,"column":null}},"line":29},"1":{"name":"(anonymous_1)","decl":{"start":{"line":51,"column":6},"end":{"line":51,"column":21}},"loc":{"start":{"line":51,"column":21},"end":{"line":51,"column":null}},"line":51},"2":{"name":"(anonymous_2)","decl":{"start":{"line":57,"column":35},"end":{"line":57,"column":39}},"loc":{"start":{"line":58,"column":12},"end":{"line":60,"column":null}},"line":58},"3":{"name":"(anonymous_3)","decl":{"start":{"line":97,"column":10},"end":{"line":97,"column":20}},"loc":{"start":{"line":97,"column":26},"end":{"line":100,"column":null}},"line":97}},"branchMap":{"0":{"loc":{"start":{"line":26,"column":2},"end":{"line":26,"column":null}},"type":"default-arg","locations":[{"start":{"line":26,"column":18},"end":{"line":26,"column":null}}],"line":26},"1":{"loc":{"start":{"line":31,"column":18},"end":{"line":31,"column":null}},"type":"binary-expr","locations":[{"start":{"line":31,"column":18},"end":{"line":31,"column":38}},{"start":{"line":31,"column":38},"end":{"line":31,"column":68}},{"start":{"line":31,"column":68},"end":{"line":31,"column":null}}],"line":31},"2":{"loc":{"start":{"line":32,"column":23},"end":{"line":32,"column":null}},"type":"binary-expr","locations":[{"start":{"line":32,"column":23},"end":{"line":32,"column":41}},{"start":{"line":32,"column":41},"end":{"line":32,"column":63}},{"start":{"line":32,"column":63},"end":{"line":32,"column":null}}],"line":32},"3":{"loc":{"start":{"line":39,"column":8},"end":{"line":49,"column":null}},"type":"cond-expr","locations":[{"start":{"line":40,"column":10},"end":{"line":49,"column":null}},{"start":{"line":49,"column":12},"end":{"line":49,"column":null}}],"line":39},"4":{"loc":{"start":{"line":42,"column":13},"end":{"line":48,"column":null}},"type":"binary-expr","locations":[{"start":{"line":42,"column":13},"end":{"line":42,"column":null}},{"start":{"line":43,"column":14},"end":{"line":48,"column":null}}],"line":42},"5":{"loc":{"start":{"line":45,"column":17},"end":{"line":45,"column":null}},"type":"cond-expr","locations":[{"start":{"line":45,"column":38},"end":{"line":45,"column":61}},{"start":{"line":45,"column":61},"end":{"line":45,"column":null}}],"line":45},"6":{"loc":{"start":{"line":56,"column":11},"end":{"line":56,"column":null}},"type":"binary-expr","locations":[{"start":{"line":56,"column":11},"end":{"line":56,"column":42}},{"start":{"line":56,"column":42},"end":{"line":56,"column":null}}],"line":56},"7":{"loc":{"start":{"line":57,"column":11},"end":{"line":61,"column":null}},"type":"binary-expr","locations":[{"start":{"line":57,"column":11},"end":{"line":57,"column":27}},{"start":{"line":57,"column":27},"end":{"line":61,"column":null}}],"line":57},"8":{"loc":{"start":{"line":58,"column":37},"end":{"line":58,"column":null}},"type":"binary-expr","locations":[{"start":{"line":58,"column":37},"end":{"line":58,"column":62}},{"start":{"line":58,"column":62},"end":{"line":58,"column":null}}],"line":58},"9":{"loc":{"start":{"line":86,"column":33},"end":{"line":86,"column":61}},"type":"binary-expr","locations":[{"start":{"line":86,"column":33},"end":{"line":86,"column":59}},{"start":{"line":86,"column":59},"end":{"line":86,"column":61}}],"line":86}},"s":{"0":3,"1":3,"2":34,"3":34,"4":34,"5":34,"6":1,"7":2,"8":1,"9":1},"f":{"0":34,"1":1,"2":2,"3":1},"b":{"0":[34],"1":[34,33,33],"2":[34,3,1],"3":[9,25],"4":[9,2],"5":[2,0],"6":[34,9],"7":[34,2],"8":[2,0],"9":[34,16]},"meta":{"lastBranch":10,"lastFunction":4,"lastStatement":10,"seen":{"s:13:28:13:Infinity":0,"s:15:22:22:Infinity":1,"f:24:24:24:37":0,"b:26:18:26:Infinity":0,"s:30:8:30:Infinity":2,"s:31:18:31:Infinity":3,"b:31:18:31:38:31:38:31:68:31:68:31:Infinity":1,"s:32:23:32:Infinity":4,"b:32:23:32:41:32:41:32:63:32:63:32:Infinity":2,"s:34:2:105:Infinity":5,"b:40:10:49:Infinity:49:12:49:Infinity":3,"b:42:13:42:Infinity:43:14:48:Infinity":4,"b:45:38:45:61:45:61:45:Infinity":5,"f:51:6:51:21":1,"s:51:21:51:Infinity":6,"b:56:11:56:42:56:42:56:Infinity":6,"b:57:11:57:27:57:27:61:Infinity":7,"f:57:35:57:39":2,"s:58:12:60:Infinity":7,"b:58:37:58:62:58:62:58:Infinity":8,"b:86:33:86:59:86:59:86:61":9,"f:97:10:97:20":3,"s:98:12:98:Infinity":8,"s:99:12:99:Infinity":9},"fnNames":{}}}
,"C:\\Users\\Administrator\\Desktop\\项目\\SE26Project-16\\frontend\\src\\components\\AdminGuard.jsx": {"path":"C:\\Users\\Administrator\\Desktop\\项目\\SE26Project-16\\frontend\\src\\components\\AdminGuard.jsx","statementMap":{"0":{"start":{"line":5,"column":10},"end":{"line":5,"column":null}},"1":{"start":{"line":7,"column":2},"end":{"line":9,"column":null}},"2":{"start":{"line":8,"column":4},"end":{"line":8,"column":null}},"3":{"start":{"line":11,"column":2},"end":{"line":11,"column":null}}},"fnMap":{"0":{"name":"AdminGuard","decl":{"start":{"line":4,"column":24},"end":{"line":4,"column":35}},"loc":{"start":{"line":4,"column":49},"end":{"line":12,"column":null}},"line":4}},"branchMap":{"0":{"loc":{"start":{"line":7,"column":2},"end":{"line":9,"column":null}},"type":"if","locations":[{"start":{"line":7,"column":2},"end":{"line":9,"column":null}},{"start":{},"end":{}}],"line":7}},"s":{"0":5,"1":5,"2":3,"3":2},"f":{"0":5},"b":{"0":[3,2]},"meta":{"lastBranch":1,"lastFunction":1,"lastStatement":4,"seen":{"f:4:24:4:35":0,"s:5:10:5:Infinity":0,"b:7:2:9:Infinity:undefined:undefined:undefined:undefined":0,"s:7:2:9:Infinity":1,"s:8:4:8:Infinity":2,"s:11:2:11:Infinity":3},"fnNames":{}}}
,"C:\\Users\\Administrator\\Desktop\\项目\\SE26Project-16\\frontend\\src\\components\\AuthGuard.jsx": {"path":"C:\\Users\\Administrator\\Desktop\\项目\\SE26Project-16\\frontend\\src\\components\\AuthGuard.jsx","statementMap":{"0":{"start":{"line":6,"column":23},"end":{"line":6,"column":null}},"1":{"start":{"line":7,"column":2},"end":{"line":13,"column":null}},"2":{"start":{"line":8,"column":4},"end":{"line":11,"column":null}},"3":{"start":{"line":14,"column":2},"end":{"line":14,"column":null}},"4":{"start":{"line":14,"column":20},"end":{"line":14,"column":null}},"5":{"start":{"line":15,"column":2},"end":{"line":15,"column":null}}},"fnMap":{"0":{"name":"AuthGuard","decl":{"start":{"line":5,"column":24},"end":{"line":5,"column":34}},"loc":{"start":{"line":5,"column":48},"end":{"line":16,"column":null}},"line":5}},"branchMap":{"0":{"loc":{"start":{"line":7,"column":2},"end":{"line":13,"column":null}},"type":"if","locations":[{"start":{"line":7,"column":2},"end":{"line":13,"column":null}},{"start":{},"end":{}}],"line":7},"1":{"loc":{"start":{"line":14,"column":2},"end":{"line":14,"column":null}},"type":"if","locations":[{"start":{"line":14,"column":2},"end":{"line":14,"column":null}},{"start":{},"end":{}}],"line":14}},"s":{"0":7,"1":7,"2":3,"3":4,"4":4,"5":1},"f":{"0":7},"b":{"0":[3,4],"1":[3,1]},"meta":{"lastBranch":2,"lastFunction":1,"lastStatement":6,"seen":{"f:5:24:5:34":0,"s:6:23:6:Infinity":0,"b:7:2:13:Infinity:undefined:undefined:undefined:undefined":0,"s:7:2:13:Infinity":1,"s:8:4:11:Infinity":2,"b:14:2:14:Infinity:undefined:undefined:undefined:undefined":1,"s:14:2:14:Infinity":3,"s:14:20:14:Infinity":4,"s:15:2:15:Infinity":5},"fnNames":{}}}
,"C:\\Users\\Administrator\\Desktop\\项目\\SE26Project-16\\frontend\\src\\components\\MapLocationPicker.jsx": {"path":"C:\\Users\\Administrator\\Desktop\\项目\\SE26Project-16\\frontend\\src\\components\\MapLocationPicker.jsx","statementMap":{"0":{"start":{"line":4,"column":17},"end":{"line":4,"column":null}},"1":{"start":{"line":5,"column":27},"end":{"line":5,"column":null}},"2":{"start":{"line":6,"column":23},"end":{"line":6,"column":null}},"3":{"start":{"line":11,"column":2},"end":{"line":13,"column":null}},"4":{"start":{"line":12,"column":4},"end":{"line":12,"column":null}},"5":{"start":{"line":14,"column":2},"end":{"line":16,"column":null}},"6":{"start":{"line":15,"column":4},"end":{"line":15,"column":null}},"7":{"start":{"line":17,"column":2},"end":{"line":19,"column":null}},"8":{"start":{"line":18,"column":4},"end":{"line":18,"column":null}},"9":{"start":{"line":20,"column":2},"end":{"line":24,"column":null}},"10":{"start":{"line":21,"column":4},"end":{"line":23,"column":null}},"11":{"start":{"line":25,"column":2},"end":{"line":32,"column":null}},"12":{"start":{"line":26,"column":19},"end":{"line":26,"column":null}},"13":{"start":{"line":27,"column":4},"end":{"line":27,"column":null}},"14":{"start":{"line":28,"column":4},"end":{"line":28,"column":null}},"15":{"start":{"line":29,"column":4},"end":{"line":29,"column":null}},"16":{"start":{"line":29,"column":26},"end":{"line":29,"column":null}},"17":{"start":{"line":30,"column":4},"end":{"line":30,"column":null}},"18":{"start":{"line":30,"column":27},"end":{"line":30,"column":null}},"19":{"start":{"line":31,"column":4},"end":{"line":31,"column":null}},"20":{"start":{"line":33,"column":2},"end":{"line":33,"column":null}},"21":{"start":{"line":37,"column":8},"end":{"line":37,"column":null}},"22":{"start":{"line":38,"column":8},"end":{"line":38,"column":null}},"23":{"start":{"line":39,"column":8},"end":{"line":39,"column":null}},"24":{"start":{"line":40,"column":17},"end":{"line":40,"column":null}},"25":{"start":{"line":42,"column":2},"end":{"line":87,"column":null}},"26":{"start":{"line":43,"column":19},"end":{"line":43,"column":null}},"27":{"start":{"line":45,"column":4},"end":{"line":77,"column":null}},"28":{"start":{"line":47,"column":8},"end":{"line":47,"column":null}},"29":{"start":{"line":47,"column":47},"end":{"line":47,"column":null}},"30":{"start":{"line":48,"column":23},"end":{"line":51,"column":null}},"31":{"start":{"line":52,"column":20},"end":{"line":55,"column":null}},"32":{"start":{"line":56,"column":23},"end":{"line":59,"column":null}},"33":{"start":{"line":60,"column":8},"end":{"line":60,"column":null}},"34":{"start":{"line":62,"column":14},"end":{"line":67,"column":null}},"35":{"start":{"line":63,"column":28},"end":{"line":63,"column":null}},"36":{"start":{"line":64,"column":27},"end":{"line":64,"column":null}},"37":{"start":{"line":65,"column":10},"end":{"line":65,"column":null}},"38":{"start":{"line":66,"column":10},"end":{"line":66,"column":null}},"39":{"start":{"line":69,"column":8},"end":{"line":69,"column":null}},"40":{"start":{"line":69,"column":33},"end":{"line":69,"column":58}},"41":{"start":{"line":70,"column":8},"end":{"line":70,"column":null}},"42":{"start":{"line":70,"column":38},"end":{"line":70,"column":63}},"43":{"start":{"line":71,"column":8},"end":{"line":71,"column":null}},"44":{"start":{"line":72,"column":8},"end":{"line":72,"column":null}},"45":{"start":{"line":73,"column":8},"end":{"line":73,"column":null}},"46":{"start":{"line":76,"column":8},"end":{"line":76,"column":null}},"47":{"start":{"line":76,"column":23},"end":{"line":76,"column":null}},"48":{"start":{"line":79,"column":4},"end":{"line":86,"column":null}},"49":{"start":{"line":80,"column":6},"end":{"line":80,"column":null}},"50":{"start":{"line":81,"column":6},"end":{"line":85,"column":null}},"51":{"start":{"line":82,"column":8},"end":{"line":82,"column":null}},"52":{"start":{"line":83,"column":8},"end":{"line":83,"column":null}},"53":{"start":{"line":84,"column":8},"end":{"line":84,"column":null}},"54":{"start":{"line":89,"column":2},"end":{"line":96,"column":null}},"55":{"start":{"line":90,"column":4},"end":{"line":92,"column":null}},"56":{"start":{"line":91,"column":6},"end":{"line":91,"column":null}},"57":{"start":{"line":93,"column":21},"end":{"line":93,"column":null}},"58":{"start":{"line":94,"column":4},"end":{"line":94,"column":null}},"59":{"start":{"line":95,"column":4},"end":{"line":95,"column":null}},"60":{"start":{"line":98,"column":2},"end":{"line":100,"column":null}},"61":{"start":{"line":99,"column":4},"end":{"line":99,"column":null}},"62":{"start":{"line":102,"column":2},"end":{"line":104,"column":null}},"63":{"start":{"line":103,"column":4},"end":{"line":103,"column":null}},"64":{"start":{"line":106,"column":2},"end":{"line":114,"column":null}}},"fnMap":{"0":{"name":"loadAmap","decl":{"start":{"line":10,"column":9},"end":{"line":10,"column":20}},"loc":{"start":{"line":10,"column":20},"end":{"line":34,"column":null}},"line":10},"1":{"name":"(anonymous_1)","decl":{"start":{"line":25,"column":19},"end":{"line":25,"column":28}},"loc":{"start":{"line":25,"column":48},"end":{"line":32,"column":3}},"line":25},"2":{"name":"(anonymous_2)","decl":{"start":{"line":29,"column":11},"end":{"line":29,"column":26}},"loc":{"start":{"line":29,"column":26},"end":{"line":29,"column":null}},"line":29},"3":{"name":"(anonymous_3)","decl":{"start":{"line":30,"column":11},"end":{"line":30,"column":27}},"loc":{"start":{"line":30,"column":27},"end":{"line":30,"column":null}},"line":30},"4":{"name":"MapLocationPicker","decl":{"start":{"line":36,"column":24},"end":{"line":36,"column":42}},"loc":{"start":{"line":36,"column":63},"end":{"line":116,"column":null}},"line":36},"5":{"name":"(anonymous_5)","decl":{"start":{"line":42,"column":2},"end":{"line":42,"column":18}},"loc":{"start":{"line":42,"column":18},"end":{"line":87,"column":5}},"line":42},"6":{"name":"(anonymous_6)","decl":{"start":{"line":46,"column":7},"end":{"line":46,"column":13}},"loc":{"start":{"line":46,"column":22},"end":{"line":74,"column":7}},"line":46},"7":{"name":"(anonymous_7)","decl":{"start":{"line":62,"column":14},"end":{"line":62,"column":29}},"loc":{"start":{"line":62,"column":40},"end":{"line":67,"column":null}},"line":62},"8":{"name":"(anonymous_8)","decl":{"start":{"line":69,"column":15},"end":{"line":69,"column":24}},"loc":{"start":{"line":69,"column":33},"end":{"line":69,"column":58}},"line":69},"9":{"name":"(anonymous_9)","decl":{"start":{"line":70,"column":18},"end":{"line":70,"column":29}},"loc":{"start":{"line":70,"column":38},"end":{"line":70,"column":63}},"line":70},"10":{"name":"(anonymous_10)","decl":{"start":{"line":75,"column":7},"end":{"line":75,"column":19}},"loc":{"start":{"line":75,"column":19},"end":{"line":77,"column":7}},"line":75},"11":{"name":"(anonymous_11)","decl":{"start":{"line":79,"column":4},"end":{"line":79,"column":17}},"loc":{"start":{"line":79,"column":17},"end":{"line":86,"column":null}},"line":79},"12":{"name":"(anonymous_12)","decl":{"start":{"line":89,"column":2},"end":{"line":89,"column":18}},"loc":{"start":{"line":89,"column":18},"end":{"line":96,"column":5}},"line":89}},"branchMap":{"0":{"loc":{"start":{"line":11,"column":2},"end":{"line":13,"column":null}},"type":"if","locations":[{"start":{"line":11,"column":2},"end":{"line":13,"column":null}},{"start":{},"end":{}}],"line":11},"1":{"loc":{"start":{"line":14,"column":2},"end":{"line":16,"column":null}},"type":"if","locations":[{"start":{"line":14,"column":2},"end":{"line":16,"column":null}},{"start":{},"end":{}}],"line":14},"2":{"loc":{"start":{"line":17,"column":2},"end":{"line":19,"column":null}},"type":"if","locations":[{"start":{"line":17,"column":2},"end":{"line":19,"column":null}},{"start":{},"end":{}}],"line":17},"3":{"loc":{"start":{"line":20,"column":2},"end":{"line":24,"column":null}},"type":"if","locations":[{"start":{"line":20,"column":2},"end":{"line":24,"column":null}},{"start":{},"end":{}}],"line":20},"4":{"loc":{"start":{"line":40,"column":39},"end":{"line":40,"column":75}},"type":"cond-expr","locations":[{"start":{"line":40,"column":50},"end":{"line":40,"column":62}},{"start":{"line":40,"column":62},"end":{"line":40,"column":75}}],"line":40},"5":{"loc":{"start":{"line":47,"column":8},"end":{"line":47,"column":null}},"type":"if","locations":[{"start":{"line":47,"column":8},"end":{"line":47,"column":null}},{"start":{},"end":{}}],"line":47},"6":{"loc":{"start":{"line":47,"column":12},"end":{"line":47,"column":47}},"type":"binary-expr","locations":[{"start":{"line":47,"column":12},"end":{"line":47,"column":24}},{"start":{"line":47,"column":24},"end":{"line":47,"column":47}}],"line":47},"7":{"loc":{"start":{"line":49,"column":10},"end":{"line":49,"column":null}},"type":"binary-expr","locations":[{"start":{"line":49,"column":10},"end":{"line":49,"column":30}},{"start":{"line":49,"column":30},"end":{"line":49,"column":null}}],"line":49},"8":{"loc":{"start":{"line":50,"column":10},"end":{"line":50,"column":null}},"type":"binary-expr","locations":[{"start":{"line":50,"column":10},"end":{"line":50,"column":29}},{"start":{"line":50,"column":29},"end":{"line":50,"column":null}}],"line":50},"9":{"loc":{"start":{"line":76,"column":8},"end":{"line":76,"column":null}},"type":"if","locations":[{"start":{"line":76,"column":8},"end":{"line":76,"column":null}},{"start":{},"end":{}}],"line":76},"10":{"loc":{"start":{"line":76,"column":33},"end":{"line":76,"column":68}},"type":"cond-expr","locations":[{"start":{"line":76,"column":44},"end":{"line":76,"column":55}},{"start":{"line":76,"column":55},"end":{"line":76,"column":68}}],"line":76},"11":{"loc":{"start":{"line":81,"column":6},"end":{"line":85,"column":null}},"type":"if","locations":[{"start":{"line":81,"column":6},"end":{"line":85,"column":null}},{"start":{},"end":{}}],"line":81},"12":{"loc":{"start":{"line":90,"column":4},"end":{"line":92,"column":null}},"type":"if","locations":[{"start":{"line":90,"column":4},"end":{"line":92,"column":null}},{"start":{},"end":{}}],"line":90},"13":{"loc":{"start":{"line":90,"column":8},"end":{"line":90,"column":102}},"type":"binary-expr","locations":[{"start":{"line":90,"column":8},"end":{"line":90,"column":27}},{"start":{"line":90,"column":27},"end":{"line":90,"column":49}},{"start":{"line":90,"column":49},"end":{"line":90,"column":76}},{"start":{"line":90,"column":76},"end":{"line":90,"column":102}}],"line":90},"14":{"loc":{"start":{"line":98,"column":2},"end":{"line":100,"column":null}},"type":"if","locations":[{"start":{"line":98,"column":2},"end":{"line":100,"column":null}},{"start":{},"end":{}}],"line":98},"15":{"loc":{"start":{"line":102,"column":2},"end":{"line":104,"column":null}},"type":"if","locations":[{"start":{"line":102,"column":2},"end":{"line":104,"column":null}},{"start":{},"end":{}}],"line":102},"16":{"loc":{"start":{"line":108,"column":7},"end":{"line":113,"column":7}},"type":"binary-expr","locations":[{"start":{"line":108,"column":7},"end":{"line":108,"column":null}},{"start":{"line":109,"column":8},"end":{"line":113,"column":7}}],"line":108}},"s":{"0":3,"1":3,"2":3,"3":3,"4":1,"5":2,"6":1,"7":1,"8":0,"9":1,"10":1,"11":1,"12":1,"13":1,"14":1,"15":1,"16":1,"17":1,"18":0,"19":1,"20":1,"21":6,"22":6,"23":6,"24":6,"25":6,"26":3,"27":3,"28":2,"29":0,"30":2,"31":2,"32":2,"33":2,"34":2,"35":1,"36":1,"37":1,"38":1,"39":2,"40":1,"41":2,"42":0,"43":2,"44":2,"45":2,"46":1,"47":1,"48":3,"49":3,"50":3,"51":2,"52":2,"53":2,"54":6,"55":4,"56":3,"57":1,"58":1,"59":1,"60":6,"61":1,"62":5,"63":0,"64":5},"f":{"0":3,"1":1,"2":1,"3":0,"4":6,"5":3,"6":2,"7":1,"8":1,"9":0,"10":1,"11":3,"12":4},"b":{"0":[1,2],"1":[1,1],"2":[0,1],"3":[1,0],"4":[5,1],"5":[0,2],"6":[2,2],"7":[2,1],"8":[2,1],"9":[1,0],"10":[0,1],"11":[2,1],"12":[3,1],"13":[4,1,1,1],"14":[1,5],"15":[0,5],"16":[5,2]},"meta":{"lastBranch":17,"lastFunction":13,"lastStatement":65,"seen":{"s:4:17:4:Infinity":0,"s:5:27:5:Infinity":1,"s:6:23:6:Infinity":2,"f:10:9:10:20":0,"b:11:2:13:Infinity:undefined:undefined:undefined:undefined":0,"s:11:2:13:Infinity":3,"s:12:4:12:Infinity":4,"b:14:2:16:Infinity:undefined:undefined:undefined:undefined":1,"s:14:2:16:Infinity":5,"s:15:4:15:Infinity":6,"b:17:2:19:Infinity:undefined:undefined:undefined:undefined":2,"s:17:2:19:Infinity":7,"s:18:4:18:Infinity":8,"b:20:2:24:Infinity:undefined:undefined:undefined:undefined":3,"s:20:2:24:Infinity":9,"s:21:4:23:Infinity":10,"s:25:2:32:Infinity":11,"f:25:19:25:28":1,"s:26:19:26:Infinity":12,"s:27:4:27:Infinity":13,"s:28:4:28:Infinity":14,"s:29:4:29:Infinity":15,"f:29:11:29:26":2,"s:29:26:29:Infinity":16,"s:30:4:30:Infinity":17,"f:30:11:30:27":3,"s:30:27:30:Infinity":18,"s:31:4:31:Infinity":19,"s:33:2:33:Infinity":20,"f:36:24:36:42":4,"s:37:8:37:Infinity":21,"s:38:8:38:Infinity":22,"s:39:8:39:Infinity":23,"s:40:17:40:Infinity":24,"b:40:50:40:62:40:62:40:75":4,"s:42:2:87:Infinity":25,"f:42:2:42:18":5,"s:43:19:43:Infinity":26,"s:45:4:77:Infinity":27,"f:46:7:46:13":6,"b:47:8:47:Infinity:undefined:undefined:undefined:undefined":5,"s:47:8:47:Infinity":28,"b:47:12:47:24:47:24:47:47":6,"s:47:47:47:Infinity":29,"s:48:23:51:Infinity":30,"b:49:10:49:30:49:30:49:Infinity":7,"b:50:10:50:29:50:29:50:Infinity":8,"s:52:20:55:Infinity":31,"s:56:23:59:Infinity":32,"s:60:8:60:Infinity":33,"s:62:14:67:Infinity":34,"f:62:14:62:29":7,"s:63:28:63:Infinity":35,"s:64:27:64:Infinity":36,"s:65:10:65:Infinity":37,"s:66:10:66:Infinity":38,"s:69:8:69:Infinity":39,"f:69:15:69:24":8,"s:69:33:69:58":40,"s:70:8:70:Infinity":41,"f:70:18:70:29":9,"s:70:38:70:63":42,"s:71:8:71:Infinity":43,"s:72:8:72:Infinity":44,"s:73:8:73:Infinity":45,"f:75:7:75:19":10,"b:76:8:76:Infinity:undefined:undefined:undefined:undefined":9,"s:76:8:76:Infinity":46,"s:76:23:76:Infinity":47,"b:76:44:76:55:76:55:76:68":10,"s:79:4:86:Infinity":48,"f:79:4:79:17":11,"s:80:6:80:Infinity":49,"b:81:6:85:Infinity:undefined:undefined:undefined:undefined":11,"s:81:6:85:Infinity":50,"s:82:8:82:Infinity":51,"s:83:8:83:Infinity":52,"s:84:8:84:Infinity":53,"s:89:2:96:Infinity":54,"f:89:2:89:18":12,"b:90:4:92:Infinity:undefined:undefined:undefined:undefined":12,"s:90:4:92:Infinity":55,"b:90:8:90:27:90:27:90:49:90:49:90:76:90:76:90:102":13,"s:91:6:91:Infinity":56,"s:93:21:93:Infinity":57,"s:94:4:94:Infinity":58,"s:95:4:95:Infinity":59,"b:98:2:100:Infinity:undefined:undefined:undefined:undefined":14,"s:98:2:100:Infinity":60,"s:99:4:99:Infinity":61,"b:102:2:104:Infinity:undefined:undefined:undefined:undefined":15,"s:102:2:104:Infinity":62,"s:103:4:103:Infinity":63,"s:106:2:114:Infinity":64,"b:108:7:108:Infinity:109:8:113:7":16},"fnNames":{}}}
,"C:\\Users\\Administrator\\Desktop\\项目\\SE26Project-16\\frontend\\src\\components\\SideMenu.jsx": {"path":"C:\\Users\\Administrator\\Desktop\\项目\\SE26Project-16\\frontend\\src\\components\\SideMenu.jsx","statementMap":{"0":{"start":{"line":20,"column":25},"end":{"line":29,"column":null}},"1":{"start":{"line":31,"column":23},"end":{"line":36,"column":null}},"2":{"start":{"line":38,"column":19},"end":{"line":41,"column":null}},"3":{"start":{"line":44,"column":2},"end":{"line":44,"column":null}},"4":{"start":{"line":44,"column":37},"end":{"line":44,"column":null}},"5":{"start":{"line":45,"column":2},"end":{"line":45,"column":null}},"6":{"start":{"line":45,"column":49},"end":{"line":45,"column":null}},"7":{"start":{"line":46,"column":2},"end":{"line":46,"column":null}},"8":{"start":{"line":46,"column":51},"end":{"line":46,"column":null}},"9":{"start":{"line":47,"column":2},"end":{"line":47,"column":null}},"10":{"start":{"line":47,"column":41},"end":{"line":47,"column":null}},"11":{"start":{"line":49,"column":18},"end":{"line":53,"column":null}},"12":{"start":{"line":53,"column":13},"end":{"line":53,"column":18}},"13":{"start":{"line":55,"column":16},"end":{"line":55,"column":null}},"14":{"start":{"line":55,"column":36},"end":{"line":55,"column":52}},"15":{"start":{"line":56,"column":2},"end":{"line":56,"column":null}},"16":{"start":{"line":56,"column":13},"end":{"line":56,"column":null}},"17":{"start":{"line":58,"column":17},"end":{"line":60,"column":null}},"18":{"start":{"line":59,"column":19},"end":{"line":59,"column":34}},"19":{"start":{"line":60,"column":17},"end":{"line":60,"column":41}},"20":{"start":{"line":62,"column":2},"end":{"line":62,"column":null}},"21":{"start":{"line":66,"column":8},"end":{"line":66,"column":null}},"22":{"start":{"line":67,"column":8},"end":{"line":67,"column":null}},"23":{"start":{"line":68,"column":10},"end":{"line":68,"column":null}},"24":{"start":{"line":70,"column":18},"end":{"line":70,"column":null}},"25":{"start":{"line":72,"column":16},"end":{"line":78,"column":null}},"26":{"start":{"line":80,"column":22},"end":{"line":80,"column":null}},"27":{"start":{"line":82,"column":2},"end":{"line":89,"column":null}},"28":{"start":{"line":87,"column":28},"end":{"line":87,"column":null}}},"fnMap":{"0":{"name":"resolveSelectedKey","decl":{"start":{"line":43,"column":9},"end":{"line":43,"column":28}},"loc":{"start":{"line":43,"column":38},"end":{"line":63,"column":null}},"line":43},"1":{"name":"(anonymous_1)","decl":{"start":{"line":53,"column":4},"end":{"line":53,"column":8}},"loc":{"start":{"line":53,"column":13},"end":{"line":53,"column":18}},"line":53},"2":{"name":"(anonymous_2)","decl":{"start":{"line":55,"column":24},"end":{"line":55,"column":29}},"loc":{"start":{"line":55,"column":36},"end":{"line":55,"column":52}},"line":55},"3":{"name":"(anonymous_3)","decl":{"start":{"line":59,"column":5},"end":{"line":59,"column":12}},"loc":{"start":{"line":59,"column":19},"end":{"line":59,"column":34}},"line":59},"4":{"name":"(anonymous_4)","decl":{"start":{"line":60,"column":5},"end":{"line":60,"column":10}},"loc":{"start":{"line":60,"column":17},"end":{"line":60,"column":41}},"line":60},"5":{"name":"SideMenu","decl":{"start":{"line":65,"column":24},"end":{"line":65,"column":35}},"loc":{"start":{"line":65,"column":35},"end":{"line":91,"column":null}},"line":65},"6":{"name":"(anonymous_6)","decl":{"start":{"line":87,"column":6},"end":{"line":87,"column":16}},"loc":{"start":{"line":87,"column":28},"end":{"line":87,"column":null}},"line":87}},"branchMap":{"0":{"loc":{"start":{"line":44,"column":2},"end":{"line":44,"column":null}},"type":"if","locations":[{"start":{"line":44,"column":2},"end":{"line":44,"column":null}},{"start":{},"end":{}}],"line":44},"1":{"loc":{"start":{"line":45,"column":2},"end":{"line":45,"column":null}},"type":"if","locations":[{"start":{"line":45,"column":2},"end":{"line":45,"column":null}},{"start":{},"end":{}}],"line":45},"2":{"loc":{"start":{"line":46,"column":2},"end":{"line":46,"column":null}},"type":"if","locations":[{"start":{"line":46,"column":2},"end":{"line":46,"column":null}},{"start":{},"end":{}}],"line":46},"3":{"loc":{"start":{"line":47,"column":2},"end":{"line":47,"column":null}},"type":"if","locations":[{"start":{"line":47,"column":2},"end":{"line":47,"column":null}},{"start":{},"end":{}}],"line":47},"4":{"loc":{"start":{"line":56,"column":2},"end":{"line":56,"column":null}},"type":"if","locations":[{"start":{"line":56,"column":2},"end":{"line":56,"column":null}},{"start":{},"end":{}}],"line":56},"5":{"loc":{"start":{"line":62,"column":9},"end":{"line":62,"column":null}},"type":"binary-expr","locations":[{"start":{"line":62,"column":9},"end":{"line":62,"column":19}},{"start":{"line":62,"column":19},"end":{"line":62,"column":null}}],"line":62},"6":{"loc":{"start":{"line":75,"column":8},"end":{"line":77,"column":null}},"type":"cond-expr","locations":[{"start":{"line":76,"column":8},"end":{"line":76,"column":null}},{"start":{"line":77,"column":8},"end":{"line":77,"column":null}}],"line":75},"7":{"loc":{"start":{"line":85,"column":20},"end":{"line":85,"column":null}},"type":"cond-expr","locations":[{"start":{"line":85,"column":34},"end":{"line":85,"column":50}},{"start":{"line":85,"column":50},"end":{"line":85,"column":null}}],"line":85}},"s":{"0":1,"1":1,"2":1,"3":13,"4":0,"5":13,"6":0,"7":13,"8":0,"9":13,"10":2,"11":11,"12":154,"13":11,"14":13,"15":11,"16":11,"17":0,"18":0,"19":0,"20":0,"21":13,"22":13,"23":13,"24":13,"25":13,"26":13,"27":13,"28":1},"f":{"0":13,"1":154,"2":13,"3":0,"4":0,"5":13,"6":1},"b":{"0":[0,13],"1":[0,13],"2":[0,13],"3":[2,11],"4":[11,0],"5":[0,0],"6":[4,9],"7":[11,2]},"meta":{"lastBranch":8,"lastFunction":7,"lastStatement":29,"seen":{"s:20:25:29:Infinity":0,"s:31:23:36:Infinity":1,"s:38:19:41:Infinity":2,"f:43:9:43:28":0,"b:44:2:44:Infinity:undefined:undefined:undefined:undefined":0,"s:44:2:44:Infinity":3,"s:44:37:44:Infinity":4,"b:45:2:45:Infinity:undefined:undefined:undefined:undefined":1,"s:45:2:45:Infinity":5,"s:45:49:45:Infinity":6,"b:46:2:46:Infinity:undefined:undefined:undefined:undefined":2,"s:46:2:46:Infinity":7,"s:46:51:46:Infinity":8,"b:47:2:47:Infinity:undefined:undefined:undefined:undefined":3,"s:47:2:47:Infinity":9,"s:47:41:47:Infinity":10,"s:49:18:53:Infinity":11,"f:53:4:53:8":1,"s:53:13:53:18":12,"s:55:16:55:Infinity":13,"f:55:24:55:29":2,"s:55:36:55:52":14,"b:56:2:56:Infinity:undefined:undefined:undefined:undefined":4,"s:56:2:56:Infinity":15,"s:56:13:56:Infinity":16,"s:58:17:60:Infinity":17,"f:59:5:59:12":3,"s:59:19:59:34":18,"f:60:5:60:10":4,"s:60:17:60:41":19,"s:62:2:62:Infinity":20,"b:62:9:62:19:62:19:62:Infinity":5,"f:65:24:65:35":5,"s:66:8:66:Infinity":21,"s:67:8:67:Infinity":22,"s:68:10:68:Infinity":23,"s:70:18:70:Infinity":24,"s:72:16:78:Infinity":25,"b:76:8:76:Infinity:77:8:77:Infinity":6,"s:80:22:80:Infinity":26,"s:82:2:89:Infinity":27,"b:85:34:85:50:85:50:85:Infinity":7,"f:87:6:87:16":6,"s:87:28:87:Infinity":28},"fnNames":{}}}
,"C:\\Users\\Administrator\\Desktop\\项目\\SE26Project-16\\frontend\\src\\context\\AppContext.jsx": {"path":"C:\\Users\\Administrator\\Desktop\\项目\\SE26Project-16\\frontend\\src\\context\\AppContext.jsx","statementMap":{"0":{"start":{"line":12,"column":6},"end":{"line":12,"column":null}},"1":{"start":{"line":15,"column":22},"end":{"line":15,"column":null}},"2":{"start":{"line":16,"column":23},"end":{"line":16,"column":null}},"3":{"start":{"line":17,"column":19},"end":{"line":17,"column":null}},"4":{"start":{"line":19,"column":2},"end":{"line":33,"column":null}},"5":{"start":{"line":20,"column":4},"end":{"line":23,"column":null}},"6":{"start":{"line":21,"column":6},"end":{"line":21,"column":null}},"7":{"start":{"line":22,"column":6},"end":{"line":22,"column":null}},"8":{"start":{"line":24,"column":4},"end":{"line":30,"column":null}},"9":{"start":{"line":27,"column":8},"end":{"line":27,"column":null}},"10":{"start":{"line":28,"column":8},"end":{"line":28,"column":null}},"11":{"start":{"line":30,"column":21},"end":{"line":30,"column":43}},"12":{"start":{"line":32,"column":4},"end":{"line":32,"column":null}},"13":{"start":{"line":32,"column":55},"end":{"line":32,"column":70}},"14":{"start":{"line":35,"column":8},"end":{"line":44,"column":null}},"15":{"start":{"line":36,"column":4},"end":{"line":43,"column":null}},"16":{"start":{"line":37,"column":19},"end":{"line":37,"column":null}},"17":{"start":{"line":38,"column":6},"end":{"line":38,"column":null}},"18":{"start":{"line":39,"column":6},"end":{"line":39,"column":null}},"19":{"start":{"line":39,"column":57},"end":{"line":39,"column":72}},"20":{"start":{"line":40,"column":6},"end":{"line":40,"column":null}},"21":{"start":{"line":42,"column":6},"end":{"line":42,"column":null}},"22":{"start":{"line":46,"column":8},"end":{"line":50,"column":null}},"23":{"start":{"line":47,"column":4},"end":{"line":47,"column":null}},"24":{"start":{"line":48,"column":4},"end":{"line":48,"column":null}},"25":{"start":{"line":49,"column":4},"end":{"line":49,"column":null}},"26":{"start":{"line":52,"column":8},"end":{"line":59,"column":null}},"27":{"start":{"line":53,"column":4},"end":{"line":53,"column":null}},"28":{"start":{"line":54,"column":4},"end":{"line":54,"column":null}},"29":{"start":{"line":55,"column":17},"end":{"line":55,"column":null}},"30":{"start":{"line":56,"column":4},"end":{"line":56,"column":null}},"31":{"start":{"line":57,"column":4},"end":{"line":57,"column":null}},"32":{"start":{"line":57,"column":55},"end":{"line":57,"column":70}},"33":{"start":{"line":58,"column":4},"end":{"line":58,"column":null}},"34":{"start":{"line":61,"column":8},"end":{"line":63,"column":null}},"35":{"start":{"line":62,"column":4},"end":{"line":62,"column":null}},"36":{"start":{"line":65,"column":8},"end":{"line":73,"column":null}},"37":{"start":{"line":66,"column":4},"end":{"line":72,"column":null}},"38":{"start":{"line":67,"column":21},"end":{"line":67,"column":null}},"39":{"start":{"line":68,"column":6},"end":{"line":68,"column":null}},"40":{"start":{"line":69,"column":6},"end":{"line":69,"column":null}},"41":{"start":{"line":71,"column":6},"end":{"line":71,"column":null}},"42":{"start":{"line":75,"column":8},"end":{"line":79,"column":null}},"43":{"start":{"line":76,"column":17},"end":{"line":76,"column":null}},"44":{"start":{"line":77,"column":4},"end":{"line":77,"column":null}},"45":{"start":{"line":78,"column":4},"end":{"line":78,"column":null}},"46":{"start":{"line":81,"column":8},"end":{"line":84,"column":null}},"47":{"start":{"line":82,"column":20},"end":{"line":82,"column":null}},"48":{"start":{"line":83,"column":4},"end":{"line":83,"column":null}},"49":{"start":{"line":86,"column":8},"end":{"line":88,"column":null}},"50":{"start":{"line":87,"column":4},"end":{"line":87,"column":null}},"51":{"start":{"line":90,"column":8},"end":{"line":98,"column":null}},"52":{"start":{"line":91,"column":4},"end":{"line":91,"column":null}},"53":{"start":{"line":91,"column":22},"end":{"line":91,"column":null}},"54":{"start":{"line":92,"column":4},"end":{"line":97,"column":null}},"55":{"start":{"line":93,"column":6},"end":{"line":93,"column":null}},"56":{"start":{"line":94,"column":6},"end":{"line":94,"column":null}},"57":{"start":{"line":96,"column":6},"end":{"line":96,"column":null}},"58":{"start":{"line":100,"column":8},"end":{"line":108,"column":null}},"59":{"start":{"line":101,"column":4},"end":{"line":101,"column":null}},"60":{"start":{"line":101,"column":22},"end":{"line":101,"column":null}},"61":{"start":{"line":102,"column":4},"end":{"line":107,"column":null}},"62":{"start":{"line":103,"column":21},"end":{"line":103,"column":null}},"63":{"start":{"line":104,"column":6},"end":{"line":104,"column":null}},"64":{"start":{"line":106,"column":6},"end":{"line":106,"column":null}},"65":{"start":{"line":110,"column":8},"end":{"line":112,"column":null}},"66":{"start":{"line":111,"column":4},"end":{"line":111,"column":null}},"67":{"start":{"line":114,"column":8},"end":{"line":135,"column":null}},"68":{"start":{"line":115,"column":4},"end":{"line":115,"column":null}},"69":{"start":{"line":115,"column":22},"end":{"line":115,"column":null}},"70":{"start":{"line":116,"column":4},"end":{"line":134,"column":null}},"71":{"start":{"line":117,"column":6},"end":{"line":129,"column":null}},"72":{"start":{"line":118,"column":8},"end":{"line":118,"column":null}},"73":{"start":{"line":119,"column":13},"end":{"line":129,"column":null}},"74":{"start":{"line":120,"column":8},"end":{"line":124,"column":null}},"75":{"start":{"line":125,"column":13},"end":{"line":129,"column":null}},"76":{"start":{"line":126,"column":8},"end":{"line":126,"column":null}},"77":{"start":{"line":128,"column":8},"end":{"line":128,"column":null}},"78":{"start":{"line":130,"column":6},"end":{"line":130,"column":null}},"79":{"start":{"line":131,"column":6},"end":{"line":131,"column":null}},"80":{"start":{"line":133,"column":6},"end":{"line":133,"column":null}},"81":{"start":{"line":137,"column":8},"end":{"line":145,"column":null}},"82":{"start":{"line":138,"column":4},"end":{"line":138,"column":null}},"83":{"start":{"line":138,"column":22},"end":{"line":138,"column":null}},"84":{"start":{"line":139,"column":4},"end":{"line":144,"column":null}},"85":{"start":{"line":140,"column":6},"end":{"line":140,"column":null}},"86":{"start":{"line":141,"column":6},"end":{"line":141,"column":null}},"87":{"start":{"line":143,"column":6},"end":{"line":143,"column":null}},"88":{"start":{"line":147,"column":8},"end":{"line":149,"column":null}},"89":{"start":{"line":148,"column":4},"end":{"line":148,"column":null}},"90":{"start":{"line":151,"column":8},"end":{"line":153,"column":null}},"91":{"start":{"line":152,"column":4},"end":{"line":152,"column":null}},"92":{"start":{"line":155,"column":8},"end":{"line":179,"column":null}},"93":{"start":{"line":155,"column":31},"end":{"line":174,"column":6}},"94":{"start":{"line":181,"column":2},"end":{"line":184,"column":null}},"95":{"start":{"line":189,"column":8},"end":{"line":189,"column":null}},"96":{"start":{"line":190,"column":2},"end":{"line":190,"column":null}},"97":{"start":{"line":190,"column":12},"end":{"line":190,"column":null}},"98":{"start":{"line":191,"column":2},"end":{"line":191,"column":null}}},"fnMap":{"0":{"name":"AppProvider","decl":{"start":{"line":14,"column":16},"end":{"line":14,"column":28}},"loc":{"start":{"line":14,"column":42},"end":{"line":186,"column":null}},"line":14},"1":{"name":"(anonymous_1)","decl":{"start":{"line":19,"column":2},"end":{"line":19,"column":18}},"loc":{"start":{"line":19,"column":18},"end":{"line":33,"column":5}},"line":19},"2":{"name":"(anonymous_2)","decl":{"start":{"line":26,"column":7},"end":{"line":26,"column":19}},"loc":{"start":{"line":26,"column":19},"end":{"line":29,"column":7}},"line":26},"3":{"name":"(anonymous_3)","decl":{"start":{"line":30,"column":7},"end":{"line":30,"column":21}},"loc":{"start":{"line":30,"column":21},"end":{"line":30,"column":43}},"line":30},"4":{"name":"(anonymous_4)","decl":{"start":{"line":32,"column":43},"end":{"line":32,"column":55}},"loc":{"start":{"line":32,"column":55},"end":{"line":32,"column":70}},"line":32},"5":{"name":"(anonymous_5)","decl":{"start":{"line":35,"column":28},"end":{"line":35,"column":35}},"loc":{"start":{"line":35,"column":56},"end":{"line":44,"column":5}},"line":35},"6":{"name":"(anonymous_6)","decl":{"start":{"line":39,"column":45},"end":{"line":39,"column":57}},"loc":{"start":{"line":39,"column":57},"end":{"line":39,"column":72}},"line":39},"7":{"name":"(anonymous_7)","decl":{"start":{"line":46,"column":17},"end":{"line":46,"column":35}},"loc":{"start":{"line":46,"column":35},"end":{"line":50,"column":5}},"line":46},"8":{"name":"(anonymous_8)","decl":{"start":{"line":52,"column":44},"end":{"line":52,"column":51}},"loc":{"start":{"line":52,"column":61},"end":{"line":59,"column":5}},"line":52},"9":{"name":"(anonymous_9)","decl":{"start":{"line":57,"column":43},"end":{"line":57,"column":55}},"loc":{"start":{"line":57,"column":55},"end":{"line":57,"column":70}},"line":57},"10":{"name":"(anonymous_10)","decl":{"start":{"line":61,"column":28},"end":{"line":61,"column":46}},"loc":{"start":{"line":61,"column":46},"end":{"line":63,"column":5}},"line":61},"11":{"name":"(anonymous_11)","decl":{"start":{"line":65,"column":31},"end":{"line":65,"column":38}},"loc":{"start":{"line":65,"column":47},"end":{"line":73,"column":5}},"line":65},"12":{"name":"(anonymous_12)","decl":{"start":{"line":75,"column":36},"end":{"line":75,"column":43}},"loc":{"start":{"line":75,"column":55},"end":{"line":79,"column":5}},"line":75},"13":{"name":"(anonymous_13)","decl":{"start":{"line":81,"column":37},"end":{"line":81,"column":44}},"loc":{"start":{"line":81,"column":57},"end":{"line":84,"column":5}},"line":81},"14":{"name":"(anonymous_14)","decl":{"start":{"line":86,"column":37},"end":{"line":86,"column":44}},"loc":{"start":{"line":86,"column":60},"end":{"line":88,"column":5}},"line":86},"15":{"name":"(anonymous_15)","decl":{"start":{"line":90,"column":37},"end":{"line":90,"column":44}},"loc":{"start":{"line":90,"column":59},"end":{"line":98,"column":5}},"line":90},"16":{"name":"(anonymous_16)","decl":{"start":{"line":100,"column":37},"end":{"line":100,"column":44}},"loc":{"start":{"line":100,"column":59},"end":{"line":108,"column":5}},"line":100},"17":{"name":"(anonymous_17)","decl":{"start":{"line":110,"column":35},"end":{"line":110,"column":42}},"loc":{"start":{"line":110,"column":65},"end":{"line":112,"column":5}},"line":110},"18":{"name":"(anonymous_18)","decl":{"start":{"line":114,"column":30},"end":{"line":114,"column":37}},"loc":{"start":{"line":114,"column":74},"end":{"line":135,"column":5}},"line":114},"19":{"name":"(anonymous_19)","decl":{"start":{"line":137,"column":37},"end":{"line":137,"column":44}},"loc":{"start":{"line":137,"column":80},"end":{"line":145,"column":5}},"line":137},"20":{"name":"(anonymous_20)","decl":{"start":{"line":147,"column":36},"end":{"line":147,"column":43}},"loc":{"start":{"line":147,"column":66},"end":{"line":149,"column":5}},"line":147},"21":{"name":"(anonymous_21)","decl":{"start":{"line":151,"column":47},"end":{"line":151,"column":59}},"loc":{"start":{"line":151,"column":59},"end":{"line":153,"column":5}},"line":151},"22":{"name":"(anonymous_22)","decl":{"start":{"line":155,"column":16},"end":{"line":155,"column":31}},"loc":{"start":{"line":155,"column":31},"end":{"line":174,"column":6}},"line":155},"23":{"name":"useApp","decl":{"start":{"line":188,"column":16},"end":{"line":188,"column":25}},"loc":{"start":{"line":188,"column":25},"end":{"line":192,"column":null}},"line":188}},"branchMap":{"0":{"loc":{"start":{"line":20,"column":4},"end":{"line":23,"column":null}},"type":"if","locations":[{"start":{"line":20,"column":4},"end":{"line":23,"column":null}},{"start":{},"end":{}}],"line":20},"1":{"loc":{"start":{"line":91,"column":4},"end":{"line":91,"column":null}},"type":"if","locations":[{"start":{"line":91,"column":4},"end":{"line":91,"column":null}},{"start":{},"end":{}}],"line":91},"2":{"loc":{"start":{"line":101,"column":4},"end":{"line":101,"column":null}},"type":"if","locations":[{"start":{"line":101,"column":4},"end":{"line":101,"column":null}},{"start":{},"end":{}}],"line":101},"3":{"loc":{"start":{"line":114,"column":57},"end":{"line":114,"column":74}},"type":"default-arg","locations":[{"start":{"line":114,"column":67},"end":{"line":114,"column":74}}],"line":114},"4":{"loc":{"start":{"line":115,"column":4},"end":{"line":115,"column":null}},"type":"if","locations":[{"start":{"line":115,"column":4},"end":{"line":115,"column":null}},{"start":{},"end":{}}],"line":115},"5":{"loc":{"start":{"line":117,"column":6},"end":{"line":129,"column":null}},"type":"if","locations":[{"start":{"line":117,"column":6},"end":{"line":129,"column":null}},{"start":{"line":119,"column":13},"end":{"line":129,"column":null}}],"line":117},"6":{"loc":{"start":{"line":119,"column":13},"end":{"line":129,"column":null}},"type":"if","locations":[{"start":{"line":119,"column":13},"end":{"line":129,"column":null}},{"start":{"line":125,"column":13},"end":{"line":129,"column":null}}],"line":119},"7":{"loc":{"start":{"line":125,"column":13},"end":{"line":129,"column":null}},"type":"if","locations":[{"start":{"line":125,"column":13},"end":{"line":129,"column":null}},{"start":{"line":127,"column":13},"end":{"line":129,"column":null}}],"line":125},"8":{"loc":{"start":{"line":138,"column":4},"end":{"line":138,"column":null}},"type":"if","locations":[{"start":{"line":138,"column":4},"end":{"line":138,"column":null}},{"start":{},"end":{}}],"line":138},"9":{"loc":{"start":{"line":190,"column":2},"end":{"line":190,"column":null}},"type":"if","locations":[{"start":{"line":190,"column":2},"end":{"line":190,"column":null}},{"start":{},"end":{}}],"line":190}},"s":{"0":5,"1":61,"2":61,"3":61,"4":61,"5":32,"6":20,"7":20,"8":12,"9":1,"10":1,"11":11,"12":12,"13":10,"14":61,"15":11,"16":11,"17":10,"18":10,"19":0,"20":10,"21":1,"22":61,"23":1,"24":1,"25":1,"26":61,"27":1,"28":1,"29":1,"30":1,"31":1,"32":0,"33":1,"34":61,"35":1,"36":61,"37":2,"38":2,"39":1,"40":1,"41":1,"42":61,"43":1,"44":1,"45":1,"46":61,"47":1,"48":1,"49":61,"50":1,"51":61,"52":3,"53":1,"54":2,"55":2,"56":1,"57":1,"58":61,"59":3,"60":1,"61":2,"62":2,"63":1,"64":1,"65":61,"66":1,"67":61,"68":6,"69":1,"70":5,"71":5,"72":2,"73":3,"74":1,"75":2,"76":1,"77":1,"78":3,"79":3,"80":1,"81":61,"82":3,"83":1,"84":2,"85":2,"86":1,"87":1,"88":61,"89":1,"90":61,"91":1,"92":61,"93":59,"94":61,"95":58,"96":58,"97":0,"98":58},"f":{"0":61,"1":32,"2":1,"3":11,"4":10,"5":11,"6":0,"7":1,"8":1,"9":0,"10":1,"11":2,"12":1,"13":1,"14":1,"15":3,"16":3,"17":1,"18":6,"19":3,"20":1,"21":1,"22":59,"23":58},"b":{"0":[20,12],"1":[1,2],"2":[1,2],"3":[6],"4":[1,5],"5":[2,3],"6":[1,2],"7":[1,1],"8":[1,2],"9":[0,58]},"meta":{"lastBranch":10,"lastFunction":24,"lastStatement":99,"seen":{"s:12:6:12:Infinity":0,"f:14:16:14:28":0,"s:15:22:15:Infinity":1,"s:16:23:16:Infinity":2,"s:17:19:17:Infinity":3,"s:19:2:33:Infinity":4,"f:19:2:19:18":1,"b:20:4:23:Infinity:undefined:undefined:undefined:undefined":0,"s:20:4:23:Infinity":5,"s:21:6:21:Infinity":6,"s:22:6:22:Infinity":7,"s:24:4:30:Infinity":8,"f:26:7:26:19":2,"s:27:8:27:Infinity":9,"s:28:8:28:Infinity":10,"f:30:7:30:21":3,"s:30:21:30:43":11,"s:32:4:32:Infinity":12,"f:32:43:32:55":4,"s:32:55:32:70":13,"s:35:8:44:Infinity":14,"f:35:28:35:35":5,"s:36:4:43:Infinity":15,"s:37:19:37:Infinity":16,"s:38:6:38:Infinity":17,"s:39:6:39:Infinity":18,"f:39:45:39:57":6,"s:39:57:39:72":19,"s:40:6:40:Infinity":20,"s:42:6:42:Infinity":21,"s:46:8:50:Infinity":22,"f:46:17:46:35":7,"s:47:4:47:Infinity":23,"s:48:4:48:Infinity":24,"s:49:4:49:Infinity":25,"s:52:8:59:Infinity":26,"f:52:44:52:51":8,"s:53:4:53:Infinity":27,"s:54:4:54:Infinity":28,"s:55:17:55:Infinity":29,"s:56:4:56:Infinity":30,"s:57:4:57:Infinity":31,"f:57:43:57:55":9,"s:57:55:57:70":32,"s:58:4:58:Infinity":33,"s:61:8:63:Infinity":34,"f:61:28:61:46":10,"s:62:4:62:Infinity":35,"s:65:8:73:Infinity":36,"f:65:31:65:38":11,"s:66:4:72:Infinity":37,"s:67:21:67:Infinity":38,"s:68:6:68:Infinity":39,"s:69:6:69:Infinity":40,"s:71:6:71:Infinity":41,"s:75:8:79:Infinity":42,"f:75:36:75:43":12,"s:76:17:76:Infinity":43,"s:77:4:77:Infinity":44,"s:78:4:78:Infinity":45,"s:81:8:84:Infinity":46,"f:81:37:81:44":13,"s:82:20:82:Infinity":47,"s:83:4:83:Infinity":48,"s:86:8:88:Infinity":49,"f:86:37:86:44":14,"s:87:4:87:Infinity":50,"s:90:8:98:Infinity":51,"f:90:37:90:44":15,"b:91:4:91:Infinity:undefined:undefined:undefined:undefined":1,"s:91:4:91:Infinity":52,"s:91:22:91:Infinity":53,"s:92:4:97:Infinity":54,"s:93:6:93:Infinity":55,"s:94:6:94:Infinity":56,"s:96:6:96:Infinity":57,"s:100:8:108:Infinity":58,"f:100:37:100:44":16,"b:101:4:101:Infinity:undefined:undefined:undefined:undefined":2,"s:101:4:101:Infinity":59,"s:101:22:101:Infinity":60,"s:102:4:107:Infinity":61,"s:103:21:103:Infinity":62,"s:104:6:104:Infinity":63,"s:106:6:106:Infinity":64,"s:110:8:112:Infinity":65,"f:110:35:110:42":17,"s:111:4:111:Infinity":66,"s:114:8:135:Infinity":67,"f:114:30:114:37":18,"b:114:67:114:74":3,"b:115:4:115:Infinity:undefined:undefined:undefined:undefined":4,"s:115:4:115:Infinity":68,"s:115:22:115:Infinity":69,"s:116:4:134:Infinity":70,"b:117:6:129:Infinity:119:13:129:Infinity":5,"s:117:6:129:Infinity":71,"s:118:8:118:Infinity":72,"b:119:13:129:Infinity:125:13:129:Infinity":6,"s:119:13:129:Infinity":73,"s:120:8:124:Infinity":74,"b:125:13:129:Infinity:127:13:129:Infinity":7,"s:125:13:129:Infinity":75,"s:126:8:126:Infinity":76,"s:128:8:128:Infinity":77,"s:130:6:130:Infinity":78,"s:131:6:131:Infinity":79,"s:133:6:133:Infinity":80,"s:137:8:145:Infinity":81,"f:137:37:137:44":19,"b:138:4:138:Infinity:undefined:undefined:undefined:undefined":8,"s:138:4:138:Infinity":82,"s:138:22:138:Infinity":83,"s:139:4:144:Infinity":84,"s:140:6:140:Infinity":85,"s:141:6:141:Infinity":86,"s:143:6:143:Infinity":87,"s:147:8:149:Infinity":88,"f:147:36:147:43":20,"s:148:4:148:Infinity":89,"s:151:8:153:Infinity":90,"f:151:47:151:59":21,"s:152:4:152:Infinity":91,"s:155:8:179:Infinity":92,"f:155:16:155:31":22,"s:155:31:174:6":93,"s:181:2:184:Infinity":94,"f:188:16:188:25":23,"s:189:8:189:Infinity":95,"b:190:2:190:Infinity:undefined:undefined:undefined:undefined":9,"s:190:2:190:Infinity":96,"s:190:12:190:Infinity":97,"s:191:2:191:Infinity":98},"fnNames":{}}}
,"C:\\Users\\Administrator\\Desktop\\项目\\SE26Project-16\\frontend\\src\\data\\mockData.js": {"path":"C:\\Users\\Administrator\\Desktop\\项目\\SE26Project-16\\frontend\\src\\data\\mockData.js","statementMap":{"0":{"start":{"line":1,"column":35},"end":{"line":8,"column":null}},"1":{"start":{"line":10,"column":24},"end":{"line":17,"column":null}},"2":{"start":{"line":19,"column":29},"end":{"line":22,"column":null}},"3":{"start":{"line":24,"column":28},"end":{"line":69,"column":null}},"4":{"start":{"line":71,"column":33},"end":{"line":218,"column":null}},"5":{"start":{"line":220,"column":30},"end":{"line":232,"column":null}},"6":{"start":{"line":234,"column":32},"end":{"line":238,"column":null}},"7":{"start":{"line":240,"column":32},"end":{"line":268,"column":null}},"8":{"start":{"line":270,"column":31},"end":{"line":277,"column":null}},"9":{"start":{"line":279,"column":38},"end":{"line":284,"column":null}},"10":{"start":{"line":286,"column":36},"end":{"line":291,"column":null}},"11":{"start":{"line":293,"column":40},"end":{"line":337,"column":null}},"12":{"start":{"line":340,"column":2},"end":{"line":340,"column":null}},"13":{"start":{"line":340,"column":39},"end":{"line":340,"column":56}},"14":{"start":{"line":344,"column":2},"end":{"line":344,"column":null}},"15":{"start":{"line":344,"column":18},"end":{"line":344,"column":null}},"16":{"start":{"line":345,"column":12},"end":{"line":345,"column":null}},"17":{"start":{"line":346,"column":2},"end":{"line":352,"column":null}},"18":{"start":{"line":356,"column":2},"end":{"line":356,"column":null}}},"fnMap":{"0":{"name":"getCategoryLabel","decl":{"start":{"line":339,"column":16},"end":{"line":339,"column":33}},"loc":{"start":{"line":339,"column":40},"end":{"line":341,"column":null}},"line":339},"1":{"name":"(anonymous_1)","decl":{"start":{"line":340,"column":29},"end":{"line":340,"column":34}},"loc":{"start":{"line":340,"column":39},"end":{"line":340,"column":56}},"line":340},"2":{"name":"formatDateTime","decl":{"start":{"line":343,"column":16},"end":{"line":343,"column":31}},"loc":{"start":{"line":343,"column":42},"end":{"line":353,"column":null}},"line":343},"3":{"name":"formatDateRange","decl":{"start":{"line":355,"column":16},"end":{"line":355,"column":32}},"loc":{"start":{"line":355,"column":44},"end":{"line":357,"column":null}},"line":355}},"branchMap":{"0":{"loc":{"start":{"line":340,"column":9},"end":{"line":340,"column":null}},"type":"binary-expr","locations":[{"start":{"line":340,"column":9},"end":{"line":340,"column":68}},{"start":{"line":340,"column":68},"end":{"line":340,"column":null}}],"line":340},"1":{"loc":{"start":{"line":344,"column":2},"end":{"line":344,"column":null}},"type":"if","locations":[{"start":{"line":344,"column":2},"end":{"line":344,"column":null}},{"start":{},"end":{}}],"line":344}},"s":{"0":7,"1":7,"2":7,"3":7,"4":7,"5":7,"6":7,"7":7,"8":7,"9":7,"10":7,"11":7,"12":78,"13":195,"14":76,"15":4,"16":72,"17":72,"18":10},"f":{"0":78,"1":195,"2":76,"3":10},"b":{"0":[78,21],"1":[4,72]},"meta":{"lastBranch":2,"lastFunction":4,"lastStatement":19,"seen":{"s:1:35:8:Infinity":0,"s:10:24:17:Infinity":1,"s:19:29:22:Infinity":2,"s:24:28:69:Infinity":3,"s:71:33:218:Infinity":4,"s:220:30:232:Infinity":5,"s:234:32:238:Infinity":6,"s:240:32:268:Infinity":7,"s:270:31:277:Infinity":8,"s:279:38:284:Infinity":9,"s:286:36:291:Infinity":10,"s:293:40:337:Infinity":11,"f:339:16:339:33":0,"s:340:2:340:Infinity":12,"b:340:9:340:68:340:68:340:Infinity":0,"f:340:29:340:34":1,"s:340:39:340:56":13,"f:343:16:343:31":2,"b:344:2:344:Infinity:undefined:undefined:undefined:undefined":1,"s:344:2:344:Infinity":14,"s:344:18:344:Infinity":15,"s:345:12:345:Infinity":16,"s:346:2:352:Infinity":17,"f:355:16:355:32":3,"s:356:2:356:Infinity":18},"fnNames":{}}}
,"C:\\Users\\Administrator\\Desktop\\项目\\SE26Project-16\\frontend\\src\\layouts\\MainLayout.jsx": {"path":"C:\\Users\\Administrator\\Desktop\\项目\\SE26Project-16\\frontend\\src\\layouts\\MainLayout.jsx","statementMap":{"0":{"start":{"line":12,"column":35},"end":{"line":12,"column":null}},"1":{"start":{"line":15,"column":8},"end":{"line":15,"column":null}},"2":{"start":{"line":16,"column":31},"end":{"line":16,"column":null}},"3":{"start":{"line":18,"column":20},"end":{"line":39,"column":null}},"4":{"start":{"line":23,"column":21},"end":{"line":23,"column":null}},"5":{"start":{"line":30,"column":37},"end":{"line":30,"column":null}},"6":{"start":{"line":31,"column":8},"end":{"line":31,"column":null}},"7":{"start":{"line":32,"column":8},"end":{"line":36,"column":null}},"8":{"start":{"line":33,"column":10},"end":{"line":33,"column":null}},"9":{"start":{"line":35,"column":10},"end":{"line":35,"column":null}},"10":{"start":{"line":41,"column":2},"end":{"line":78,"column":null}}},"fnMap":{"0":{"name":"MainLayout","decl":{"start":{"line":14,"column":24},"end":{"line":14,"column":35}},"loc":{"start":{"line":14,"column":56},"end":{"line":80,"column":null}},"line":14},"1":{"name":"(anonymous_1)","decl":{"start":{"line":23,"column":6},"end":{"line":23,"column":21}},"loc":{"start":{"line":23,"column":21},"end":{"line":23,"column":null}},"line":23},"2":{"name":"(anonymous_2)","decl":{"start":{"line":29,"column":6},"end":{"line":29,"column":21}},"loc":{"start":{"line":29,"column":21},"end":{"line":37,"column":null}},"line":29}},"branchMap":{"0":{"loc":{"start":{"line":32,"column":8},"end":{"line":36,"column":null}},"type":"if","locations":[{"start":{"line":32,"column":8},"end":{"line":36,"column":null}},{"start":{"line":34,"column":15},"end":{"line":36,"column":null}}],"line":32},"1":{"loc":{"start":{"line":58,"column":13},"end":{"line":58,"column":null}},"type":"binary-expr","locations":[{"start":{"line":58,"column":13},"end":{"line":58,"column":22}},{"start":{"line":58,"column":22},"end":{"line":58,"column":null}}],"line":58}},"s":{"0":1,"1":4,"2":4,"3":4,"4":1,"5":2,"6":2,"7":2,"8":1,"9":1,"10":4},"f":{"0":4,"1":1,"2":2},"b":{"0":[1,1],"1":[4,3]},"meta":{"lastBranch":2,"lastFunction":3,"lastStatement":11,"seen":{"s:12:35:12:Infinity":0,"f:14:24:14:35":0,"s:15:8:15:Infinity":1,"s:16:31:16:Infinity":2,"s:18:20:39:Infinity":3,"f:23:6:23:21":1,"s:23:21:23:Infinity":4,"f:29:6:29:21":2,"s:30:37:30:Infinity":5,"s:31:8:31:Infinity":6,"b:32:8:36:Infinity:34:15:36:Infinity":0,"s:32:8:36:Infinity":7,"s:33:10:33:Infinity":8,"s:35:10:35:Infinity":9,"s:41:2:78:Infinity":10,"b:58:13:58:22:58:22:58:Infinity":1},"fnNames":{}}}
,"C:\\Users\\Administrator\\Desktop\\项目\\SE26Project-16\\frontend\\src\\pages\\ActivityDetail.jsx": {"path":"C:\\Users\\Administrator\\Desktop\\项目\\SE26Project-16\\frontend\\src\\pages\\ActivityDetail.jsx","statementMap":{"0":{"start":{"line":23,"column":35},"end":{"line":23,"column":null}},"1":{"start":{"line":25,"column":19},"end":{"line":29,"column":null}},"2":{"start":{"line":32,"column":10},"end":{"line":32,"column":null}},"3":{"start":{"line":33,"column":8},"end":{"line":33,"column":null}},"4":{"start":{"line":34,"column":26},"end":{"line":34,"column":null}},"5":{"start":{"line":36,"column":19},"end":{"line":36,"column":null}},"6":{"start":{"line":37,"column":23},"end":{"line":37,"column":null}},"7":{"start":{"line":38,"column":20},"end":{"line":38,"column":null}},"8":{"start":{"line":39,"column":20},"end":{"line":39,"column":null}},"9":{"start":{"line":40,"column":18},"end":{"line":40,"column":null}},"10":{"start":{"line":41,"column":16},"end":{"line":41,"column":null}},"11":{"start":{"line":42,"column":24},"end":{"line":42,"column":null}},"12":{"start":{"line":44,"column":8},"end":{"line":63,"column":null}},"13":{"start":{"line":45,"column":4},"end":{"line":45,"column":null}},"14":{"start":{"line":46,"column":4},"end":{"line":46,"column":null}},"15":{"start":{"line":47,"column":4},"end":{"line":62,"column":null}},"16":{"start":{"line":48,"column":37},"end":{"line":53,"column":null}},"17":{"start":{"line":50,"column":40},"end":{"line":50,"column":44}},"18":{"start":{"line":51,"column":43},"end":{"line":51,"column":64}},"19":{"start":{"line":52,"column":48},"end":{"line":52,"column":50}},"20":{"start":{"line":54,"column":6},"end":{"line":54,"column":null}},"21":{"start":{"line":55,"column":6},"end":{"line":55,"column":null}},"22":{"start":{"line":56,"column":6},"end":{"line":56,"column":null}},"23":{"start":{"line":57,"column":6},"end":{"line":57,"column":null}},"24":{"start":{"line":59,"column":6},"end":{"line":59,"column":null}},"25":{"start":{"line":61,"column":6},"end":{"line":61,"column":null}},"26":{"start":{"line":65,"column":2},"end":{"line":67,"column":null}},"27":{"start":{"line":66,"column":4},"end":{"line":66,"column":null}},"28":{"start":{"line":69,"column":23},"end":{"line":83,"column":null}},"29":{"start":{"line":70,"column":4},"end":{"line":70,"column":null}},"30":{"start":{"line":71,"column":4},"end":{"line":82,"column":null}},"31":{"start":{"line":72,"column":21},"end":{"line":72,"column":null}},"32":{"start":{"line":73,"column":6},"end":{"line":73,"column":null}},"33":{"start":{"line":74,"column":6},"end":{"line":79,"column":null}},"34":{"start":{"line":75,"column":23},"end":{"line":75,"column":null}},"35":{"start":{"line":76,"column":8},"end":{"line":76,"column":null}},"36":{"start":{"line":77,"column":20},"end":{"line":77,"column":null}},"37":{"start":{"line":78,"column":8},"end":{"line":78,"column":null}},"38":{"start":{"line":81,"column":6},"end":{"line":81,"column":null}},"39":{"start":{"line":85,"column":25},"end":{"line":100,"column":null}},"40":{"start":{"line":86,"column":4},"end":{"line":86,"column":null}},"41":{"start":{"line":87,"column":4},"end":{"line":99,"column":null}},"42":{"start":{"line":88,"column":21},"end":{"line":88,"column":null}},"43":{"start":{"line":89,"column":6},"end":{"line":96,"column":null}},"44":{"start":{"line":90,"column":8},"end":{"line":90,"column":null}},"45":{"start":{"line":91,"column":8},"end":{"line":91,"column":null}},"46":{"start":{"line":92,"column":20},"end":{"line":92,"column":null}},"47":{"start":{"line":93,"column":8},"end":{"line":93,"column":null}},"48":{"start":{"line":95,"column":8},"end":{"line":95,"column":null}},"49":{"start":{"line":98,"column":6},"end":{"line":98,"column":null}},"50":{"start":{"line":102,"column":2},"end":{"line":110,"column":null}},"51":{"start":{"line":103,"column":4},"end":{"line":108,"column":null}},"52":{"start":{"line":112,"column":2},"end":{"line":126,"column":null}},"53":{"start":{"line":113,"column":4},"end":{"line":124,"column":null}},"54":{"start":{"line":128,"column":2},"end":{"line":251,"column":null}},"55":{"start":{"line":147,"column":18},"end":{"line":147,"column":null}},"56":{"start":{"line":198,"column":54},"end":{"line":198,"column":76}},"57":{"start":{"line":203,"column":54},"end":{"line":203,"column":77}},"58":{"start":{"line":218,"column":22},"end":{"line":220,"column":null}},"59":{"start":{"line":235,"column":18},"end":{"line":244,"column":null}}},"fnMap":{"0":{"name":"ActivityDetail","decl":{"start":{"line":31,"column":24},"end":{"line":31,"column":41}},"loc":{"start":{"line":31,"column":41},"end":{"line":253,"column":null}},"line":31},"1":{"name":"(anonymous_1)","decl":{"start":{"line":44,"column":31},"end":{"line":44,"column":43}},"loc":{"start":{"line":44,"column":43},"end":{"line":63,"column":5}},"line":44},"2":{"name":"(anonymous_2)","decl":{"start":{"line":50,"column":28},"end":{"line":50,"column":40}},"loc":{"start":{"line":50,"column":40},"end":{"line":50,"column":44}},"line":50},"3":{"name":"(anonymous_3)","decl":{"start":{"line":51,"column":30},"end":{"line":51,"column":43}},"loc":{"start":{"line":51,"column":43},"end":{"line":51,"column":64}},"line":51},"4":{"name":"(anonymous_4)","decl":{"start":{"line":52,"column":36},"end":{"line":52,"column":48}},"loc":{"start":{"line":52,"column":48},"end":{"line":52,"column":50}},"line":52},"5":{"name":"(anonymous_5)","decl":{"start":{"line":65,"column":2},"end":{"line":65,"column":18}},"loc":{"start":{"line":65,"column":18},"end":{"line":67,"column":5}},"line":65},"6":{"name":"(anonymous_6)","decl":{"start":{"line":69,"column":23},"end":{"line":69,"column":35}},"loc":{"start":{"line":69,"column":35},"end":{"line":83,"column":null}},"line":69},"7":{"name":"(anonymous_7)","decl":{"start":{"line":85,"column":25},"end":{"line":85,"column":37}},"loc":{"start":{"line":85,"column":37},"end":{"line":100,"column":null}},"line":85},"8":{"name":"(anonymous_8)","decl":{"start":{"line":146,"column":39},"end":{"line":146,"column":43}},"loc":{"start":{"line":147,"column":18},"end":{"line":147,"column":null}},"line":147},"9":{"name":"(anonymous_9)","decl":{"start":{"line":198,"column":39},"end":{"line":198,"column":54}},"loc":{"start":{"line":198,"column":54},"end":{"line":198,"column":76}},"line":198},"10":{"name":"(anonymous_10)","decl":{"start":{"line":203,"column":39},"end":{"line":203,"column":54}},"loc":{"start":{"line":203,"column":54},"end":{"line":203,"column":77}},"line":203},"11":{"name":"(anonymous_11)","decl":{"start":{"line":217,"column":44},"end":{"line":217,"column":49}},"loc":{"start":{"line":218,"column":22},"end":{"line":220,"column":null}},"line":218},"12":{"name":"(anonymous_12)","decl":{"start":{"line":234,"column":26},"end":{"line":234,"column":30}},"loc":{"start":{"line":235,"column":18},"end":{"line":244,"column":null}},"line":235}},"branchMap":{"0":{"loc":{"start":{"line":73,"column":6},"end":{"line":73,"column":null}},"type":"cond-expr","locations":[{"start":{"line":73,"column":23},"end":{"line":73,"column":57}},{"start":{"line":73,"column":57},"end":{"line":73,"column":null}}],"line":73},"1":{"loc":{"start":{"line":74,"column":6},"end":{"line":79,"column":null}},"type":"if","locations":[{"start":{"line":74,"column":6},"end":{"line":79,"column":null}},{"start":{},"end":{}}],"line":74},"2":{"loc":{"start":{"line":89,"column":6},"end":{"line":96,"column":null}},"type":"if","locations":[{"start":{"line":89,"column":6},"end":{"line":96,"column":null}},{"start":{"line":94,"column":13},"end":{"line":96,"column":null}}],"line":89},"3":{"loc":{"start":{"line":90,"column":24},"end":{"line":90,"column":58}},"type":"cond-expr","locations":[{"start":{"line":90,"column":43},"end":{"line":90,"column":51}},{"start":{"line":90,"column":51},"end":{"line":90,"column":58}}],"line":90},"4":{"loc":{"start":{"line":102,"column":2},"end":{"line":110,"column":null}},"type":"if","locations":[{"start":{"line":102,"column":2},"end":{"line":110,"column":null}},{"start":{},"end":{}}],"line":102},"5":{"loc":{"start":{"line":112,"column":2},"end":{"line":126,"column":null}},"type":"if","locations":[{"start":{"line":112,"column":2},"end":{"line":126,"column":null}},{"start":{},"end":{}}],"line":112},"6":{"loc":{"start":{"line":112,"column":6},"end":{"line":112,"column":26}},"type":"binary-expr","locations":[{"start":{"line":112,"column":6},"end":{"line":112,"column":15}},{"start":{"line":112,"column":15},"end":{"line":112,"column":26}}],"line":112},"7":{"loc":{"start":{"line":116,"column":11},"end":{"line":121,"column":null}},"type":"cond-expr","locations":[{"start":{"line":117,"column":12},"end":{"line":121,"column":13}},{"start":{"line":121,"column":12},"end":{"line":121,"column":null}}],"line":116},"8":{"loc":{"start":{"line":134,"column":15},"end":{"line":139,"column":null}},"type":"binary-expr","locations":[{"start":{"line":134,"column":15},"end":{"line":134,"column":null}},{"start":{"line":135,"column":16},"end":{"line":139,"column":null}}],"line":134},"9":{"loc":{"start":{"line":144,"column":17},"end":{"line":144,"column":null}},"type":"binary-expr","locations":[{"start":{"line":144,"column":17},"end":{"line":144,"column":48}},{"start":{"line":144,"column":48},"end":{"line":144,"column":null}}],"line":144},"10":{"loc":{"start":{"line":145,"column":17},"end":{"line":145,"column":null}},"type":"binary-expr","locations":[{"start":{"line":145,"column":17},"end":{"line":145,"column":52}},{"start":{"line":145,"column":52},"end":{"line":145,"column":null}}],"line":145},"11":{"loc":{"start":{"line":146,"column":18},"end":{"line":146,"column":37}},"type":"binary-expr","locations":[{"start":{"line":146,"column":18},"end":{"line":146,"column":35}},{"start":{"line":146,"column":35},"end":{"line":146,"column":37}}],"line":146},"12":{"loc":{"start":{"line":183,"column":28},"end":{"line":183,"column":null}},"type":"binary-expr","locations":[{"start":{"line":183,"column":28},"end":{"line":183,"column":46}},{"start":{"line":183,"column":46},"end":{"line":183,"column":null}}],"line":183},"13":{"loc":{"start":{"line":185,"column":19},"end":{"line":187,"column":null}},"type":"cond-expr","locations":[{"start":{"line":186,"column":22},"end":{"line":186,"column":null}},{"start":{"line":187,"column":22},"end":{"line":187,"column":null}}],"line":185},"14":{"loc":{"start":{"line":187,"column":22},"end":{"line":187,"column":null}},"type":"cond-expr","locations":[{"start":{"line":187,"column":52},"end":{"line":187,"column":62}},{"start":{"line":187,"column":62},"end":{"line":187,"column":null}}],"line":187},"15":{"loc":{"start":{"line":192,"column":24},"end":{"line":192,"column":null}},"type":"cond-expr","locations":[{"start":{"line":192,"column":36},"end":{"line":192,"column":84}},{"start":{"line":192,"column":83},"end":{"line":192,"column":null}}],"line":192},"16":{"loc":{"start":{"line":195,"column":19},"end":{"line":195,"column":null}},"type":"cond-expr","locations":[{"start":{"line":195,"column":31},"end":{"line":195,"column":39}},{"start":{"line":195,"column":39},"end":{"line":195,"column":null}}],"line":195},"17":{"loc":{"start":{"line":197,"column":17},"end":{"line":200,"column":null}},"type":"binary-expr","locations":[{"start":{"line":197,"column":17},"end":{"line":197,"column":48}},{"start":{"line":197,"column":48},"end":{"line":197,"column":null}},{"start":{"line":198,"column":18},"end":{"line":200,"column":null}}],"line":197},"18":{"loc":{"start":{"line":202,"column":17},"end":{"line":205,"column":null}},"type":"binary-expr","locations":[{"start":{"line":202,"column":17},"end":{"line":202,"column":null}},{"start":{"line":203,"column":18},"end":{"line":205,"column":null}}],"line":202},"19":{"loc":{"start":{"line":212,"column":13},"end":{"line":230,"column":13}},"type":"binary-expr","locations":[{"start":{"line":212,"column":13},"end":{"line":212,"column":null}},{"start":{"line":213,"column":14},"end":{"line":230,"column":13}}],"line":212},"20":{"loc":{"start":{"line":231,"column":15},"end":{"line":245,"column":null}},"type":"cond-expr","locations":[{"start":{"line":232,"column":16},"end":{"line":234,"column":26}},{"start":{"line":234,"column":16},"end":{"line":245,"column":null}}],"line":231}},"s":{"0":1,"1":1,"2":14,"3":14,"4":14,"5":14,"6":14,"7":14,"8":14,"9":14,"10":14,"11":14,"12":14,"13":4,"14":4,"15":4,"16":4,"17":0,"18":0,"19":0,"20":3,"21":3,"22":3,"23":3,"24":1,"25":4,"26":14,"27":3,"28":14,"29":1,"30":1,"31":1,"32":1,"33":1,"34":1,"35":1,"36":1,"37":1,"38":1,"39":14,"40":2,"41":2,"42":2,"43":2,"44":2,"45":2,"46":2,"47":2,"48":0,"49":2,"50":14,"51":4,"52":10,"53":1,"54":9,"55":9,"56":0,"57":0,"58":0,"59":9},"f":{"0":14,"1":4,"2":0,"3":0,"4":0,"5":3,"6":1,"7":2,"8":9,"9":0,"10":0,"11":0,"12":9},"b":{"0":[1,0],"1":[1,0],"2":[2,0],"3":[2,0],"4":[4,10],"5":[1,9],"6":[10,9],"7":[1,0],"8":[9,0],"9":[14,4],"10":[14,5],"11":[14,0],"12":[14,2],"13":[7,2],"14":[0,2],"15":[2,7],"16":[2,7],"17":[14,0,0],"18":[14,4],"19":[14,0],"20":[0,9]},"meta":{"lastBranch":21,"lastFunction":13,"lastStatement":60,"seen":{"s:23:35:23:Infinity":0,"s:25:19:29:Infinity":1,"f:31:24:31:41":0,"s:32:10:32:Infinity":2,"s:33:8:33:Infinity":3,"s:34:26:34:Infinity":4,"s:36:19:36:Infinity":5,"s:37:23:37:Infinity":6,"s:38:20:38:Infinity":7,"s:39:20:39:Infinity":8,"s:40:18:40:Infinity":9,"s:41:16:41:Infinity":10,"s:42:24:42:Infinity":11,"s:44:8:63:Infinity":12,"f:44:31:44:43":1,"s:45:4:45:Infinity":13,"s:46:4:46:Infinity":14,"s:47:4:62:Infinity":15,"s:48:37:53:Infinity":16,"f:50:28:50:40":2,"s:50:40:50:44":17,"f:51:30:51:43":3,"s:51:43:51:64":18,"f:52:36:52:48":4,"s:52:48:52:50":19,"s:54:6:54:Infinity":20,"s:55:6:55:Infinity":21,"s:56:6:56:Infinity":22,"s:57:6:57:Infinity":23,"s:59:6:59:Infinity":24,"s:61:6:61:Infinity":25,"s:65:2:67:Infinity":26,"f:65:2:65:18":5,"s:66:4:66:Infinity":27,"s:69:23:83:Infinity":28,"f:69:23:69:35":6,"s:70:4:70:Infinity":29,"s:71:4:82:Infinity":30,"s:72:21:72:Infinity":31,"s:73:6:73:Infinity":32,"b:73:23:73:57:73:57:73:Infinity":0,"b:74:6:79:Infinity:undefined:undefined:undefined:undefined":1,"s:74:6:79:Infinity":33,"s:75:23:75:Infinity":34,"s:76:8:76:Infinity":35,"s:77:20:77:Infinity":36,"s:78:8:78:Infinity":37,"s:81:6:81:Infinity":38,"s:85:25:100:Infinity":39,"f:85:25:85:37":7,"s:86:4:86:Infinity":40,"s:87:4:99:Infinity":41,"s:88:21:88:Infinity":42,"b:89:6:96:Infinity:94:13:96:Infinity":2,"s:89:6:96:Infinity":43,"s:90:8:90:Infinity":44,"b:90:43:90:51:90:51:90:58":3,"s:91:8:91:Infinity":45,"s:92:20:92:Infinity":46,"s:93:8:93:Infinity":47,"s:95:8:95:Infinity":48,"s:98:6:98:Infinity":49,"b:102:2:110:Infinity:undefined:undefined:undefined:undefined":4,"s:102:2:110:Infinity":50,"s:103:4:108:Infinity":51,"b:112:2:126:Infinity:undefined:undefined:undefined:undefined":5,"s:112:2:126:Infinity":52,"b:112:6:112:15:112:15:112:26":6,"s:113:4:124:Infinity":53,"b:117:12:121:13:121:12:121:Infinity":7,"s:128:2:251:Infinity":54,"b:134:15:134:Infinity:135:16:139:Infinity":8,"b:144:17:144:48:144:48:144:Infinity":9,"b:145:17:145:52:145:52:145:Infinity":10,"b:146:18:146:35:146:35:146:37":11,"f:146:39:146:43":8,"s:147:18:147:Infinity":55,"b:183:28:183:46:183:46:183:Infinity":12,"b:186:22:186:Infinity:187:22:187:Infinity":13,"b:187:52:187:62:187:62:187:Infinity":14,"b:192:36:192:84:192:83:192:Infinity":15,"b:195:31:195:39:195:39:195:Infinity":16,"b:197:17:197:48:197:48:197:Infinity:198:18:200:Infinity":17,"f:198:39:198:54":9,"s:198:54:198:76":56,"b:202:17:202:Infinity:203:18:205:Infinity":18,"f:203:39:203:54":10,"s:203:54:203:77":57,"b:212:13:212:Infinity:213:14:230:13":19,"f:217:44:217:49":11,"s:218:22:220:Infinity":58,"b:232:16:234:26:234:16:245:Infinity":20,"f:234:26:234:30":12,"s:235:18:244:Infinity":59},"fnNames":{}}}
,"C:\\Users\\Administrator\\Desktop\\项目\\SE26Project-16\\frontend\\src\\pages\\ActivityList.jsx": {"path":"C:\\Users\\Administrator\\Desktop\\项目\\SE26Project-16\\frontend\\src\\pages\\ActivityList.jsx","statementMap":{"0":{"start":{"line":26,"column":17},"end":{"line":26,"column":null}},"1":{"start":{"line":28,"column":23},"end":{"line":32,"column":null}},"2":{"start":{"line":34,"column":21},"end":{"line":40,"column":null}},"3":{"start":{"line":43,"column":10},"end":{"line":43,"column":null}},"4":{"start":{"line":44,"column":21},"end":{"line":44,"column":null}},"5":{"start":{"line":45,"column":18},"end":{"line":45,"column":null}},"6":{"start":{"line":46,"column":16},"end":{"line":46,"column":null}},"7":{"start":{"line":47,"column":18},"end":{"line":47,"column":null}},"8":{"start":{"line":48,"column":19},"end":{"line":48,"column":null}},"9":{"start":{"line":49,"column":19},"end":{"line":49,"column":null}},"10":{"start":{"line":50,"column":17},"end":{"line":50,"column":null}},"11":{"start":{"line":51,"column":22},"end":{"line":51,"column":null}},"12":{"start":{"line":52,"column":17},"end":{"line":52,"column":null}},"13":{"start":{"line":53,"column":23},"end":{"line":53,"column":null}},"14":{"start":{"line":54,"column":20},"end":{"line":54,"column":null}},"15":{"start":{"line":55,"column":20},"end":{"line":55,"column":null}},"16":{"start":{"line":56,"column":17},"end":{"line":56,"column":null}},"17":{"start":{"line":57,"column":27},"end":{"line":57,"column":null}},"18":{"start":{"line":58,"column":22},"end":{"line":58,"column":null}},"19":{"start":{"line":60,"column":31},"end":{"line":60,"column":null}},"20":{"start":{"line":62,"column":8},"end":{"line":77,"column":null}},"21":{"start":{"line":63,"column":4},"end":{"line":63,"column":null}},"22":{"start":{"line":64,"column":4},"end":{"line":64,"column":null}},"23":{"start":{"line":65,"column":19},"end":{"line":65,"column":null}},"24":{"start":{"line":66,"column":4},"end":{"line":72,"column":null}},"25":{"start":{"line":67,"column":6},"end":{"line":67,"column":null}},"26":{"start":{"line":68,"column":6},"end":{"line":68,"column":null}},"27":{"start":{"line":69,"column":6},"end":{"line":71,"column":null}},"28":{"start":{"line":70,"column":8},"end":{"line":70,"column":null}},"29":{"start":{"line":73,"column":4},"end":{"line":76,"column":null}},"30":{"start":{"line":75,"column":20},"end":{"line":75,"column":41}},"31":{"start":{"line":76,"column":21},"end":{"line":76,"column":38}},"32":{"start":{"line":80,"column":2},"end":{"line":82,"column":null}},"33":{"start":{"line":81,"column":4},"end":{"line":81,"column":null}},"34":{"start":{"line":84,"column":8},"end":{"line":87,"column":null}},"35":{"start":{"line":85,"column":4},"end":{"line":85,"column":null}},"36":{"start":{"line":85,"column":36},"end":{"line":85,"column":46}},"37":{"start":{"line":89,"column":32},"end":{"line":91,"column":null}},"38":{"start":{"line":93,"column":8},"end":{"line":134,"column":null}},"39":{"start":{"line":94,"column":17},"end":{"line":94,"column":null}},"40":{"start":{"line":94,"column":40},"end":{"line":94,"column":60}},"41":{"start":{"line":96,"column":4},"end":{"line":98,"column":null}},"42":{"start":{"line":97,"column":6},"end":{"line":97,"column":null}},"43":{"start":{"line":97,"column":34},"end":{"line":97,"column":57}},"44":{"start":{"line":99,"column":4},"end":{"line":101,"column":null}},"45":{"start":{"line":100,"column":6},"end":{"line":100,"column":null}},"46":{"start":{"line":100,"column":34},"end":{"line":100,"column":57}},"47":{"start":{"line":102,"column":4},"end":{"line":102,"column":null}},"48":{"start":{"line":102,"column":27},"end":{"line":102,"column":63}},"49":{"start":{"line":103,"column":4},"end":{"line":103,"column":null}},"50":{"start":{"line":103,"column":27},"end":{"line":103,"column":77}},"51":{"start":{"line":104,"column":4},"end":{"line":104,"column":null}},"52":{"start":{"line":104,"column":27},"end":{"line":104,"column":62}},"53":{"start":{"line":105,"column":4},"end":{"line":105,"column":null}},"54":{"start":{"line":105,"column":27},"end":{"line":105,"column":62}},"55":{"start":{"line":106,"column":4},"end":{"line":108,"column":null}},"56":{"start":{"line":107,"column":6},"end":{"line":107,"column":null}},"57":{"start":{"line":107,"column":29},"end":{"line":107,"column":66}},"58":{"start":{"line":109,"column":4},"end":{"line":111,"column":null}},"59":{"start":{"line":110,"column":6},"end":{"line":110,"column":null}},"60":{"start":{"line":110,"column":29},"end":{"line":110,"column":85}},"61":{"start":{"line":113,"column":4},"end":{"line":127,"column":null}},"62":{"start":{"line":114,"column":6},"end":{"line":126,"column":null}},"63":{"start":{"line":116,"column":10},"end":{"line":116,"column":null}},"64":{"start":{"line":116,"column":26},"end":{"line":116,"column":77}},"65":{"start":{"line":117,"column":10},"end":{"line":117,"column":null}},"66":{"start":{"line":119,"column":10},"end":{"line":119,"column":null}},"67":{"start":{"line":119,"column":32},"end":{"line":119,"column":77}},"68":{"start":{"line":120,"column":10},"end":{"line":120,"column":null}},"69":{"start":{"line":122,"column":10},"end":{"line":122,"column":null}},"70":{"start":{"line":122,"column":32},"end":{"line":122,"column":61}},"71":{"start":{"line":123,"column":10},"end":{"line":123,"column":null}},"72":{"start":{"line":125,"column":10},"end":{"line":125,"column":null}},"73":{"start":{"line":129,"column":4},"end":{"line":129,"column":null}},"74":{"start":{"line":136,"column":27},"end":{"line":137,"column":null}},"75":{"start":{"line":139,"column":8},"end":{"line":149,"column":null}},"76":{"start":{"line":140,"column":4},"end":{"line":140,"column":null}},"77":{"start":{"line":141,"column":4},"end":{"line":141,"column":null}},"78":{"start":{"line":142,"column":4},"end":{"line":142,"column":null}},"79":{"start":{"line":143,"column":4},"end":{"line":143,"column":null}},"80":{"start":{"line":144,"column":4},"end":{"line":144,"column":null}},"81":{"start":{"line":145,"column":4},"end":{"line":145,"column":null}},"82":{"start":{"line":146,"column":4},"end":{"line":146,"column":null}},"83":{"start":{"line":147,"column":4},"end":{"line":147,"column":null}},"84":{"start":{"line":148,"column":4},"end":{"line":148,"column":null}},"85":{"start":{"line":151,"column":2},"end":{"line":374,"column":null}},"86":{"start":{"line":161,"column":29},"end":{"line":161,"column":null}},"87":{"start":{"line":178,"column":51},"end":{"line":178,"column":74}},"88":{"start":{"line":200,"column":47},"end":{"line":200,"column":70}},"89":{"start":{"line":211,"column":54},"end":{"line":211,"column":70}},"90":{"start":{"line":252,"column":35},"end":{"line":252,"column":null}},"91":{"start":{"line":273,"column":31},"end":{"line":273,"column":null}},"92":{"start":{"line":279,"column":31},"end":{"line":279,"column":null}},"93":{"start":{"line":293,"column":16},"end":{"line":293,"column":null}},"94":{"start":{"line":294,"column":16},"end":{"line":294,"column":null}},"95":{"start":{"line":295,"column":16},"end":{"line":298,"column":null}},"96":{"start":{"line":297,"column":32},"end":{"line":297,"column":53}},"97":{"start":{"line":298,"column":33},"end":{"line":298,"column":50}},"98":{"start":{"line":304,"column":43},"end":{"line":304,"column":62}},"99":{"start":{"line":309,"column":43},"end":{"line":309,"column":62}},"100":{"start":{"line":314,"column":43},"end":{"line":314,"column":60}},"101":{"start":{"line":319,"column":43},"end":{"line":319,"column":64}},"102":{"start":{"line":324,"column":43},"end":{"line":324,"column":71}},"103":{"start":{"line":329,"column":43},"end":{"line":329,"column":66}},"104":{"start":{"line":334,"column":43},"end":{"line":334,"column":63}},"105":{"start":{"line":339,"column":43},"end":{"line":339,"column":61}},"106":{"start":{"line":344,"column":43},"end":{"line":344,"column":57}},"107":{"start":{"line":367,"column":14},"end":{"line":369,"column":null}}},"fnMap":{"0":{"name":"ActivityList","decl":{"start":{"line":42,"column":24},"end":{"line":42,"column":39}},"loc":{"start":{"line":42,"column":39},"end":{"line":376,"column":null}},"line":42},"1":{"name":"(anonymous_1)","decl":{"start":{"line":62,"column":25},"end":{"line":62,"column":43}},"loc":{"start":{"line":62,"column":43},"end":{"line":77,"column":5}},"line":62},"2":{"name":"(anonymous_2)","decl":{"start":{"line":75,"column":7},"end":{"line":75,"column":13}},"loc":{"start":{"line":75,"column":20},"end":{"line":75,"column":41}},"line":75},"3":{"name":"(anonymous_3)","decl":{"start":{"line":76,"column":7},"end":{"line":76,"column":21}},"loc":{"start":{"line":76,"column":21},"end":{"line":76,"column":38}},"line":76},"4":{"name":"(anonymous_4)","decl":{"start":{"line":80,"column":2},"end":{"line":80,"column":18}},"loc":{"start":{"line":80,"column":18},"end":{"line":82,"column":5}},"line":80},"5":{"name":"(anonymous_5)","decl":{"start":{"line":84,"column":20},"end":{"line":84,"column":null}},"loc":{"start":{"line":85,"column":4},"end":{"line":85,"column":null}},"line":85},"6":{"name":"(anonymous_6)","decl":{"start":{"line":85,"column":27},"end":{"line":85,"column":31}},"loc":{"start":{"line":85,"column":36},"end":{"line":85,"column":46}},"line":85},"7":{"name":"(anonymous_7)","decl":{"start":{"line":93,"column":19},"end":{"line":93,"column":33}},"loc":{"start":{"line":93,"column":33},"end":{"line":130,"column":5}},"line":93},"8":{"name":"(anonymous_8)","decl":{"start":{"lin
[...]
,"C:\\Users\\Administrator\\Desktop\\项目\\SE26Project-16\\frontend\\src\\services\\userApi.js": {"path":"C:\\Users\\Administrator\\Desktop\\项目\\SE26Project-16\\frontend\\src\\services\\userApi.js","statementMap":{"0":{"start":{"line":4,"column":15},"end":{"line":4,"column":null}},"1":{"start":{"line":5,"column":2},"end":{"line":5,"column":null}},"2":{"start":{"line":6,"column":2},"end":{"line":6,"column":null}},"3":{"start":{"line":10,"column":15},"end":{"line":10,"column":null}},"4":{"start":{"line":11,"column":2},"end":{"line":11,"column":null}},"5":{"start":{"line":12,"column":2},"end":{"line":12,"column":null}}},"fnMap":{"0":{"name":"getMe","decl":{"start":{"line":3,"column":22},"end":{"line":3,"column":30}},"loc":{"start":{"line":3,"column":30},"end":{"line":7,"column":null}},"line":3},"1":{"name":"updateProfile","decl":{"start":{"line":9,"column":22},"end":{"line":9,"column":36}},"loc":{"start":{"line":9,"column":45},"end":{"line":13,"column":null}},"line":9}},"branchMap":{},"s":{"0":1,"1":1,"2":1,"3":1,"4":1,"5":1},"f":{"0":1,"1":1},"b":{},"meta":{"lastBranch":0,"lastFunction":2,"lastStatement":6,"seen":{"f:3:22:3:30":0,"s:4:15:4:Infinity":0,"s:5:2:5:Infinity":1,"s:6:2:6:Infinity":2,"f:9:22:9:36":1,"s:10:15:10:Infinity":3,"s:11:2:11:Infinity":4,"s:12:2:12:Infinity":5},"fnNames":{}}}
,"C:\\Users\\Administrator\\Desktop\\项目\\SE26Project-16\\frontend\\src\\services\\mock\\mockApi.js": {"path":"C:\\Users\\Administrator\\Desktop\\项目\\SE26Project-16\\frontend\\src\\services\\mock\\mockApi.js","statementMap":{"0":{"start":{"line":7,"column":15},"end":{"line":7,"column":null}},"1":{"start":{"line":10,"column":2},"end":{"line":10,"column":null}},"2":{"start":{"line":14,"column":19},"end":{"line":16,"column":null}},"3":{"start":{"line":15,"column":9},"end":{"line":15,"column":null}},"4":{"start":{"line":17,"column":2},"end":{"line":19,"column":null}},"5":{"start":{"line":18,"column":4},"end":{"line":18,"column":null}},"6":{"start":{"line":20,"column":17},"end":{"line":26,"column":null}},"7":{"start":{"line":27,"column":2},"end":{"line":27,"column":null}},"8":{"start":{"line":28,"column":2},"end":{"line":28,"column":null}},"9":{"start":{"line":32,"column":2},"end":{"line":32,"column":null}},"10":{"start":{"line":32,"column":53},"end":{"line":32,"column":57}},"11":{"start":{"line":36,"column":2},"end":{"line":36,"column":null}},"12":{"start":{"line":40,"column":2},"end":{"line":45,"column":null}}},"fnMap":{"0":{"name":"getCheckIns","decl":{"start":{"line":9,"column":22},"end":{"line":9,"column":36}},"loc":{"start":{"line":9,"column":36},"end":{"line":11,"column":null}},"line":9},"1":{"name":"checkIn","decl":{"start":{"line":13,"column":22},"end":{"line":13,"column":30}},"loc":{"start":{"line":13,"column":58},"end":{"line":29,"column":null}},"line":13},"2":{"name":"(anonymous_2)","decl":{"start":{"line":14,"column":28},"end":{"line":14,"column":null}},"loc":{"start":{"line":15,"column":9},"end":{"line":15,"column":null}},"line":15},"3":{"name":"getUsers","decl":{"start":{"line":31,"column":22},"end":{"line":31,"column":33}},"loc":{"start":{"line":31,"column":33},"end":{"line":33,"column":null}},"line":31},"4":{"name":"(anonymous_4)","decl":{"start":{"line":32,"column":22},"end":{"line":32,"column":27}},"loc":{"start":{"line":32,"column":53},"end":{"line":32,"column":57}},"line":32},"5":{"name":"getCommunityClusters","decl":{"start":{"line":35,"column":22},"end":{"line":35,"column":45}},"loc":{"start":{"line":35,"column":45},"end":{"line":37,"column":null}},"line":35},"6":{"name":"getAnalyticsData","decl":{"start":{"line":39,"column":22},"end":{"line":39,"column":39}},"loc":{"start":{"line":39,"column":75},"end":{"line":46,"column":null}},"line":39}},"branchMap":{"0":{"loc":{"start":{"line":15,"column":9},"end":{"line":15,"column":null}},"type":"binary-expr","locations":[{"start":{"line":15,"column":9},"end":{"line":15,"column":40}},{"start":{"line":15,"column":40},"end":{"line":15,"column":null}}],"line":15},"1":{"loc":{"start":{"line":17,"column":2},"end":{"line":19,"column":null}},"type":"if","locations":[{"start":{"line":17,"column":2},"end":{"line":19,"column":null}},{"start":{},"end":{}}],"line":17},"2":{"loc":{"start":{"line":41,"column":16},"end":{"line":41,"column":null}},"type":"binary-expr","locations":[{"start":{"line":41,"column":16},"end":{"line":41,"column":30}},{"start":{"line":41,"column":30},"end":{"line":41,"column":null}}],"line":41},"3":{"loc":{"start":{"line":42,"column":13},"end":{"line":42,"column":null}},"type":"binary-expr","locations":[{"start":{"line":42,"column":13},"end":{"line":42,"column":24}},{"start":{"line":42,"column":24},"end":{"line":42,"column":null}}],"line":42},"4":{"loc":{"start":{"line":44,"column":15},"end":{"line":44,"column":null}},"type":"binary-expr","locations":[{"start":{"line":44,"column":15},"end":{"line":44,"column":28}},{"start":{"line":44,"column":28},"end":{"line":44,"column":null}}],"line":44}},"s":{"0":1,"1":2,"2":2,"3":13,"4":2,"5":1,"6":1,"7":1,"8":1,"9":1,"10":4,"11":1,"12":2},"f":{"0":2,"1":2,"2":13,"3":1,"4":4,"5":1,"6":2},"b":{"0":[13,1],"1":[1,1],"2":[2,1],"3":[2,1],"4":[2,1]},"meta":{"lastBranch":5,"lastFunction":7,"lastStatement":13,"seen":{"s:7:15:7:Infinity":0,"f:9:22:9:36":0,"s:10:2:10:Infinity":1,"f:13:22:13:30":1,"s:14:19:16:Infinity":2,"f:14:28:14:Infinity":2,"s:15:9:15:Infinity":3,"b:15:9:15:40:15:40:15:Infinity":0,"b:17:2:19:Infinity:undefined:undefined:undefined:undefined":1,"s:17:2:19:Infinity":4,"s:18:4:18:Infinity":5,"s:20:17:26:Infinity":6,"s:27:2:27:Infinity":7,"s:28:2:28:Infinity":8,"f:31:22:31:33":3,"s:32:2:32:Infinity":9,"f:32:22:32:27":4,"s:32:53:32:57":10,"f:35:22:35:45":5,"s:36:2:36:Infinity":11,"f:39:22:39:39":6,"s:40:2:45:Infinity":12,"b:41:16:41:30:41:30:41:Infinity":2,"b:42:13:42:24:42:24:42:Infinity":3,"b:44:15:44:28:44:28:44:Infinity":4},"fnNames":{}}}
,"C:\\Users\\Administrator\\Desktop\\项目\\SE26Project-16\\frontend\\src\\utils\\activityFilters.js": {"path":"C:\\Users\\Administrator\\Desktop\\项目\\SE26Project-16\\frontend\\src\\utils\\activityFilters.js","statementMap":{"0":{"start":{"line":2,"column":2},"end":{"line":2,"column":null}},"1":{"start":{"line":2,"column":18},"end":{"line":2,"column":null}},"2":{"start":{"line":3,"column":12},"end":{"line":3,"column":null}},"3":{"start":{"line":4,"column":14},"end":{"line":4,"column":null}},"4":{"start":{"line":5,"column":15},"end":{"line":5,"column":null}},"5":{"start":{"line":7,"column":2},"end":{"line":7,"column":null}},"6":{"start":{"line":7,"column":30},"end":{"line":7,"column":null}},"7":{"start":{"line":8,"column":2},"end":{"line":8,"column":null}},"8":{"start":{"line":8,"column":17},"end":{"line":8,"column":null}},"9":{"start":{"line":9,"column":2},"end":{"line":9,"column":null}},"10":{"start":{"line":9,"column":17},"end":{"line":9,"column":null}},"11":{"start":{"line":10,"column":2},"end":{"line":10,"column":null}},"12":{"start":{"line":14,"column":2},"end":{"line":14,"column":null}},"13":{"start":{"line":14,"column":21},"end":{"line":14,"column":null}},"14":{"start":{"line":15,"column":23},"end":{"line":15,"column":null}},"15":{"start":{"line":16,"column":2},"end":{"line":16,"column":null}},"16":{"start":{"line":16,"column":24},"end":{"line":16,"column":48}},"17":{"start":{"line":20,"column":2},"end":{"line":20,"column":null}},"18":{"start":{"line":20,"column":34},"end":{"line":20,"column":null}},"19":{"start":{"line":21,"column":16},"end":{"line":21,"column":null}},"20":{"start":{"line":22,"column":21},"end":{"line":22,"column":null}},"21":{"start":{"line":23,"column":19},"end":{"line":23,"column":null}},"22":{"start":{"line":24,"column":2},"end":{"line":24,"column":null}},"23":{"start":{"line":28,"column":2},"end":{"line":28,"column":null}},"24":{"start":{"line":28,"column":22},"end":{"line":28,"column":null}},"25":{"start":{"line":29,"column":15},"end":{"line":29,"column":null}},"26":{"start":{"line":30,"column":2},"end":{"line":30,"column":null}},"27":{"start":{"line":34,"column":2},"end":{"line":34,"column":null}},"28":{"start":{"line":34,"column":26},"end":{"line":34,"column":null}},"29":{"start":{"line":35,"column":15},"end":{"line":35,"column":null}},"30":{"start":{"line":36,"column":2},"end":{"line":36,"column":null}},"31":{"start":{"line":40,"column":2},"end":{"line":40,"column":null}},"32":{"start":{"line":40,"column":15},"end":{"line":40,"column":null}},"33":{"start":{"line":41,"column":2},"end":{"line":41,"column":null}}},"fnMap":{"0":{"name":"getActivityTimeSlot","decl":{"start":{"line":1,"column":16},"end":{"line":1,"column":36}},"loc":{"start":{"line":1,"column":47},"end":{"line":11,"column":null}},"line":1},"1":{"name":"matchesInterestTags","decl":{"start":{"line":13,"column":16},"end":{"line":13,"column":36}},"loc":{"start":{"line":13,"column":52},"end":{"line":17,"column":null}},"line":13},"2":{"name":"(anonymous_2)","decl":{"start":{"line":16,"column":14},"end":{"line":16,"column":19}},"loc":{"start":{"line":16,"column":24},"end":{"line":16,"column":48}},"line":16},"3":{"name":"matchesTimeRange","decl":{"start":{"line":19,"column":16},"end":{"line":19,"column":33}},"loc":{"start":{"line":19,"column":50},"end":{"line":25,"column":null}},"line":19},"4":{"name":"matchesTimeSlots","decl":{"start":{"line":27,"column":16},"end":{"line":27,"column":33}},"loc":{"start":{"line":27,"column":50},"end":{"line":31,"column":null}},"line":27},"5":{"name":"matchesAvailableTime","decl":{"start":{"line":33,"column":16},"end":{"line":33,"column":37}},"loc":{"start":{"line":33,"column":58},"end":{"line":37,"column":null}},"line":33},"6":{"name":"matchesActivityStatus","decl":{"start":{"line":39,"column":16},"end":{"line":39,"column":38}},"loc":{"start":{"line":39,"column":56},"end":{"line":42,"column":null}},"line":39}},"branchMap":{"0":{"loc":{"start":{"line":2,"column":2},"end":{"line":2,"column":null}},"type":"if","locations":[{"start":{"line":2,"column":2},"end":{"line":2,"column":null}},{"start":{},"end":{}}],"line":2},"1":{"loc":{"start":{"line":7,"column":2},"end":{"line":7,"column":null}},"type":"if","locations":[{"start":{"line":7,"column":2},"end":{"line":7,"column":null}},{"start":{},"end":{}}],"line":7},"2":{"loc":{"start":{"line":7,"column":6},"end":{"line":7,"column":30}},"type":"binary-expr","locations":[{"start":{"line":7,"column":6},"end":{"line":7,"column":19}},{"start":{"line":7,"column":19},"end":{"line":7,"column":30}}],"line":7},"3":{"loc":{"start":{"line":8,"column":2},"end":{"line":8,"column":null}},"type":"if","locations":[{"start":{"line":8,"column":2},"end":{"line":8,"column":null}},{"start":{},"end":{}}],"line":8},"4":{"loc":{"start":{"line":9,"column":2},"end":{"line":9,"column":null}},"type":"if","locations":[{"start":{"line":9,"column":2},"end":{"line":9,"column":null}},{"start":{},"end":{}}],"line":9},"5":{"loc":{"start":{"line":14,"column":2},"end":{"line":14,"column":null}},"type":"if","locations":[{"start":{"line":14,"column":2},"end":{"line":14,"column":null}},{"start":{},"end":{}}],"line":14},"6":{"loc":{"start":{"line":15,"column":23},"end":{"line":15,"column":null}},"type":"binary-expr","locations":[{"start":{"line":15,"column":23},"end":{"line":15,"column":40}},{"start":{"line":15,"column":40},"end":{"line":15,"column":null}}],"line":15},"7":{"loc":{"start":{"line":20,"column":2},"end":{"line":20,"column":null}},"type":"if","locations":[{"start":{"line":20,"column":2},"end":{"line":20,"column":null}},{"start":{},"end":{}}],"line":20},"8":{"loc":{"start":{"line":20,"column":6},"end":{"line":20,"column":34}},"type":"binary-expr","locations":[{"start":{"line":20,"column":6},"end":{"line":20,"column":21}},{"start":{"line":20,"column":21},"end":{"line":20,"column":34}}],"line":20},"9":{"loc":{"start":{"line":24,"column":9},"end":{"line":24,"column":null}},"type":"binary-expr","locations":[{"start":{"line":24,"column":9},"end":{"line":24,"column":32}},{"start":{"line":24,"column":32},"end":{"line":24,"column":null}}],"line":24},"10":{"loc":{"start":{"line":28,"column":2},"end":{"line":28,"column":null}},"type":"if","locations":[{"start":{"line":28,"column":2},"end":{"line":28,"column":null}},{"start":{},"end":{}}],"line":28},"11":{"loc":{"start":{"line":34,"column":2},"end":{"line":34,"column":null}},"type":"if","locations":[{"start":{"line":34,"column":2},"end":{"line":34,"column":null}},{"start":{},"end":{}}],"line":34},"12":{"loc":{"start":{"line":40,"column":2},"end":{"line":40,"column":null}},"type":"if","locations":[{"start":{"line":40,"column":2},"end":{"line":40,"column":null}},{"start":{},"end":{}}],"line":40}},"s":{"0":25,"1":0,"2":25,"3":25,"4":25,"5":25,"6":1,"7":24,"8":24,"9":6,"10":6,"11":1,"12":57,"13":25,"14":32,"15":57,"16":32,"17":45,"18":43,"19":2,"20":2,"21":2,"22":2,"23":44,"24":24,"25":20,"26":20,"27":2,"28":0,"29":2,"30":2,"31":19,"32":13,"33":6},"f":{"0":25,"1":57,"2":32,"3":45,"4":44,"5":2,"6":19},"b":{"0":[0,25],"1":[1,24],"2":[25,25],"3":[18,6],"4":[5,1],"5":[25,32],"6":[32,0],"7":[43,2],"8":[45,2],"9":[2,1],"10":[24,20],"11":[0,2],"12":[13,6]},"meta":{"lastBranch":13,"lastFunction":7,"lastStatement":34,"seen":{"f:1:16:1:36":0,"b:2:2:2:Infinity:undefined:undefined:undefined:undefined":0,"s:2:2:2:Infinity":0,"s:2:18:2:Infinity":1,"s:3:12:3:Infinity":2,"s:4:14:4:Infinity":3,"s:5:15:5:Infinity":4,"b:7:2:7:Infinity:undefined:undefined:undefined:undefined":1,"s:7:2:7:Infinity":5,"b:7:6:7:19:7:19:7:30":2,"s:7:30:7:Infinity":6,"b:8:2:8:Infinity:undefined:undefined:undefined:undefined":3,"s:8:2:8:Infinity":7,"s:8:17:8:Infinity":8,"b:9:2:9:Infinity:undefined:undefined:undefined:undefined":4,"s:9:2:9:Infinity":9,"s:9:17:9:Infinity":10,"s:10:2:10:Infinity":11,"f:13:16:13:36":1,"b:14:2:14:Infinity:undefined:undefined:undefined:undefined":5,"s:14:2:14:Infinity":12,"s:14:21:14:Infinity":13,"s:15:23:15:Infinity":14,"b:15:23:15:40:15:40:15:Infinity":6,"s:16:2:16:Infinity":15,"f:16:14:16:19":2,"s:16:24:16:48":16,"f:19:16:19:33":3,"b:20:2:20:Infinity:undefined:undefined:undefined:undefined":7,"s:20:2:20:Infinity":17,"b:20:6:20:21:20:21:20:34":8,"s:20:34:20:Infinity":18,"s:21:16:21:Infinity":19,"s:22:21:22:Infinity":20,"s:23:19:23:Infinity":21,"s:24:2:24:Infinity":22,"b:24:9:24:32:24:32:24:Infinity":9,"f:27:16:27:33":4,"b:28:2:28:Infinity:undefined:undefined:undefined:undefined":10,"s:28:2:28:Infinity":23,"s:28:22:28:Infinity":24,"s:29:15:29:Infinity":25,"s:30:2:30:Infinity":26,"f:33:16:33:37":5,"b:34:2:34:Infinity:undefined:undefined:undefined:undefined":11,"s:34:2:34:Infinity":27,"s:34:26:34:Infinity":28,"s:35:15:35:Infinity":29,"s:36:2:36:Infinity":30,"f:39:16:39:38":6,"b:40:2:40:Infinity:undefined:undefined:undefined:undefined":12,"s:40:2:40:Infinity":31,"s:40:15:40:Infinity":32,"s:41:2:41:Infinity":33},"fnNames":{}}}
,"C:\\Users\\Administrator\\Desktop\\项目\\SE26Project-16\\frontend\\src\\utils\\dateTime.js": {"path":"C:\\Users\\Administrator\\Desktop\\项目\\SE26Project-16\\frontend\\src\\utils\\dateTime.js","statementMap":{"0":{"start":{"line":4,"column":2},"end":{"line":4,"column":null}},"1":{"start":{"line":4,"column":14},"end":{"line":4,"column":null}},"2":{"start":{"line":5,"column":8},"end":{"line":5,"column":null}},"3":{"start":{"line":6,"column":2},"end":{"line":6,"column":null}},"4":{"start":{"line":6,"column":25},"end":{"line":6,"column":null}},"5":{"start":{"line":7,"column":2},"end":{"line":7,"column":null}}},"fnMap":{"0":{"name":"toLocalDateTimeString","decl":{"start":{"line":3,"column":16},"end":{"line":3,"column":38}},"loc":{"start":{"line":3,"column":45},"end":{"line":8,"column":null}},"line":3}},"branchMap":{"0":{"loc":{"start":{"line":4,"column":2},"end":{"line":4,"column":null}},"type":"if","locations":[{"start":{"line":4,"column":2},"end":{"line":4,"column":null}},{"start":{},"end":{}}],"line":4},"1":{"loc":{"start":{"line":6,"column":2},"end":{"line":6,"column":null}},"type":"if","locations":[{"start":{"line":6,"column":2},"end":{"line":6,"column":null}},{"start":{},"end":{}}],"line":6}},"s":{"0":9,"1":1,"2":8,"3":8,"4":1,"5":7},"f":{"0":9},"b":{"0":[1,8],"1":[1,7]},"meta":{"lastBranch":2,"lastFunction":1,"lastStatement":6,"seen":{"f:3:16:3:38":0,"b:4:2:4:Infinity:undefined:undefined:undefined:undefined":0,"s:4:2:4:Infinity":0,"s:4:14:4:Infinity":1,"s:5:8:5:Infinity":2,"b:6:2:6:Infinity:undefined:undefined:undefined:undefined":1,"s:6:2:6:Infinity":3,"s:6:25:6:Infinity":4,"s:7:2:7:Infinity":5},"fnNames":{}}}
,"C:\\Users\\Administrator\\Desktop\\项目\\SE26Project-16\\frontend\\src\\utils\\hotness.js": {"path":"C:\\Users\\Administrator\\Desktop\\项目\\SE26Project-16\\frontend\\src\\utils\\hotness.js","statementMap":{"0":{"start":{"line":6,"column":16},"end":{"line":6,"column":null}},"1":{"start":{"line":7,"column":2},"end":{"line":9,"column":null}},"2":{"start":{"line":8,"column":4},"end":{"line":8,"column":null}},"3":{"start":{"line":10,"column":2},"end":{"line":12,"column":null}},"4":{"start":{"line":11,"column":4},"end":{"line":11,"column":null}},"5":{"start":{"line":13,"column":2},"end":{"line":15,"column":null}},"6":{"start":{"line":14,"column":4},"end":{"line":14,"column":null}},"7":{"start":{"line":16,"column":2},"end":{"line":16,"column":null}},"8":{"start":{"line":20,"column":2},"end":{"line":22,"column":null}},"9":{"start":{"line":21,"column":4},"end":{"line":21,"column":null}},"10":{"start":{"line":23,"column":16},"end":{"line":23,"column":null}},"11":{"start":{"line":24,"column":2},"end":{"line":24,"column":null}}},"fnMap":{"0":{"name":"formatHotness","decl":{"start":{"line":5,"column":16},"end":{"line":5,"column":30}},"loc":{"start":{"line":5,"column":37},"end":{"line":17,"column":null}},"line":5},"1":{"name":"getHotnessValue","decl":{"start":{"line":19,"column":16},"end":{"line":19,"column":32}},"loc":{"start":{"line":19,"column":42},"end":{"line":25,"column":null}},"line":19}},"branchMap":{"0":{"loc":{"start":{"line":7,"column":2},"end":{"line":9,"column":null}},"type":"if","locations":[{"start":{"line":7,"column":2},"end":{"line":9,"column":null}},{"start":{},"end":{}}],"line":7},"1":{"loc":{"start":{"line":7,"column":6},"end":{"line":7,"column":45}},"type":"binary-expr","locations":[{"start":{"line":7,"column":6},"end":{"line":7,"column":33}},{"start":{"line":7,"column":33},"end":{"line":7,"column":45}}],"line":7},"2":{"loc":{"start":{"line":10,"column":2},"end":{"line":12,"column":null}},"type":"if","locations":[{"start":{"line":10,"column":2},"end":{"line":12,"column":null}},{"start":{},"end":{}}],"line":10},"3":{"loc":{"start":{"line":13,"column":2},"end":{"line":15,"column":null}},"type":"if","locations":[{"start":{"line":13,"column":2},"end":{"line":15,"column":null}},{"start":{},"end":{}}],"line":13},"4":{"loc":{"start":{"line":20,"column":2},"end":{"line":22,"column":null}},"type":"if","locations":[{"start":{"line":20,"column":2},"end":{"line":22,"column":null}},{"start":{},"end":{}}],"line":20},"5":{"loc":{"start":{"line":24,"column":9},"end":{"line":24,"column":null}},"type":"cond-expr","locations":[{"start":{"line":24,"column":34},"end":{"line":24,"column":42}},{"start":{"line":24,"column":42},"end":{"line":24,"column":null}}],"line":24}},"s":{"0":51,"1":51,"2":3,"3":48,"4":2,"5":46,"6":45,"7":1,"8":52,"9":1,"10":51,"11":51},"f":{"0":51,"1":52},"b":{"0":[3,48],"1":[51,50],"2":[2,46],"3":[45,1],"4":[1,51],"5":[49,2]},"meta":{"lastBranch":6,"lastFunction":2,"lastStatement":12,"seen":{"f:5:16:5:30":0,"s:6:16:6:Infinity":0,"b:7:2:9:Infinity:undefined:undefined:undefined:undefined":0,"s:7:2:9:Infinity":1,"b:7:6:7:33:7:33:7:45":1,"s:8:4:8:Infinity":2,"b:10:2:12:Infinity:undefined:undefined:undefined:undefined":2,"s:10:2:12:Infinity":3,"s:11:4:11:Infinity":4,"b:13:2:15:Infinity:undefined:undefined:undefined:undefined":3,"s:13:2:15:Infinity":5,"s:14:4:14:Infinity":6,"s:16:2:16:Infinity":7,"f:19:16:19:32":1,"b:20:2:22:Infinity:undefined:undefined:undefined:undefined":4,"s:20:2:22:Infinity":8,"s:21:4:21:Infinity":9,"s:23:16:23:Infinity":10,"s:24:2:24:Infinity":11,"b:24:34:24:42:24:42:24:Infinity":5},"fnNames":{}}}
}
