{"D:\\学习笔记\\软件工程原理与实践\\Group16-A3\\campus-activity\\src\\App.jsx": {"path":"D:\\学习笔记\\软件工程原理与实践\\Group16-A3\\campus-activity\\src\\App.jsx","statementMap":{"0":{"start":{"line":4,"column":2},"end":{"line":4,"column":null}}},"fnMap":{"0":{"name":"App","decl":{"start":{"line":3,"column":9},"end":{"line":3,"column":15}},"loc":{"start":{"line":3,"column":15},"end":{"line":5,"column":null}},"line":3}},"branchMap":{},"s":{"0":0},"f":{"0":0},"b":{},"meta":{"lastBranch":0,"lastFunction":1,"lastStatement":1,"seen":{"f:3:9:3:15":0,"s:4:2:4:Infinity":0},"fnNames":{}}}
,"D:\\学习笔记\\软件工程原理与实践\\Group16-A3\\campus-activity\\src\\components\\ActivityCard.jsx": {"path":"D:\\学习笔记\\软件工程原理与实践\\Group16-A3\\campus-activity\\src\\components\\ActivityCard.jsx","statementMap":{"0":{"start":{"line":11,"column":28},"end":{"line":11,"column":null}},"1":{"start":{"line":14,"column":8},"end":{"line":14,"column":null}},"2":{"start":{"line":16,"column":2},"end":{"line":78,"column":null}},"3":{"start":{"line":32,"column":21},"end":{"line":32,"column":null}},"4":{"start":{"line":71,"column":12},"end":{"line":71,"column":null}},"5":{"start":{"line":72,"column":12},"end":{"line":72,"column":null}}},"fnMap":{"0":{"name":"ActivityCard","decl":{"start":{"line":13,"column":24},"end":{"line":13,"column":37}},"loc":{"start":{"line":13,"column":90},"end":{"line":80,"column":null}},"line":13},"1":{"name":"(anonymous_1)","decl":{"start":{"line":32,"column":6},"end":{"line":32,"column":21}},"loc":{"start":{"line":32,"column":21},"end":{"line":32,"column":null}},"line":32},"2":{"name":"(anonymous_2)","decl":{"start":{"line":70,"column":10},"end":{"line":70,"column":20}},"loc":{"start":{"line":70,"column":26},"end":{"line":73,"column":null}},"line":70}},"branchMap":{"0":{"loc":{"start":{"line":13,"column":49},"end":{"line":13,"column":72}},"type":"default-arg","locations":[{"start":{"line":13,"column":65},"end":{"line":13,"column":72}}],"line":13},"1":{"loc":{"start":{"line":21,"column":8},"end":{"line":30,"column":null}},"type":"cond-expr","locations":[{"start":{"line":22,"column":10},"end":{"line":30,"column":null}},{"start":{"line":30,"column":12},"end":{"line":30,"column":null}}],"line":21},"2":{"loc":{"start":{"line":24,"column":13},"end":{"line":29,"column":null}},"type":"binary-expr","locations":[{"start":{"line":24,"column":13},"end":{"line":24,"column":30}},{"start":{"line":24,"column":30},"end":{"line":24,"column":null}},{"start":{"line":25,"column":14},"end":{"line":29,"column":null}}],"line":24},"3":{"loc":{"start":{"line":37,"column":11},"end":{"line":38,"column":null}},"type":"binary-expr","locations":[{"start":{"line":37,"column":11},"end":{"line":37,"column":42}},{"start":{"line":37,"column":42},"end":{"line":38,"column":null}}],"line":37}},"s":{"0":1,"1":5,"2":5,"3":0,"4":1,"5":1},"f":{"0":5,"1":0,"2":1},"b":{"0":[5],"1":[5,0],"2":[5,1,1],"3":[5,1]},"meta":{"lastBranch":4,"lastFunction":3,"lastStatement":6,"seen":{"s:11:28:11:Infinity":0,"f:13:24:13:37":0,"b:13:65:13:72":0,"s:14:8:14:Infinity":1,"s:16:2:78:Infinity":2,"b:22:10:30:Infinity:30:12:30:Infinity":1,"b:24:13:24:30:24:30:24:Infinity:25:14:29:Infinity":2,"f:32:6:32:21":1,"s:32:21:32:Infinity":3,"b:37:11:37:42:37:42:38:Infinity":3,"f:70:10:70:20":2,"s:71:12:71:Infinity":4,"s:72:12:72:Infinity":5},"fnNames":{}}}
,"D:\\学习笔记\\软件工程原理与实践\\Group16-A3\\campus-activity\\src\\components\\AdminGuard.jsx": {"path":"D:\\学习笔记\\软件工程原理与实践\\Group16-A3\\campus-activity\\src\\components\\AdminGuard.jsx","statementMap":{"0":{"start":{"line":5,"column":10},"end":{"line":5,"column":null}},"1":{"start":{"line":7,"column":2},"end":{"line":9,"column":null}},"2":{"start":{"line":8,"column":4},"end":{"line":8,"column":null}},"3":{"start":{"line":11,"column":2},"end":{"line":11,"column":null}}},"fnMap":{"0":{"name":"AdminGuard","decl":{"start":{"line":4,"column":24},"end":{"line":4,"column":35}},"loc":{"start":{"line":4,"column":49},"end":{"line":12,"column":null}},"line":4}},"branchMap":{"0":{"loc":{"start":{"line":7,"column":2},"end":{"line":9,"column":null}},"type":"if","locations":[{"start":{"line":7,"column":2},"end":{"line":9,"column":null}},{"start":{},"end":{}}],"line":7}},"s":{"0":2,"1":2,"2":1,"3":1},"f":{"0":2},"b":{"0":[1,1]},"meta":{"lastBranch":1,"lastFunction":1,"lastStatement":4,"seen":{"f:4:24:4:35":0,"s:5:10:5:Infinity":0,"b:7:2:9:Infinity:undefined:undefined:undefined:undefined":0,"s:7:2:9:Infinity":1,"s:8:4:8:Infinity":2,"s:11:2:11:Infinity":3},"fnNames":{}}}
,"D:\\学习笔记\\软件工程原理与实践\\Group16-A3\\campus-activity\\src\\components\\AuthGuard.jsx": {"path":"D:\\学习笔记\\软件工程原理与实践\\Group16-A3\\campus-activity\\src\\components\\AuthGuard.jsx","statementMap":{"0":{"start":{"line":5,"column":10},"end":{"line":5,"column":null}},"1":{"start":{"line":6,"column":2},"end":{"line":6,"column":null}},"2":{"start":{"line":6,"column":20},"end":{"line":6,"column":null}},"3":{"start":{"line":7,"column":2},"end":{"line":7,"column":null}}},"fnMap":{"0":{"name":"AuthGuard","decl":{"start":{"line":4,"column":24},"end":{"line":4,"column":34}},"loc":{"start":{"line":4,"column":48},"end":{"line":8,"column":null}},"line":4}},"branchMap":{"0":{"loc":{"start":{"line":6,"column":2},"end":{"line":6,"column":null}},"type":"if","locations":[{"start":{"line":6,"column":2},"end":{"line":6,"column":null}},{"start":{},"end":{}}],"line":6}},"s":{"0":2,"1":2,"2":1,"3":1},"f":{"0":2},"b":{"0":[1,1]},"meta":{"lastBranch":1,"lastFunction":1,"lastStatement":4,"seen":{"f:4:24:4:34":0,"s:5:10:5:Infinity":0,"b:6:2:6:Infinity:undefined:undefined:undefined:undefined":0,"s:6:2:6:Infinity":1,"s:6:20:6:Infinity":2,"s:7:2:7:Infinity":3},"fnNames":{}}}
,"D:\\学习笔记\\软件工程原理与实践\\Group16-A3\\campus-activity\\src\\components\\SideMenu.jsx": {"path":"D:\\学习笔记\\软件工程原理与实践\\Group16-A3\\campus-activity\\src\\components\\SideMenu.jsx","statementMap":{"0":{"start":{"line":20,"column":25},"end":{"line":29,"column":null}},"1":{"start":{"line":31,"column":23},"end":{"line":36,"column":null}},"2":{"start":{"line":38,"column":19},"end":{"line":40,"column":null}},"3":{"start":{"line":43,"column":2},"end":{"line":43,"column":null}},"4":{"start":{"line":43,"column":37},"end":{"line":43,"column":null}},"5":{"start":{"line":44,"column":2},"end":{"line":44,"column":null}},"6":{"start":{"line":44,"column":49},"end":{"line":44,"column":null}},"7":{"start":{"line":45,"column":2},"end":{"line":45,"column":null}},"8":{"start":{"line":45,"column":51},"end":{"line":45,"column":null}},"9":{"start":{"line":46,"column":2},"end":{"line":46,"column":null}},"10":{"start":{"line":46,"column":41},"end":{"line":46,"column":null}},"11":{"start":{"line":48,"column":18},"end":{"line":52,"column":null}},"12":{"start":{"line":52,"column":13},"end":{"line":52,"column":18}},"13":{"start":{"line":54,"column":16},"end":{"line":54,"column":null}},"14":{"start":{"line":54,"column":36},"end":{"line":54,"column":52}},"15":{"start":{"line":55,"column":2},"end":{"line":55,"column":null}},"16":{"start":{"line":55,"column":13},"end":{"line":55,"column":null}},"17":{"start":{"line":57,"column":17},"end":{"line":59,"column":null}},"18":{"start":{"line":58,"column":19},"end":{"line":58,"column":34}},"19":{"start":{"line":59,"column":17},"end":{"line":59,"column":41}},"20":{"start":{"line":61,"column":2},"end":{"line":61,"column":null}},"21":{"start":{"line":65,"column":8},"end":{"line":65,"column":null}},"22":{"start":{"line":66,"column":8},"end":{"line":66,"column":null}},"23":{"start":{"line":67,"column":10},"end":{"line":67,"column":null}},"24":{"start":{"line":69,"column":18},"end":{"line":69,"column":null}},"25":{"start":{"line":71,"column":16},"end":{"line":77,"column":null}},"26":{"start":{"line":79,"column":22},"end":{"line":79,"column":null}},"27":{"start":{"line":81,"column":2},"end":{"line":88,"column":null}},"28":{"start":{"line":86,"column":28},"end":{"line":86,"column":null}}},"fnMap":{"0":{"name":"resolveSelectedKey","decl":{"start":{"line":42,"column":9},"end":{"line":42,"column":28}},"loc":{"start":{"line":42,"column":38},"end":{"line":62,"column":null}},"line":42},"1":{"name":"(anonymous_1)","decl":{"start":{"line":52,"column":4},"end":{"line":52,"column":8}},"loc":{"start":{"line":52,"column":13},"end":{"line":52,"column":18}},"line":52},"2":{"name":"(anonymous_2)","decl":{"start":{"line":54,"column":24},"end":{"line":54,"column":29}},"loc":{"start":{"line":54,"column":36},"end":{"line":54,"column":52}},"line":54},"3":{"name":"(anonymous_3)","decl":{"start":{"line":58,"column":5},"end":{"line":58,"column":12}},"loc":{"start":{"line":58,"column":19},"end":{"line":58,"column":34}},"line":58},"4":{"name":"(anonymous_4)","decl":{"start":{"line":59,"column":5},"end":{"line":59,"column":10}},"loc":{"start":{"line":59,"column":17},"end":{"line":59,"column":41}},"line":59},"5":{"name":"SideMenu","decl":{"start":{"line":64,"column":24},"end":{"line":64,"column":35}},"loc":{"start":{"line":64,"column":35},"end":{"line":90,"column":null}},"line":64},"6":{"name":"(anonymous_6)","decl":{"start":{"line":86,"column":6},"end":{"line":86,"column":16}},"loc":{"start":{"line":86,"column":28},"end":{"line":86,"column":null}},"line":86}},"branchMap":{"0":{"loc":{"start":{"line":43,"column":2},"end":{"line":43,"column":null}},"type":"if","locations":[{"start":{"line":43,"column":2},"end":{"line":43,"column":null}},{"start":{},"end":{}}],"line":43},"1":{"loc":{"start":{"line":44,"column":2},"end":{"line":44,"column":null}},"type":"if","locations":[{"start":{"line":44,"column":2},"end":{"line":44,"column":null}},{"start":{},"end":{}}],"line":44},"2":{"loc":{"start":{"line":45,"column":2},"end":{"line":45,"column":null}},"type":"if","locations":[{"start":{"line":45,"column":2},"end":{"line":45,"column":null}},{"start":{},"end":{}}],"line":45},"3":{"loc":{"start":{"line":46,"column":2},"end":{"line":46,"column":null}},"type":"if","locations":[{"start":{"line":46,"column":2},"end":{"line":46,"column":null}},{"start":{},"end":{}}],"line":46},"4":{"loc":{"start":{"line":55,"column":2},"end":{"line":55,"column":null}},"type":"if","locations":[{"start":{"line":55,"column":2},"end":{"line":55,"column":null}},{"start":{},"end":{}}],"line":55},"5":{"loc":{"start":{"line":61,"column":9},"end":{"line":61,"column":null}},"type":"binary-expr","locations":[{"start":{"line":61,"column":9},"end":{"line":61,"column":19}},{"start":{"line":61,"column":19},"end":{"line":61,"column":null}}],"line":61},"6":{"loc":{"start":{"line":74,"column":8},"end":{"line":76,"column":null}},"type":"cond-expr","locations":[{"start":{"line":75,"column":8},"end":{"line":75,"column":null}},{"start":{"line":76,"column":8},"end":{"line":76,"column":null}}],"line":74},"7":{"loc":{"start":{"line":84,"column":20},"end":{"line":84,"column":null}},"type":"cond-expr","locations":[{"start":{"line":84,"column":34},"end":{"line":84,"column":50}},{"start":{"line":84,"column":50},"end":{"line":84,"column":null}}],"line":84}},"s":{"0":1,"1":1,"2":1,"3":3,"4":0,"5":3,"6":0,"7":3,"8":0,"9":3,"10":0,"11":3,"12":39,"13":3,"14":3,"15":3,"16":3,"17":0,"18":0,"19":0,"20":0,"21":3,"22":3,"23":3,"24":3,"25":3,"26":3,"27":3,"28":0},"f":{"0":3,"1":39,"2":3,"3":0,"4":0,"5":3,"6":0},"b":{"0":[0,3],"1":[0,3],"2":[0,3],"3":[0,3],"4":[3,0],"5":[0,0],"6":[2,1],"7":[3,0]},"meta":{"lastBranch":8,"lastFunction":7,"lastStatement":29,"seen":{"s:20:25:29:Infinity":0,"s:31:23:36:Infinity":1,"s:38:19:40:Infinity":2,"f:42:9:42:28":0,"b:43:2:43:Infinity:undefined:undefined:undefined:undefined":0,"s:43:2:43:Infinity":3,"s:43:37:43:Infinity":4,"b:44:2:44:Infinity:undefined:undefined:undefined:undefined":1,"s:44:2:44:Infinity":5,"s:44:49:44:Infinity":6,"b:45:2:45:Infinity:undefined:undefined:undefined:undefined":2,"s:45:2:45:Infinity":7,"s:45:51:45:Infinity":8,"b:46:2:46:Infinity:undefined:undefined:undefined:undefined":3,"s:46:2:46:Infinity":9,"s:46:41:46:Infinity":10,"s:48:18:52:Infinity":11,"f:52:4:52:8":1,"s:52:13:52:18":12,"s:54:16:54:Infinity":13,"f:54:24:54:29":2,"s:54:36:54:52":14,"b:55:2:55:Infinity:undefined:undefined:undefined:undefined":4,"s:55:2:55:Infinity":15,"s:55:13:55:Infinity":16,"s:57:17:59:Infinity":17,"f:58:5:58:12":3,"s:58:19:58:34":18,"f:59:5:59:10":4,"s:59:17:59:41":19,"s:61:2:61:Infinity":20,"b:61:9:61:19:61:19:61:Infinity":5,"f:64:24:64:35":5,"s:65:8:65:Infinity":21,"s:66:8:66:Infinity":22,"s:67:10:67:Infinity":23,"s:69:18:69:Infinity":24,"s:71:16:77:Infinity":25,"b:75:8:75:Infinity:76:8:76:Infinity":6,"s:79:22:79:Infinity":26,"s:81:2:88:Infinity":27,"b:84:34:84:50:84:50:84:Infinity":7,"f:86:6:86:16":6,"s:86:28:86:Infinity":28},"fnNames":{}}}
,"D:\\学习笔记\\软件工程原理与实践\\Group16-A3\\campus-activity\\src\\context\\AppContext.jsx": {"path":"D:\\学习笔记\\软件工程原理与实践\\Group16-A3\\campus-activity\\src\\context\\AppContext.jsx","statementMap":{"0":{"start":{"line":11,"column":20},"end":{"line":11,"column":null}},"1":{"start":{"line":14,"column":2},"end":{"line":19,"column":null}},"2":{"start":{"line":15,"column":18},"end":{"line":15,"column":null}},"3":{"start":{"line":16,"column":4},"end":{"line":16,"column":null}},"4":{"start":{"line":16,"column":15},"end":{"line":16,"column":null}},"5":{"start":{"line":20,"column":2},"end":{"line":20,"column":null}},"6":{"start":{"line":24,"column":17},"end":{"line":24,"column":null}},"7":{"start":{"line":25,"column":2},"end":{"line":29,"column":null}},"8":{"start":{"line":26,"column":4},"end":{"line":28,"column":null}},"9":{"start":{"line":26,"column":26},"end":{"line":26,"column":42}},"10":{"start":{"line":27,"column":6},"end":{"line":27,"column":null}},"11":{"start":{"line":30,"column":2},"end":{"line":30,"column":null}},"12":{"start":{"line":34,"column":2},"end":{"line":34,"column":null}},"13":{"start":{"line":37,"column":6},"end":{"line":37,"column":null}},"14":{"start":{"line":40,"column":16},"end":{"line":40,"column":null}},"15":{"start":{"line":42,"column":22},"end":{"line":42,"column":null}},"16":{"start":{"line":43,"column":16},"end":{"line":45,"column":null}},"17":{"start":{"line":46,"column":21},"end":{"line":46,"column":null}},"18":{"start":{"line":47,"column":18},"end":{"line":47,"column":null}},"19":{"start":{"line":48,"column":20},"end":{"line":48,"column":null}},"20":{"start":{"line":49,"column":20},"end":{"line":49,"column":null}},"21":{"start":{"line":50,"column":19},"end":{"line":50,"column":null}},"22":{"start":{"line":52,"column":8},"end":{"line":62,"column":null}},"23":{"start":{"line":53,"column":4},"end":{"line":61,"column":null}},"24":{"start":{"line":64,"column":8},"end":{"line":71,"column":null}},"25":{"start":{"line":65,"column":17},"end":{"line":65,"column":null}},"26":{"start":{"line":65,"column":33},"end":{"line":65,"column":75}},"27":{"start":{"line":66,"column":4},"end":{"line":66,"column":null}},"28":{"start":{"line":66,"column":15},"end":{"line":66,"column":null}},"29":{"start":{"line":67,"column":41},"end":{"line":67,"column":null}},"30":{"start":{"line":68,"column":4},"end":{"line":68,"column":null}},"31":{"start":{"line":69,"column":4},"end":{"line":69,"column":null}},"32":{"start":{"line":70,"column":4},"end":{"line":70,"column":null}},"33":{"start":{"line":73,"column":8},"end":{"line":76,"column":null}},"34":{"start":{"line":74,"column":4},"end":{"line":74,"column":null}},"35":{"start":{"line":75,"column":4},"end":{"line":75,"column":null}},"36":{"start":{"line":78,"column":8},"end":{"line":99,"column":null}},"37":{"start":{"line":79,"column":4},"end":{"line":81,"column":null}},"38":{"start":{"line":79,"column":24},"end":{"line":79,"column":40}},"39":{"start":{"line":80,"column":6},"end":{"line":80,"column":null}},"40":{"start":{"line":82,"column":20},"end":{"line":92,"column":null}},"41":{"start":{"line":93,"column":22},"end":{"line":93,"column":null}},"42":{"start":{"line":94,"column":4},"end":{"line":94,"column":null}},"43":{"start":{"line":95,"column":41},"end":{"line":95,"column":null}},"44":{"start":{"line":96,"column":4},"end":{"line":96,"column":null}},"45":{"start":{"line":97,"column":4},"end":{"line":97,"column":null}},"46":{"start":{"line":98,"column":4},"end":{"line":98,"column":null}},"47":{"start":{"line":101,"column":8},"end":{"line":111,"column":null}},"48":{"start":{"line":102,"column":4},"end":{"line":102,"column":null}},"49":{"start":{"line":102,"column":22},"end":{"line":102,"column":null}},"50":{"start":{"line":103,"column":22},"end":{"line":105,"column":null}},"51":{"start":{"line":104,"column":6},"end":{"line":104,"column":null}},"52":{"start":{"line":106,"column":20},"end":{"line":106,"column":null}},"53":{"start":{"line":106,"column":40},"end":{"line":106,"column":63}},"54":{"start":{"line":107,"column":41},"end":{"line":107,"column":null}},"55":{"start":{"line":108,"column":4},"end":{"line":108,"column":null}},"56":{"start":{"line":109,"column":4},"end":{"line":109,"column":null}},"57":{"start":{"line":110,"column":4},"end":{"line":110,"column":null}},"58":{"start":{"line":113,"column":8},"end":{"line":131,"column":null}},"59":{"start":{"line":114,"column":15},"end":{"line":114,"column":null}},"60":{"start":{"line":115,"column":24},"end":{"line":126,"column":null}},"61":{"start":{"line":127,"column":17},"end":{"line":127,"column":null}},"62":{"start":{"line":128,"column":4},"end":{"line":128,"column":null}},"63":{"start":{"line":129,"column":4},"end":{"line":129,"column":null}},"64":{"start":{"line":130,"column":4},"end":{"line":130,"column":null}},"65":{"start":{"line":133,"column":8},"end":{"line":137,"column":null}},"66":{"start":{"line":134,"column":17},"end":{"line":134,"column":null}},"67":{"start":{"line":134,"column":37},"end":{"line":134,"column":75}},"68":{"start":{"line":135,"column":4},"end":{"line":135,"column":null}},"69":{"start":{"line":136,"column":4},"end":{"line":136,"column":null}},"70":{"start":{"line":139,"column":8},"end":{"line":165,"column":null}},"71":{"start":{"line":140,"column":4},"end":{"line":140,"column":null}},"72":{"start":{"line":140,"column":22},"end":{"line":140,"column":null}},"73":{"start":{"line":141,"column":21},"end":{"line":143,"column":null}},"74":{"start":{"line":142,"column":11},"end":{"line":142,"column":null}},"75":{"start":{"line":144,"column":4},"end":{"line":144,"column":null}},"76":{"start":{"line":144,"column":18},"end":{"line":144,"column":null}},"77":{"start":{"line":145,"column":21},"end":{"line":145,"column":null}},"78":{"start":{"line":145,"column":42},"end":{"line":145,"column":61}},"79":{"start":{"line":146,"column":4},"end":{"line":146,"column":null}},"80":{"start":{"line":146,"column":19},"end":{"line":146,"column":null}},"81":{"start":{"line":147,"column":4},"end":{"line":149,"column":null}},"82":{"start":{"line":148,"column":6},"end":{"line":148,"column":null}},"83":{"start":{"line":150,"column":22},"end":{"line":156,"column":null}},"84":{"start":{"line":157,"column":24},"end":{"line":157,"column":null}},"85":{"start":{"line":158,"column":27},"end":{"line":160,"column":null}},"86":{"start":{"line":159,"column":6},"end":{"line":159,"column":null}},"87":{"start":{"line":161,"column":4},"end":{"line":161,"column":null}},"88":{"start":{"line":162,"column":4},"end":{"line":162,"column":null}},"89":{"start":{"line":163,"column":4},"end":{"line":163,"column":null}},"90":{"start":{"line":164,"column":4},"end":{"line":164,"column":null}},"91":{"start":{"line":167,"column":8},"end":{"line":192,"column":null}},"92":{"start":{"line":168,"column":4},"end":{"line":168,"column":null}},"93":{"start":{"line":168,"column":22},"end":{"line":168,"column":null}},"94":{"start":{"line":169,"column":19},"end":{"line":171,"column":null}},"95":{"start":{"line":170,"column":11},"end":{"line":170,"column":null}},"96":{"start":{"line":173,"column":16},"end":{"line":173,"column":null}},"97":{"start":{"line":174,"column":4},"end":{"line":182,"column":null}},"98":{"start":{"line":175,"column":6},"end":{"line":177,"column":null}},"99":{"start":{"line":176,"column":13},"end":{"line":176,"column":null}},"100":{"start":{"line":178,"column":6},"end":{"line":178,"column":null}},"101":{"start":{"line":180,"column":6},"end":{"line":180,"column":null}},"102":{"start":{"line":181,"column":6},"end":{"line":181,"column":null}},"103":{"start":{"line":183,"column":27},"end":{"line":187,"column":null}},"104":{"start":{"line":184,"column":6},"end":{"line":186,"column":null}},"105":{"start":{"line":188,"column":4},"end":{"line":188,"column":null}},"106":{"start":{"line":189,"column":4},"end":{"line":189,"column":null}},"107":{"start":{"line":190,"column":4},"end":{"line":190,"column":null}},"108":{"start":{"line":191,"column":4},"end":{"line":191,"column":null}},"109":{"start":{"line":194,"column":8},"end":{"line":200,"column":null}},"110":{"start":{"line":195,"column":24},"end":{"line":197,"column":null}},"111":{"start":{"line":196,"column":6},"end":{"line":196,"column":null}},"112":{"start":{"line":198,"column":4},"end":{"line":198,"column":null}},"113":{"start":{"line":199,"column":4},"end":{"line":199,"column":null}},"114":{"start":{"line":202,"column":8},"end":{"line":223,"column":null}},"115":{"start":{"line":203,"column":4},"end":{"line":203,"column":null}},"116":{"start":{"line":203,"column":22},"end":{"line":203,"column":null}},"117":{"start":{"line":204,"column":19},"end":{"line":206,"column":null}},"118":{"start":{"line":205,"column":11},"end":{"line":205,"column":null}},"119":{"start":{"line":207,"column":4},"end":{"line":207,"column":null}},"120":{"start":{"line":207,"column":17},"end":{"line":207,"column":null}},"121":{"start":{"line":208,"column":21},"end":{"line":210,"column":null}},"122":{"start":{"line":209,"column":11},"end":{"line":209,"column":null}},"123":{"start":{"line":211,"column":4},"end":{"line":211,"column":null}},"124":{"start":{"line":211,"column":18},"end":{"line":211,"column":null}},"125":{"start":{"line":212,"column":23},"end":{"line":218,"column":null}},"126":{"start":{"line":219,"column":17},"end":{"line":219,"column":null}},"127":{"start":{"line":220,"column":4},"end":{"line":220,"column":null}},"128":{"start":{"line":221,"column":4},"end":{"line":221,"column":null}},"129":{"start":{"line":222,"column":4},"end":{"line":222,"column":null}},"130":{"start":{"line":225,"column":8},"end":{"line":240,"column":null}},"131":{"start":{"line":226,"column":4},"end":{"line":226,"column":null}},"132":{"start":{"line":226,"column":22},"end":{"line":226,"column":null}},"133":{"start":{"line":227,"column":24},"end":{"line":235,"column":null}},"134":{"start":{"line":236,"column":17},"end":{"line":236,"column":null}},"135":{"start":{"line":237,"column":4},"end":{"line":237,"column":null}},"136":{"start":{"line":238,"column":4},"end":{"line":238,"column":null}},"137":{"start":{"line":239,"column":4},"end":{"line":239,"column":null}},"138":{"start":{"line":242,"column":8},"end":{"line":254,"column":null}},"139":{"start":{"line":243,"column":17},"end":{"line":251,"column":null}},"140":{"start":{"line":244,"column":6},"end":{"line":250,"column":null}},"141":{"start":{"line":252,"column":4},"end":{"line":252,"column":null}},"142":{"start":{"line":253,"column":4},"end":{"line":253,"column":null}},"143":{"start":{"line":256,"column":8},"end":{"line":261,"column":null}},"144":{"start":{"line":257,"column":4},"end":{"line":257,"column":null}},"145":{"start":{"line":257,"column":22},"end":{"line":257,"column":null}},"146":{"start":{"line":258,"column":4},"end":{"line":260,"column":null}},"147":{"start":{"line":259,"column":11},"end":{"line":259,"column":null}},"148":{"start":{"line":263,"column":8},"end":{"line":268,"column":null}},"149":{"start":{"line":264,"column":4},"end":{"line":264,"column":null}},"150":{"start":{"line":264,"column":22},"end":{"line":264,"column":null}},"151":{"start":{"line":265,"column":4},"end":{"line":267,"column":null}},"152":{"start":{"line":266,"column":11},"end":{"line":266,"column":null}},"153":{"start":{"line":270,"column":8},"end":{"line":294,"column":null}},"154":{"start":{"line":271,"column":4},"end":{"line":271,"column":null}},"155":{"start":{"line":271,"column":22},"end":{"line":271,"column":null}},"156":{"start":{"line":271,"column":52},"end":{"line":271,"column":76}},"157":{"start":{"line":272,"column":26},"end":{"line":272,"column":null}},"158":{"start":{"line":273,"column":26},"end":{"line":275,"column":null}},"159":{"start":{"line":274,"column":19},"end":{"line":274,"column":46}},"160":{"start":{"line":275,"column":16},"end":{"line":275,"column":28}},"161":{"start":{"line":276,"column":22},"end":{"line":276,"column":null}},"162":{"start":{"line":278,"column":4},"end":{"line":293,"column":null}},"163":{"start":{"line":279,"column":19},"end":{"line":279,"column":43}},"164":{"start":{"line":281,"column":20},"end":{"line":281,"column":null}},"165":{"start":{"line":282,"column":14},"end":{"line":282,"column":null}},"166":{"start":{"line":282,"column":59},"end":{"line":282,"column":84}},"167":{"start":{"line":283,"column":8},"end":{"line":283,"column":null}},"168":{"start":{"line":284,"column":8},"end":{"line":284,"column":null}},"169":{"start":{"line":285,"column":8},"end":{"line":285,"column":null}},"170":{"start":{"line":286,"column":8},"end":{"line":288,"column":null}},"171":{"start":{"line":287,"column":10},"end":{"line":287,"column":null}},"172":{"start":{"line":287,"column":28},"end":{"line":287,"column":103}},"173":{"start":{"line":288,"column":11},"end":{"line":288,"column":null}},"174":{"start":{"line":289,"column":8},"end":{"line":289,"column":null}},"175":{"start":{"line":289,"column":49},"end":{"line":289,"column":null}},"176":{"start":{"line":290,"column":8},"end":{"line":290,"column":null}},"177":{"start":{"line":292,"column":22},"end":{"line":292,"column":57}},"178":{"start":{"line":296,"column":8},"end":{"line":324,"column":null}},"179":{"start":{"line":296,"column":31},"end":{"line":319,"column":6}},"180":{"start":{"line":326,"column":2},"end":{"line":329,"column":null}},"181":{"start":{"line":334,"column":8},"end":{"line":334,"column":null}},"182":{"start":{"line":335,"column":2},"end":{"line":335,"column":null}},"183":{"start":{"line":335,"column":12},"end":{"line":335,"column":null}},"184":{"start":{"line":336,"column":2},"end":{"line":336,"column":null}}},"fnMap":{"0":{"name":"loadState","decl":{"start":{"line":13,"column":9},"end":{"line":13,"column":21}},"loc":{"start":{"line":13,"column":21},"end":{"line":21,"column":null}},"line":13},"1":{"name":"mergeSeedUsers","decl":{"start":{"line":23,"column":9},"end":{"line":23,"column":24}},"loc":{"start":{"line":23,"column":36},"end":{"line":31,"column":null}},"line":23},"2":{"name":"(anonymous_2)","decl":{"start":{"line":26,"column":16},"end":{"line":26,"column":21}},"loc":{"start":{"line":26,"column":26},"end":{"line":26,"column":42}},"line":26},"3":{"name":"saveState","decl":{"start":{"line":33,"column":9},"end":{"line":33,"column":19}},"loc":{"start":{"line":33,"column":26},"end":{"line":35,"column":null}},"line":33},"4":{"name":"AppProvider","decl":{"start":{"line":39,"column":16},"end":{"line":39,"column":28}},"loc":{"start":{"line":39,"column":42},"end":{"line":331,"column":null}},"line":39},"5":{"name":"(anonymous_5)","decl":{"start":{"line":52,"column":18},"end":{"line":52,"column":31}},"loc":{"start":{"line":52,"column":40},"end":{"line":62,"column":5}},"line":52},"6":{"name":"(anonymous_6)","decl":{"start":{"line":64,"column":16},"end":{"line":64,"column":29}},"loc":{"start":{"line":64,"column":50},"end":{"line":71,"column":5}},"line":64},"7":{"name":"(anonymous_7)","decl":{"start":{"line":65,"column":23},"end":{"line":65,"column":28}},"loc":{"start":{"line":65,"column":33},"end":{"line":65,"column":75}},"line":65},"8":{"name":"(anonymous_8)","decl":{"start":{"line":73,"column":17},"end":{"line":73,"column":35}},"loc":{"start":{"line":73,"column":35},"end":{"line":76,"column":5}},"line":73},"9":{"name":"(anonymous_9)","decl":{"start":{"line":78,"column":19},"end":{"line":78,"column":32}},"loc":{"start":{"line":78,"column":41},"end":{"line":99,"column":5}},"line":78},"10":{"name":"(anonymous_10)","decl":{"start":{"line":79,"column":14},"end":{"line":79,"column":19}},"loc":{"start":{"line":79,"column":24},"end":{"line":79,"column":40}},"line":79},"11":{"name":"(anonymous_11)","decl":{"start":{"line":101,"column":24},"end":{"line":101,"column":37}},"loc":{"start":{"line":101,"column":49},"end":{"line":111,"column":5}},"line":101},"12":{"name":"(anonymous_12)","decl":{"start":{"line":103,"column":28},"end":{"line":103,"column":32}},"loc":{"start":{"line":104,"column":6},"end":{"line":104,"column":null}},"line":104},"13":{"name":"(anonymous_13)","decl":{"start":{"line":106,"column":30},"end":{"line":106,"column":35}},"loc":{"start":{"line":106,"column":40},"end":{"line":106,"column":63}},"line":106},"14":{"name":"(anonymous_14)","decl":{"start":{"line":113,"column":25},"end":{"line":113,"column":38}},"loc":{"start":{"line":113,"column":51},"end":{"line":131,"column":5}},"line":113},"15":{"name":"(anonymous_15)","decl":{"start":{"line":133,"column":25},"end":{"line":133,"column":38}},"loc":{"start":{"line":133,"column":54},"end":{"line":137,"column":5}},"line":133},"16":{"name":"(anonymous_16)","decl":{"start":{"line":134,"column":28},"end":{"line":134,"column":32}},"loc":{"start":{"line":134,"column":37},"end":{"line":134,"column":75}},"line":134},"17":{"name":"(anonymous_17)","decl":{"start":{"line":139,"column":25},"end":{"line":139,"column":38}},"loc":{"start":{"line":139,"column":53},"end":{"line":165,"column":5}},"line":139},"18":{"name":"(anonymous_18)","decl":{"start":{"line":141,"column":29},"end":{"line":141,"column":null}},"loc":{"start":{"line":142,"column":11},"end":{"line":142,"column":null}},"line":142},"19":{"name":"(anonymous_19)","decl":{"start":{"line":145,"column":32},"end":{"line":145,"column":37}},"loc":{"start":{"line":145,"column":42},"end":{"line":145,"column":61}},"line":145},"20":{"name":"(anonymous_20)","decl":{"start":{"line":158,"column":38},"end":{"line":158,"column":42}},"loc":{"start":{"line":159,"column":6},"end":{"line":159,"column":null}},"line":159},"21":{"name":"(anonymous_21)","decl":{"start":{"line":167,"column":25},"end":{"line":167,"column":38}},"loc":{"start":{"line":167,"column":53},"end":{"line":192,"column":5}},"line":167},"22":{"name":"(anonymous_22)","decl":{"start":{"line":169,"column":29},"end":{"line":169,"column":null}},"loc":{"start":{"line":170,"column":11},"end":{"line":170,"column":null}},"line":170},"23":{"name":"(anonymous_23)","decl":{"start":{"line":175,"column":32},"end":{"line":175,"column":null}},"loc":{"start":{"line":176,"column":13},"end":{"line":176,"column":null}},"line":176},"24":{"name":"(anonymous_24)","decl":{"start":{"line":183,"column":38},"end":{"line":183,"column":42}},"loc":{"start":{"line":184,"column":6},"end":{"line":186,"column":null}},"line":184},"25":{"name":"(anonymous_25)","decl":{"start":{"line":194,"column":23},"end":{"line":194,"column":36}},"loc":{"start":{"line":194,"column":59},"end":{"line":200,"column":5}},"line":194},"26":{"name":"(anonymous_26)","decl":{"start":{"line":195,"column":32},"end":{"line":195,"column":36}},"loc":{"start":{"line":196,"column":6},"end":{"line":196,"column":null}},"line":196},"27":{"name":"(anonymous_27)","decl":{"start":{"line":202,"column":18},"end":{"line":202,"column":31}},"loc":{"start":{"line":202,"column":54},"end":{"line":223,"column":5}},"line":202},"28":{"name":"(anonymous_28)","decl":{"start":{"line":204,"column":27},"end":{"line":204,"column":null}},"loc":{"start":{"line":205,"column":11},"end":{"line":205,"column":null}},"line":205},"29":{"name":"(anonymous_29)","decl":{"start":{"line":208,"column":30},"end":{"line":208,"column":null}},"loc":{"start":{"line":209,"column":11},"end":{"line":209,"column":null}},"line":209},"30":{"name":"(anonymous_30)","decl":{"start":{"line":225,"column":25},"end":{"line":225,"column":38}},"loc":{"start":{"line":225,"column":74},"end":{"line":240,"column":5}},"line":225},"31":{"name":"(anonymous_31)","decl":{"start":{"line":242,"column":24},"end":{"line":242,"column":37}},"loc":{"start":{"line":242,"column":60},"end":{"line":254,"column":5}},"line":242},"32":{"name":"(anonymous_32)","decl":{"start":{"line":243,"column":28},"end":{"line":243,"column":32}},"loc":{"start":{"line":244,"column":6},"end":{"line":250,"column":null}},"line":244},"33":{"name":"(anonymous_33)","decl":{"start":{"line":256,"column":26},"end":{"line":256,"column":39}},"loc":{"start":{"line":256,"column":54},"end":{"line":261,"column":5}},"line":256},"34":{"name":"(anonymous_34)","decl":{"start":{"line":258,"column":19},"end":{"line":258,"column":null}},"loc":{"start":{"line":259,"column":11},"end":{"line":259,"column":null}},"line":259},"35":{"name":"(anonymous_35)","decl":{"start":{"line":263,"column":22},"end":{"line":263,"column":35}},"loc":{"start":{"line":263,"column":50},"end":{"line":268,"column":5}},"line":263},"36":{"name":"(anonymous_36)","decl":{"start":{"line":265,"column":21},"end":{"line":265,"column":null}},"loc":{"start":{"line":266,"column":11},"end":{"line":266,"column":null}},"line":266},"37":{"name":"(anonymous_37)","decl":{"start":{"line":270,"column":35},"end":{"line":270,"column":53}},"loc":{"start":{"line":270,"column":53},"end":{"line":294,"column":5}},"line":270},"38":{"name":"(anonymous_38)","decl":{"start":{"line":271,"column":40},"end":{"line":271,"column":47}},"loc":{"start":{"line":271,"column":52},"end":{"line":271,"column":76}},"line":271},"39":{"name":"(anonymous_39)","decl":{"start":{"line":274,"column":7},"end":{"line":274,"column":14}},"loc":{"start":{"line":274,"column":19},"end":{"line":274,"column":46}},"line":274},"40":{"name":"(anonymous_40)","decl":{"start":{"line":275,"column":7},"end":{"line":275,"column":11}},"loc":{"start":{"line":275,"column":16},"end":{"line":275,"column":28}},"line":275},"41":{"name":"(anonymous_41)","decl":{"start":{"line":279,"column":7},"end":{"line":279,"column":14}},"loc":{"start":{"line":279,"column":19},"end":{"line":279,"column":43}},"line":279},"42":{"name":"(anonymous_42)","decl":{"start":{"line":280,"column":7},"end":{"line":280,"column":11}},"loc":{"start":{"line":280,"column":23},"end":{"line":291,"column":7}},"line":280},"43":{"name":"(anonymous_43)","decl":{"start":{"line":282,"column":47},"end":{"line":282,"column":54}},"loc":{"start":{"line":282,"column":59},"end":{"line":282,"column":84}},"line":282},"44":{"name":"(anonymous_44)","decl":{"start":{"line":286,"column":22},"end":{"line":286,"column":27}},"loc":{"start":{"line":287,"column":10},"end":{"line":287,"column":null}},"line":287},"45":{"name":"(anonymous_45)","decl":{"start":{"line":287,"column":18},"end":{"line":287,"column":23}},"loc":{"start":{"line":287,"column":28},"end":{"line":287,"column":103}},"line":287},"46":{"name":"(anonymous_46)","decl":{"start":{"line":292,"column":7},"end":{"line":292,"column":13}},"loc":{"start":{"line":292,"column":22},"end":{"line":292,"column":57}},"line":292},"47":{"name":"(anonymous_47)","decl":{"start":{"line":296,"column":16},"end":{"line":296,"column":31}},"loc":{"start":{"line":296,"column":31},"end":{"line":319,"column":6}},"line":296},"48":{"name":"useApp","decl":{"start":{"line":333,"column":16},"end":{"line":333,"column":25}},"loc":{"start":{"line":333,"column":25},"end":{"line":337,"column":null}},"line":333}},"branchMap":{"0":{"loc":{"start":{"line":16,"column":4},"end":{"line":16,"column":null}},"type":"if","locations":[{"start":{"line":16,"column":4},"end":{"line":16,"column":null}},{"start":{},"end":{}}],"line":16},"1":{"loc":{"start":{"line":26,"column":4},"end":{"line":28,"column":null}},"type":"if","locations":[{"start":{"line":26,"column":4},"end":{"line":28,"column":null}},{"start":{},"end":{}}],"line":26},"2":{"loc":{"start":{"line":42,"column":49},"end":{"line":42,"column":75}},"type":"binary-expr","locations":[{"start":{"line":42,"column":49},"end":{"line":42,"column":71}},{"start":{"line":42,"column":71},"end":{"line":42,"column":75}}],"line":42},"3":{"loc":{"start":{"line":44,"column":4},"end":{"line":44,"column":null}},"type":"cond-expr","locations":[{"start":{"line":44,"column":19},"end":{"line":44,"column":49}},{"start":{"line":44,"column":49},"end":{"line":44,"column":null}}],"line":44},"4":{"loc":{"start":{"line":46,"column":47},"end":{"line":46,"column":85}},"type":"binary-expr","locations":[{"start":{"line":46,"column":47},"end":{"line":46,"column":68}},{"start":{"line":46,"column":68},"end":{"line":46,"column":85}}],"line":46},"5":{"loc":{"start":{"line":47,"column":41},"end":{"line":47,"column":73}},"type":"binary-expr","locations":[{"start":{"line":47,"column":41},"end":{"line":47,"column":59}},{"start":{"line":47,"column":59},"end":{"line":47,"column":73}}],"line":47},"6":{"loc":{"start":{"line":48,"column":45},"end":{"line":48,"column":81}},"type":"binary-expr","locations":[{"start":{"line":48,"column":45},"end":{"line":48,"column":65}},{"start":{"line":48,"column":65},"end":{"line":48,"column":81}}],"line":48},"7":{"loc":{"start":{"line":49,"column":45},"end":{"line":49,"column":81}},"type":"binary-expr","locations":[{"start":{"line":49,"column":45},"end":{"line":49,"column":65}},{"start":{"line":49,"column":65},"end":{"line":49,"column":81}}],"line":49},"8":{"loc":{"start":{"line":50,"column":43},"end":{"line":50,"column":77}},"type":"binary-expr","locations":[{"start":{"line":50,"column":43},"end":{"line":50,"column":62}},{"start":{"line":50,"column":62},"end":{"line":50,"column":77}}],"line":50},"9":{"loc":{"start":{"line":54,"column":19},"end":{"line":54,"column":null}},"type":"binary-expr","locations":[{"start":{"line":54,"column":19},"end":{"line":54,"column":39}},{"start":{"line":54,"column":39},"end":{"line":54,"column":null}}],"line":54},"10":{"loc":{"start":{"line":55,"column":13},"end":{"line":55,"column":null}},"type":"binary-expr","locations":[{"start":{"line":55,"column":13},"end":{"line":55,"column":27}},{"start":{"line":55,"column":27},"end":{"line":55,"column":null}}],"line":55},"11":{"loc":{"start":{"line":56,"column":18},"end":{"line":56,"column":null}},"type":"binary-expr","locations":[{"start":{"line":56,"column":18},"end":{"line":56,"column":37}},{"start":{"line":56,"column":37},"end":{"line":56,"column":null}}],"line":56},"12":{"loc":{"start":{"line":57,"column":15},"end":{"line":57,"column":null}},"type":"binary-expr","locations":[{"start":{"line":57,"column":15},"end":{"line":57,"column":31}},{"start":{"line":57,"column":31},"end":{"line":57,"column":null}}],"line":57},"13":{"loc":{"start":{"line":58,"column":17},"end":{"line":58,"column":null}},"type":"binary-expr","locations":[{"start":{"line":58,"column":17},"end":{"line":58,"column":35}},{"start":{"line":58,"column":35},"end":{"line":58,"column":null}}],"line":58},"14":{"loc":{"start":{"line":59,"column":17},"end":{"line":59,"column":null}},"type":"binary-expr","locations":[{"start":{"line":59,"column":17},"end":{"line":59,"column":35}},{"start":{"line":59,"column":35},"end":{"line":59,"column":null}}],"line":59},"15":{"loc":{"start":{"line":60,"column":16},"end":{"line":60,"column":null}},"type":"binary-expr","locations":[{"start":{"line":60,"column":16},"end":{"line":60,"column":33}},{"start":{"line":60,"column":33},"end":{"line":60,"column":null}}],"line":60},"16":{"loc":{"start":{"line":65,"column":33},"end":{"line":65,"column":75}},"type":"binary-expr","locations":[{"start":{"line":65,"column":33},"end":{"line":65,"column":52}},{"start":{"line":65,"column":52},"end":{"line":65,"column":75}}],"line":65},"17":{"loc":{"start":{"line":66,"column":4},"end":{"line":66,"column":null}},"type":"if","locations":[{"start":{"line":66,"column":4},"end":{"line":66,"column":null}},{"start":{},"end":{}}],"line":66},"18":{"loc":{"start":{"line":79,"column":4},"end":{"line":81,"column":null}},"type":"if","locations":[{"start":{"line":79,"column":4},"end":{"line":81,"column":null}},{"start":{},"end":{}}],"line":79},"19":{"loc":{"start":{"line":86,"column":12},"end":{"line":86,"column":null}},"type":"binary-expr","locations":[{"start":{"line":86,"column":12},"end":{"line":86,"column":25}},{"start":{"line":86,"column":25},"end":{"line":86,"column":null}}],"line":86},"20":{"loc":{"start":{"line":89,"column":17},"end":{"line":89,"column":null}},"type":"binary-expr","locations":[{"start":{"line":89,"column":17},"end":{"line":89,"column":35}},{"start":{"line":89,"column":35},"end":{"line":89,"column":null}}],"line":89},"21":{"loc":{"start":{"line":90,"column":21},"end":{"line":90,"column":null}},"type":"binary-expr","locations":[{"start":{"line":90,"column":21},"end":{"line":90,"column":43}},{"start":{"line":90,"column":43},"end":{"line":90,"column":null}}],"line":90},"22":{"loc":{"start":{"line":102,"column":4},"end":{"line":102,"column":null}},"type":"if","locations":[{"start":{"line":102,"column":4},"end":{"line":102,"column":null}},{"start":{},"end":{}}],"line":102},"23":{"loc":{"start":{"line":104,"column":6},"end":{"line":104,"column":null}},"type":"cond-expr","locations":[{"start":{"line":104,"column":32},"end":{"line":104,"column":55}},{"start":{"line":104,"column":55},"end":{"line":104,"column":null}}],"line":104},"24":{"loc":{"start":{"line":134,"column":37},"end":{"line":134,"column":75}},"type":"cond-expr","locations":[{"start":{"line":134,"column":51},"end":{"line":134,"column":74}},{"start":{"line":134,"column":74},"end":{"line":134,"column":75}}],"line":134},"25":{"loc":{"start":{"line":140,"column":4},"end":{"line":140,"column":null}},"type":"if","locations":[{"start":{"line":140,"column":4},"end":{"line":140,"column":null}},{"start":{},"end":{}}],"line":140},"26":{"loc":{"start":{"line":142,"column":11},"end":{"line":142,"column":null}},"type":"binary-expr","locations":[{"start":{"line":142,"column":11},"end":{"line":142,"column":42}},{"start":{"line":142,"column":42},"end":{"line":142,"column":null}}],"line":142},"27":{"loc":{"start":{"line":144,"column":4},"end":{"line":144,"column":null}},"type":"if","locations":[{"start":{"line":144,"column":4},"end":{"line":144,"column":null}},{"start":{},"end":{}}],"line":144},"28":{"loc":{"start":{"line":146,"column":4},"end":{"line":146,"column":null}},"type":"if","locations":[{"start":{"line":146,"column":4},"end":{"line":146,"column":null}},{"start":{},"end":{}}],"line":146},"29":{"loc":{"start":{"line":147,"column":4},"end":{"line":149,"column":null}},"type":"if","locations":[{"start":{"line":147,"column":4},"end":{"line":149,"column":null}},{"start":{},"end":{}}],"line":147},"30":{"loc":{"start":{"line":159,"column":6},"end":{"line":159,"column":null}},"type":"cond-expr","locations":[{"start":{"line":159,"column":28},"end":{"line":159,"column":71}},{"start":{"line":159,"column":71},"end":{"line":159,"column":null}}],"line":159},"31":{"loc":{"start":{"line":168,"column":4},"end":{"line":168,"column":null}},"type":"if","locations":[{"start":{"line":168,"column":4},"end":{"line":168,"column":null}},{"start":{},"end":{}}],"line":168},"32":{"loc":{"start":{"line":170,"column":11},"end":{"line":170,"column":null}},"type":"binary-expr","locations":[{"start":{"line":170,"column":11},"end":{"line":170,"column":42}},{"start":{"line":170,"column":42},"end":{"line":170,"column":null}}],"line":170},"33":{"loc":{"start":{"line":174,"column":4},"end":{"line":182,"column":null}},"type":"if","locations":[{"start":{"line":174,"column":4},"end":{"line":182,"column":null}},{"start":{"line":179,"column":11},"end":{"line":182,"column":null}}],"line":174},"34":{"loc":{"start":{"line":176,"column":15},"end":{"line":176,"column":null}},"type":"binary-expr","locations":[{"start":{"line":176,"column":15},"end":{"line":176,"column":46}},{"start":{"line":176,"column":46},"end":{"line":176,"column":null}}],"line":176},"35":{"loc":{"start":{"line":184,"column":6},"end":{"line":186,"column":null}},"type":"cond-expr","locations":[{"start":{"line":185,"column":10},"end":{"line":185,"column":null}},{"start":{"line":186,"column":10},"end":{"line":186,"column":null}}],"line":184},"36":{"loc":{"start":{"line":196,"column":6},"end":{"line":196,"column":null}},"type":"cond-expr","locations":[{"start":{"line":196,"column":26},"end":{"line":196,"column":81}},{"start":{"line":196,"column":81},"end":{"line":196,"column":null}}],"line":196},"37":{"loc":{"start":{"line":196,"column":42},"end":{"line":196,"column":77}},"type":"cond-expr","locations":[{"start":{"line":196,"column":53},"end":{"line":196,"column":66}},{"start":{"line":196,"column":66},"end":{"line":196,"column":77}}],"line":196},"38":{"loc":{"start":{"line":203,"column":4},"end":{"line":203,"column":null}},"type":"if","locations":[{"start":{"line":203,"column":4},"end":{"line":203,"column":null}},{"start":{},"end":{}}],"line":203},"39":{"loc":{"start":{"line":205,"column":11},"end":{"line":205,"column":null}},"type":"binary-expr","locations":[{"start":{"line":205,"column":11},"end":{"line":205,"column":42}},{"start":{"line":205,"column":42},"end":{"line":205,"column":73}},{"start":{"line":205,"column":73},"end":{"line":205,"column":null}}],"line":205},"40":{"loc":{"start":{"line":207,"column":4},"end":{"line":207,"column":null}},"type":"if","locations":[{"start":{"line":207,"column":4},"end":{"line":207,"column":null}},{"start":{},"end":{}}],"line":207},"41":{"loc":{"start":{"line":209,"column":11},"end":{"line":209,"column":null}},"type":"binary-expr","locations":[{"start":{"line":209,"column":11},"end":{"line":209,"column":42}},{"start":{"line":209,"column":42},"end":{"line":209,"column":null}}],"line":209},"42":{"loc":{"start":{"line":211,"column":4},"end":{"line":211,"column":null}},"type":"if","locations":[{"start":{"line":211,"column":4},"end":{"line":211,"column":null}},{"start":{},"end":{}}],"line":211},"43":{"loc":{"start":{"line":226,"column":4},"end":{"line":226,"column":null}},"type":"if","locations":[{"start":{"line":226,"column":4},"end":{"line":226,"column":null}},{"start":{},"end":{}}],"line":226},"44":{"loc":{"start":{"line":244,"column":6},"end":{"line":250,"column":null}},"type":"cond-expr","locations":[{"start":{"line":245,"column":10},"end":{"line":249,"column":null}},{"start":{"line":250,"column":10},"end":{"line":250,"column":null}}],"line":244},"45":{"loc":{"start":{"line":257,"column":4},"end":{"line":257,"column":null}},"type":"if","locations":[{"start":{"line":257,"column":4},"end":{"line":257,"column":null}},{"start":{},"end":{}}],"line":257},"46":{"loc":{"start":{"line":258,"column":11},"end":{"line":260,"column":null}},"type":"binary-expr","locations":[{"start":{"line":258,"column":11},"end":{"line":260,"column":17}},{"start":{"line":260,"column":17},"end":{"line":260,"column":null}}],"line":258},"47":{"loc":{"start":{"line":259,"column":11},"end":{"line":259,"column":null}},"type":"binary-expr","locations":[{"start":{"line":259,"column":11},"end":{"line":259,"column":42}},{"start":{"line":259,"column":42},"end":{"line":259,"column":null}}],"line":259},"48":{"loc":{"start":{"line":264,"column":4},"end":{"line":264,"column":null}},"type":"if","locations":[{"start":{"line":264,"column":4},"end":{"line":264,"column":null}},{"start":{},"end":{}}],"line":264},"49":{"loc":{"start":{"line":266,"column":11},"end":{"line":266,"column":null}},"type":"binary-expr","locations":[{"start":{"line":266,"column":11},"end":{"line":266,"column":42}},{"start":{"line":266,"column":42},"end":{"line":266,"column":null}}],"line":266},"50":{"loc":{"start":{"line":271,"column":4},"end":{"line":271,"column":null}},"type":"if","locations":[{"start":{"line":271,"column":4},"end":{"line":271,"column":null}},{"start":{},"end":{}}],"line":271},"51":{"loc":{"start":{"line":272,"column":26},"end":{"line":272,"column":null}},"type":"binary-expr","locations":[{"start":{"line":272,"column":26},"end":{"line":272,"column":51}},{"start":{"line":272,"column":51},"end":{"line":272,"column":null}}],"line":272},"52":{"loc":{"start":{"line":276,"column":22},"end":{"line":276,"column":null}},"type":"binary-expr","locations":[{"start":{"line":276,"column":22},"end":{"line":276,"column":45}},{"start":{"line":276,"column":45},"end":{"line":276,"column":null}}],"line":276},"53":{"loc":{"start":{"line":282,"column":26},"end":{"line":282,"column":45}},"type":"binary-expr","locations":[{"start":{"line":282,"column":26},"end":{"line":282,"column":43}},{"start":{"line":282,"column":43},"end":{"line":282,"column":45}}],"line":282},"54":{"loc":{"start":{"line":286,"column":8},"end":{"line":288,"column":null}},"type":"if","locations":[{"start":{"line":286,"column":8},"end":{"line":288,"column":null}},{"start":{},"end":{}}],"line":286},"55":{"loc":{"start":{"line":287,"column":28},"end":{"line":287,"column":103}},"type":"binary-expr","locations":[{"start":{"line":287,"column":28},"end":{"line":287,"column":60}},{"start":{"line":287,"column":60},"end":{"line":287,"column":80}},{"start":{"line":287,"column":80},"end":{"line":287,"column":103}}],"line":287},"56":{"loc":{"start":{"line":289,"column":8},"end":{"line":289,"column":null}},"type":"if","locations":[{"start":{"line":289,"column":8},"end":{"line":289,"column":null}},{"start":{},"end":{}}],"line":289},"57":{"loc":{"start":{"line":335,"column":2},"end":{"line":335,"column":null}},"type":"if","locations":[{"start":{"line":335,"column":2},"end":{"line":335,"column":null}},{"start":{},"end":{}}],"line":335}},"s":{"0":5,"1":52,"2":52,"3":52,"4":31,"5":21,"6":31,"7":31,"8":124,"9":285,"10":25,"11":31,"12":24,"13":5,"14":52,"15":52,"16":52,"17":52,"18":52,"19":52,"20":52,"21":52,"22":52,"23":24,"24":52,"25":14,"26":29,"27":14,"28":1,"29":13,"30":13,"31":13,"32":13,"33":52,"34":1,"35":1,"36":52,"37":2,"38":5,"39":1,"40":1,"41":2,"42":2,"43":2,"44":2,"45":2,"46":2,"47":52,"48":1,"49":0,"50":1,"51":4,"52":1,"53":1,"54":1,"55":1,"56":1,"57":1,"58":52,"59":1,"60":1,"61":1,"62":1,"63":1,"64":1,"65":52,"66":1,"67":6,"68":1,"69":1,"70":52,"71":3,"72":1,"73":2,"74":12,"75":2,"76":2,"77":1,"78":2,"79":1,"80":0,"81":1,"82":0,"83":1,"84":1,"85":1,"86":6,"87":1,"88":1,"89":1,"90":1,"91":52,"92":3,"93":1,"94":2,"95":7,"96":2,"97":2,"98":1,"99":4,"100":1,"101":1,"102":1,"103":2,"104":12,"105":2,"106":2,"107":2,"108":2,"109":52,"110":1,"111":11,"112":1,"113":1,"114":52,"115":2,"116":0,"117":2,"118":12,"119":2,"120":1,"121":1,"122":6,"123":1,"124":0,"125":1,"126":1,"127":1,"128":1,"129":1,"130":52,"131":1,"132":0,"133":1,"134":1,"135":1,"136":1,"137":1,"138":52,"139":0,"140":0,"141":0,"142":0,"143":52,"144":1,"145":0,"146":1,"147":12,"148":52,"149":2,"150":0,"151":2,"152":7,"153":52,"154":2,"155":1,"156":6,"157":1,"158":2,"159":11,"160":5,"161":2,"162":2,"163":6,"164":5,"165":5,"166":9,"167":5,"168":5,"169":5,"170":5,"171":8,"172":76,"173":2,"174":5,"175":5,"176":5,"177":8,"178":52,"179":52,"180":52,"181":52,"182":52,"183":0,"184":52},"f":{"0":52,"1":31,"2":285,"3":24,"4":52,"5":24,"6":14,"7":29,"8":1,"9":2,"10":5,"11":1,"12":4,"13":1,"14":1,"15":1,"16":6,"17":3,"18":12,"19":2,"20":6,"21":3,"22":7,"23":4,"24":12,"25":1,"26":11,"27":2,"28":12,"29":6,"30":1,"31":0,"32":0,"33":1,"34":12,"35":2,"36":7,"37":2,"38":6,"39":11,"40":5,"41":6,"42":5,"43":9,"44":8,"45":76,"46":8,"47":52,"48":52},"b":{"0":[31,21],"1":[25,99],"2":[52,24],"3":[31,21],"4":[52,21],"5":[52,21],"6":[52,21],"7":[52,21],"8":[52,21],"9":[24,9],"10":[24,22],"11":[24,19],"12":[24,22],"13":[24,22],"14":[24,23],"15":[24,23],"16":[29,14],"17":[1,13],"18":[1,1],"19":[1,0],"20":[2,0],"21":[2,0],"22":[0,1],"23":[1,3],"24":[1,5],"25":[1,2],"26":[12,2],"27":[1,1],"28":[0,1],"29":[0,1],"30":[1,5],"31":[1,2],"32":[7,3],"33":[1,1],"34":[4,2],"35":[2,10],"36":[1,10],"37":[1,0],"38":[0,2],"39":[12,2,2],"40":[1,1],"41":[6,0],"42":[0,1],"43":[0,1],"44":[0,0],"45":[0,1],"46":[1,0],"47":[12,2],"48":[0,2],"49":[7,3],"50":[1,1],"51":[1,0],"52":[2,0],"53":[5,0],"54":[2,3],"55":[76,12,4],"56":[5,0],"57":[0,52]},"meta":{"lastBranch":58,"lastFunction":49,"lastStatement":185,"seen":{"s:11:20:11:Infinity":0,"f:13:9:13:21":0,"s:14:2:19:Infinity":1,"s:15:18:15:Infinity":2,"b:16:4:16:Infinity:undefined:undefined:undefined:undefined":0,"s:16:4:16:Infinity":3,"s:16:15:16:Infinity":4,"s:20:2:20:Infinity":5,"f:23:9:23:24":1,"s:24:17:24:Infinity":6,"s:25:2:29:Infinity":7,"b:26:4:28:Infinity:undefined:undefined:undefined:undefined":1,"s:26:4:28:Infinity":8,"f:26:16:26:21":2,"s:26:26:26:42":9,"s:27:6:27:Infinity":10,"s:30:2:30:Infinity":11,"f:33:9:33:19":3,"s:34:2:34:Infinity":12,"s:37:6:37:Infinity":13,"f:39:16:39:28":4,"s:40:16:40:Infinity":14,"s:42:22:42:Infinity":15,"b:42:49:42:71:42:71:42:75":2,"s:43:16:45:Infinity":16,"b:44:19:44:49:44:49:44:Infinity":3,"s:46:21:46:Infinity":17,"b:46:47:46:68:46:68:46:85":4,"s:47:18:47:Infinity":18,"b:47:41:47:59:47:59:47:73":5,"s:48:20:48:Infinity":19,"b:48:45:48:65:48:65:48:81":6,"s:49:20:49:Infinity":20,"b:49:45:49:65:49:65:49:81":7,"s:50:19:50:Infinity":21,"b:50:43:50:62:50:62:50:77":8,"s:52:8:62:Infinity":22,"f:52:18:52:31":5,"s:53:4:61:Infinity":23,"b:54:19:54:39:54:39:54:Infinity":9,"b:55:13:55:27:55:27:55:Infinity":10,"b:56:18:56:37:56:37:56:Infinity":11,"b:57:15:57:31:57:31:57:Infinity":12,"b:58:17:58:35:58:35:58:Infinity":13,"b:59:17:59:35:59:35:59:Infinity":14,"b:60:16:60:33:60:33:60:Infinity":15,"s:64:8:71:Infinity":24,"f:64:16:64:29":6,"s:65:17:65:Infinity":25,"f:65:23:65:28":7,"s:65:33:65:75":26,"b:65:33:65:52:65:52:65:75":16,"b:66:4:66:Infinity:undefined:undefined:undefined:undefined":17,"s:66:4:66:Infinity":27,"s:66:15:66:Infinity":28,"s:67:41:67:Infinity":29,"s:68:4:68:Infinity":30,"s:69:4:69:Infinity":31,"s:70:4:70:Infinity":32,"s:73:8:76:Infinity":33,"f:73:17:73:35":8,"s:74:4:74:Infinity":34,"s:75:4:75:Infinity":35,"s:78:8:99:Infinity":36,"f:78:19:78:32":9,"b:79:4:81:Infinity:undefined:undefined:undefined:undefined":18,"s:79:4:81:Infinity":37,"f:79:14:79:19":10,"s:79:24:79:40":38,"s:80:6:80:Infinity":39,"s:82:20:92:Infinity":40,"b:86:12:86:25:86:25:86:Infinity":19,"b:89:17:89:35:89:35:89:Infinity":20,"b:90:21:90:43:90:43:90:Infinity":21,"s:93:22:93:Infinity":41,"s:94:4:94:Infinity":42,"s:95:41:95:Infinity":43,"s:96:4:96:Infinity":44,"s:97:4:97:Infinity":45,"s:98:4:98:Infinity":46,"s:101:8:111:Infinity":47,"f:101:24:101:37":11,"b:102:4:102:Infinity:undefined:undefined:undefined:undefined":22,"s:102:4:102:Infinity":48,"s:102:22:102:Infinity":49,"s:103:22:105:Infinity":50,"f:103:28:103:32":12,"s:104:6:104:Infinity":51,"b:104:32:104:55:104:55:104:Infinity":23,"s:106:20:106:Infinity":52,"f:106:30:106:35":13,"s:106:40:106:63":53,"s:107:41:107:Infinity":54,"s:108:4:108:Infinity":55,"s:109:4:109:Infinity":56,"s:110:4:110:Infinity":57,"s:113:8:131:Infinity":58,"f:113:25:113:38":14,"s:114:15:114:Infinity":59,"s:115:24:126:Infinity":60,"s:127:17:127:Infinity":61,"s:128:4:128:Infinity":62,"s:129:4:129:Infinity":63,"s:130:4:130:Infinity":64,"s:133:8:137:Infinity":65,"f:133:25:133:38":15,"s:134:17:134:Infinity":66,"f:134:28:134:32":16,"s:134:37:134:75":67,"b:134:51:134:74:134:74:134:75":24,"s:135:4:135:Infinity":68,"s:136:4:136:Infinity":69,"s:139:8:165:Infinity":70,"f:139:25:139:38":17,"b:140:4:140:Infinity:undefined:undefined:undefined:undefined":25,"s:140:4:140:Infinity":71,"s:140:22:140:Infinity":72,"s:141:21:143:Infinity":73,"f:141:29:141:Infinity":18,"s:142:11:142:Infinity":74,"b:142:11:142:42:142:42:142:Infinity":26,"b:144:4:144:Infinity:undefined:undefined:undefined:undefined":27,"s:144:4:144:Infinity":75,"s:144:18:144:Infinity":76,"s:145:21:145:Infinity":77,"f:145:32:145:37":19,"s:145:42:145:61":78,"b:146:4:146:Infinity:undefined:undefined:undefined:undefined":28,"s:146:4:146:Infinity":79,"s:146:19:146:Infinity":80,"b:147:4:149:Infinity:undefined:undefined:undefined:undefined":29,"s:147:4:149:Infinity":81,"s:148:6:148:Infinity":82,"s:150:22:156:Infinity":83,"s:157:24:157:Infinity":84,"s:158:27:160:Infinity":85,"f:158:38:158:42":20,"s:159:6:159:Infinity":86,"b:159:28:159:71:159:71:159:Infinity":30,"s:161:4:161:Infinity":87,"s:162:4:162:Infinity":88,"s:163:4:163:Infinity":89,"s:164:4:164:Infinity":90,"s:167:8:192:Infinity":91,"f:167:25:167:38":21,"b:168:4:168:Infinity:undefined:undefined:undefined:undefined":31,"s:168:4:168:Infinity":92,"s:168:22:168:Infinity":93,"s:169:19:171:Infinity":94,"f:169:29:169:Infinity":22,"s:170:11:170:Infinity":95,"b:170:11:170:42:170:42:170:Infinity":32,"s:173:16:173:Infinity":96,"b:174:4:182:Infinity:179:11:182:Infinity":33,"s:174:4:182:Infinity":97,"s:175:6:177:Infinity":98,"f:175:32:175:Infinity":23,"s:176:13:176:Infinity":99,"b:176:15:176:46:176:46:176:Infinity":34,"s:178:6:178:Infinity":100,"s:180:6:180:Infinity":101,"s:181:6:181:Infinity":102,"s:183:27:187:Infinity":103,"f:183:38:183:42":24,"s:184:6:186:Infinity":104,"b:185:10:185:Infinity:186:10:186:Infinity":35,"s:188:4:188:Infinity":105,"s:189:4:189:Infinity":106,"s:190:4:190:Infinity":107,"s:191:4:191:Infinity":108,"s:194:8:200:Infinity":109,"f:194:23:194:36":25,"s:195:24:197:Infinity":110,"f:195:32:195:36":26,"s:196:6:196:Infinity":111,"b:196:26:196:81:196:81:196:Infinity":36,"b:196:53:196:66:196:66:196:77":37,"s:198:4:198:Infinity":112,"s:199:4:199:Infinity":113,"s:202:8:223:Infinity":114,"f:202:18:202:31":27,"b:203:4:203:Infinity:undefined:undefined:undefined:undefined":38,"s:203:4:203:Infinity":115,"s:203:22:203:Infinity":116,"s:204:19:206:Infinity":117,"f:204:27:204:Infinity":28,"s:205:11:205:Infinity":118,"b:205:11:205:42:205:42:205:73:205:73:205:Infinity":39,"b:207:4:207:Infinity:undefined:undefined:undefined:undefined":40,"s:207:4:207:Infinity":119,"s:207:17:207:Infinity":120,"s:208:21:210:Infinity":121,"f:208:30:208:Infinity":29,"s:209:11:209:Infinity":122,"b:209:11:209:42:209:42:209:Infinity":41,"b:211:4:211:Infinity:undefined:undefined:undefined:undefined":42,"s:211:4:211:Infinity":123,"s:211:18:211:Infinity":124,"s:212:23:218:Infinity":125,"s:219:17:219:Infinity":126,"s:220:4:220:Infinity":127,"s:221:4:221:Infinity":128,"s:222:4:222:Infinity":129,"s:225:8:240:Infinity":130,"f:225:25:225:38":30,"b:226:4:226:Infinity:undefined:undefined:undefined:undefined":43,"s:226:4:226:Infinity":131,"s:226:22:226:Infinity":132,"s:227:24:235:Infinity":133,"s:236:17:236:Infinity":134,"s:237:4:237:Infinity":135,"s:238:4:238:Infinity":136,"s:239:4:239:Infinity":137,"s:242:8:254:Infinity":138,"f:242:24:242:37":31,"s:243:17:251:Infinity":139,"f:243:28:243:32":32,"s:244:6:250:Infinity":140,"b:245:10:249:Infinity:250:10:250:Infinity":44,"s:252:4:252:Infinity":141,"s:253:4:253:Infinity":142,"s:256:8:261:Infinity":143,"f:256:26:256:39":33,"b:257:4:257:Infinity:undefined:undefined:undefined:undefined":45,"s:257:4:257:Infinity":144,"s:257:22:257:Infinity":145,"s:258:4:260:Infinity":146,"b:258:11:260:17:260:17:260:Infinity":46,"f:258:19:258:Infinity":34,"s:259:11:259:Infinity":147,"b:259:11:259:42:259:42:259:Infinity":47,"s:263:8:268:Infinity":148,"f:263:22:263:35":35,"b:264:4:264:Infinity:undefined:undefined:undefined:undefined":48,"s:264:4:264:Infinity":149,"s:264:22:264:Infinity":150,"s:265:4:267:Infinity":151,"f:265:21:265:Infinity":36,"s:266:11:266:Infinity":152,"b:266:11:266:42:266:42:266:Infinity":49,"s:270:8:294:Infinity":153,"f:270:35:270:53":37,"b:271:4:271:Infinity:undefined:undefined:undefined:undefined":50,"s:271:4:271:Infinity":154,"s:271:22:271:Infinity":155,"f:271:40:271:47":38,"s:271:52:271:76":156,"s:272:26:272:Infinity":157,"b:272:26:272:51:272:51:272:Infinity":51,"s:273:26:275:Infinity":158,"f:274:7:274:14":39,"s:274:19:274:46":159,"f:275:7:275:11":40,"s:275:16:275:28":160,"s:276:22:276:Infinity":161,"b:276:22:276:45:276:45:276:Infinity":52,"s:278:4:293:Infinity":162,"f:279:7:279:14":41,"s:279:19:279:43":163,"f:280:7:280:11":42,"s:281:20:281:Infinity":164,"s:282:14:282:Infinity":165,"b:282:26:282:43:282:43:282:45":53,"f:282:47:282:54":43,"s:282:59:282:84":166,"s:283:8:283:Infinity":167,"s:284:8:284:Infinity":168,"s:285:8:285:Infinity":169,"b:286:8:288:Infinity:undefined:undefined:undefined:undefined":54,"s:286:8:288:Infinity":170,"f:286:22:286:27":44,"s:287:10:287:Infinity":171,"f:287:18:287:23":45,"s:287:28:287:103":172,"b:287:28:287:60:287:60:287:80:287:80:287:103":55,"s:288:11:288:Infinity":173,"b:289:8:289:Infinity:undefined:undefined:undefined:undefined":56,"s:289:8:289:Infinity":174,"s:289:49:289:Infinity":175,"s:290:8:290:Infinity":176,"f:292:7:292:13":46,"s:292:22:292:57":177,"s:296:8:324:Infinity":178,"f:296:16:296:31":47,"s:296:31:319:6":179,"s:326:2:329:Infinity":180,"f:333:16:333:25":48,"s:334:8:334:Infinity":181,"b:335:2:335:Infinity:undefined:undefined:undefined:undefined":57,"s:335:2:335:Infinity":182,"s:335:12:335:Infinity":183,"s:336:2:336:Infinity":184},"fnNames":{}}}
,"D:\\学习笔记\\软件工程原理与实践\\Group16-A3\\campus-activity\\src\\data\\mockData.js": {"path":"D:\\学习笔记\\软件工程原理与实践\\Group16-A3\\campus-activity\\src\\data\\mockData.js","statementMap":{"0":{"start":{"line":1,"column":35},"end":{"line":8,"column":null}},"1":{"start":{"line":10,"column":24},"end":{"line":17,"column":null}},"2":{"start":{"line":19,"column":29},"end":{"line":22,"column":null}},"3":{"start":{"line":24,"column":28},"end":{"line":69,"column":null}},"4":{"start":{"line":71,"column":33},"end":{"line":212,"column":null}},"5":{"start":{"line":214,"column":30},"end":{"line":226,"column":null}},"6":{"start":{"line":228,"column":32},"end":{"line":232,"column":null}},"7":{"start":{"line":234,"column":32},"end":{"line":262,"column":null}},"8":{"start":{"line":264,"column":31},"end":{"line":271,"column":null}},"9":{"start":{"line":273,"column":38},"end":{"line":278,"column":null}},"10":{"start":{"line":280,"column":36},"end":{"line":285,"column":null}},"11":{"start":{"line":287,"column":40},"end":{"line":331,"column":null}},"12":{"start":{"line":334,"column":2},"end":{"line":334,"column":null}},"13":{"start":{"line":334,"column":39},"end":{"line":334,"column":56}},"14":{"start":{"line":338,"column":2},"end":{"line":338,"column":null}},"15":{"start":{"line":338,"column":18},"end":{"line":338,"column":null}},"16":{"start":{"line":339,"column":12},"end":{"line":339,"column":null}},"17":{"start":{"line":340,"column":2},"end":{"line":346,"column":null}},"18":{"start":{"line":350,"column":2},"end":{"line":350,"column":null}}},"fnMap":{"0":{"name":"getCategoryLabel","decl":{"start":{"line":333,"column":16},"end":{"line":333,"column":33}},"loc":{"start":{"line":333,"column":40},"end":{"line":335,"column":null}},"line":333},"1":{"name":"(anonymous_1)","decl":{"start":{"line":334,"column":29},"end":{"line":334,"column":34}},"loc":{"start":{"line":334,"column":39},"end":{"line":334,"column":56}},"line":334},"2":{"name":"formatDateTime","decl":{"start":{"line":337,"column":16},"end":{"line":337,"column":31}},"loc":{"start":{"line":337,"column":42},"end":{"line":347,"column":null}},"line":337},"3":{"name":"formatDateRange","decl":{"start":{"line":349,"column":16},"end":{"line":349,"column":32}},"loc":{"start":{"line":349,"column":44},"end":{"line":351,"column":null}},"line":349}},"branchMap":{"0":{"loc":{"start":{"line":334,"column":9},"end":{"line":334,"column":null}},"type":"binary-expr","locations":[{"start":{"line":334,"column":9},"end":{"line":334,"column":68}},{"start":{"line":334,"column":68},"end":{"line":334,"column":null}}],"line":334},"1":{"loc":{"start":{"line":338,"column":2},"end":{"line":338,"column":null}},"type":"if","locations":[{"start":{"line":338,"column":2},"end":{"line":338,"column":null}},{"start":{},"end":{}}],"line":338}},"s":{"0":6,"1":6,"2":6,"3":6,"4":6,"5":6,"6":6,"7":6,"8":6,"9":6,"10":6,"11":6,"12":9,"13":22,"14":11,"15":3,"16":8,"17":8,"18":1},"f":{"0":9,"1":22,"2":11,"3":1},"b":{"0":[9,1],"1":[3,8]},"meta":{"lastBranch":2,"lastFunction":4,"lastStatement":19,"seen":{"s:1:35:8:Infinity":0,"s:10:24:17:Infinity":1,"s:19:29:22:Infinity":2,"s:24:28:69:Infinity":3,"s:71:33:212:Infinity":4,"s:214:30:226:Infinity":5,"s:228:32:232:Infinity":6,"s:234:32:262:Infinity":7,"s:264:31:271:Infinity":8,"s:273:38:278:Infinity":9,"s:280:36:285:Infinity":10,"s:287:40:331:Infinity":11,"f:333:16:333:33":0,"s:334:2:334:Infinity":12,"b:334:9:334:68:334:68:334:Infinity":0,"f:334:29:334:34":1,"s:334:39:334:56":13,"f:337:16:337:31":2,"b:338:2:338:Infinity:undefined:undefined:undefined:undefined":1,"s:338:2:338:Infinity":14,"s:338:18:338:Infinity":15,"s:339:12:339:Infinity":16,"s:340:2:346:Infinity":17,"f:349:16:349:32":3,"s:350:2:350:Infinity":18},"fnNames":{}}}
,"D:\\学习笔记\\软件工程原理与实践\\Group16-A3\\campus-activity\\src\\layouts\\MainLayout.jsx": {"path":"D:\\学习笔记\\软件工程原理与实践\\Group16-A3\\campus-activity\\src\\layouts\\MainLayout.jsx","statementMap":{"0":{"start":{"line":11,"column":35},"end":{"line":11,"column":null}},"1":{"start":{"line":14,"column":8},"end":{"line":14,"column":null}},"2":{"start":{"line":15,"column":23},"end":{"line":15,"column":null}},"3":{"start":{"line":17,"column":20},"end":{"line":33,"column":null}},"4":{"start":{"line":22,"column":21},"end":{"line":22,"column":null}},"5":{"start":{"line":29,"column":8},"end":{"line":29,"column":null}},"6":{"start":{"line":30,"column":8},"end":{"line":30,"column":null}},"7":{"start":{"line":35,"column":2},"end":{"line":72,"column":null}}},"fnMap":{"0":{"name":"MainLayout","decl":{"start":{"line":13,"column":24},"end":{"line":13,"column":35}},"loc":{"start":{"line":13,"column":56},"end":{"line":74,"column":null}},"line":13},"1":{"name":"(anonymous_1)","decl":{"start":{"line":22,"column":6},"end":{"line":22,"column":21}},"loc":{"start":{"line":22,"column":21},"end":{"line":22,"column":null}},"line":22},"2":{"name":"(anonymous_2)","decl":{"start":{"line":28,"column":6},"end":{"line":28,"column":21}},"loc":{"start":{"line":28,"column":21},"end":{"line":31,"column":null}},"line":28}},"branchMap":{"0":{"loc":{"start":{"line":52,"column":13},"end":{"line":52,"column":null}},"type":"binary-expr","locations":[{"start":{"line":52,"column":13},"end":{"line":52,"column":22}},{"start":{"line":52,"column":22},"end":{"line":52,"column":null}}],"line":52}},"s":{"0":0,"1":0,"2":0,"3":0,"4":0,"5":0,"6":0,"7":0},"f":{"0":0,"1":0,"2":0},"b":{"0":[0,0]},"meta":{"lastBranch":1,"lastFunction":3,"lastStatement":8,"seen":{"s:11:35:11:Infinity":0,"f:13:24:13:35":0,"s:14:8:14:Infinity":1,"s:15:23:15:Infinity":2,"s:17:20:33:Infinity":3,"f:22:6:22:21":1,"s:22:21:22:Infinity":4,"f:28:6:28:21":2,"s:29:8:29:Infinity":5,"s:30:8:30:Infinity":6,"s:35:2:72:Infinity":7,"b:52:13:52:22:52:22:52:Infinity":0},"fnNames":{}}}
,"D:\\学习笔记\\软件工程原理与实践\\Group16-A3\\campus-activity\\src\\pages\\ActivityDetail.jsx": {"path":"D:\\学习笔记\\软件工程原理与实践\\Group16-A3\\campus-activity\\src\\pages\\ActivityDetail.jsx","statementMap":{"0":{"start":{"line":17,"column":35},"end":{"line":17,"column":null}},"1":{"start":{"line":19,"column":19},"end":{"line":23,"column":null}},"2":{"start":{"line":26,"column":10},"end":{"line":26,"column":null}},"3":{"start":{"line":27,"column":8},"end":{"line":27,"column":null}},"4":{"start":{"line":30,"column":34},"end":{"line":31,"column":null}},"5":{"start":{"line":33,"column":19},"end":{"line":33,"column":null}},"6":{"start":{"line":33,"column":40},"end":{"line":33,"column":51}},"7":{"start":{"line":34,"column":2},"end":{"line":42,"column":null}},"8":{"start":{"line":35,"column":4},"end":{"line":40,"column":null}},"9":{"start":{"line":44,"column":23},"end":{"line":44,"column":null}},"10":{"start":{"line":45,"column":20},"end":{"line":45,"column":null}},"11":{"start":{"line":46,"column":28},"end":{"line":46,"column":null}},"12":{"start":{"line":46,"column":50},"end":{"line":46,"column":69}},"13":{"start":{"line":48,"column":8},"end":{"line":51,"column":null}},"14":{"start":{"line":49,"column":19},"end":{"line":49,"column":null}},"15":{"start":{"line":50,"column":4},"end":{"line":50,"column":null}},"16":{"start":{"line":53,"column":8},"end":{"line":60,"column":null}},"17":{"start":{"line":54,"column":19},"end":{"line":54,"column":null}},"18":{"start":{"line":55,"column":4},"end":{"line":59,"column":null}},"19":{"start":{"line":56,"column":6},"end":{"line":56,"column":null}},"20":{"start":{"line":58,"column":6},"end":{"line":58,"column":null}},"21":{"start":{"line":62,"column":2},"end":{"line":180,"column":null}},"22":{"start":{"line":81,"column":18},"end":{"line":81,"column":null}},"23":{"start":{"line":127,"column":54},"end":{"line":127,"column":76}},"24":{"start":{"line":132,"column":54},"end":{"line":132,"column":77}},"25":{"start":{"line":147,"column":22},"end":{"line":149,"column":null}},"26":{"start":{"line":164,"column":18},"end":{"line":173,"column":null}}},"fnMap":{"0":{"name":"ActivityDetail","decl":{"start":{"line":25,"column":24},"end":{"line":25,"column":41}},"loc":{"start":{"line":25,"column":41},"end":{"line":182,"column":null}},"line":25},"1":{"name":"(anonymous_1)","decl":{"start":{"line":33,"column":30},"end":{"line":33,"column":35}},"loc":{"start":{"line":33,"column":40},"end":{"line":33,"column":51}},"line":33},"2":{"name":"(anonymous_2)","decl":{"start":{"line":46,"column":38},"end":{"line":46,"column":45}},"loc":{"start":{"line":46,"column":50},"end":{"line":46,"column":69}},"line":46},"3":{"name":"(anonymous_3)","decl":{"start":{"line":48,"column":8},"end":{"line":48,"column":29}},"loc":{"start":{"line":48,"column":29},"end":{"line":51,"column":null}},"line":48},"4":{"name":"(anonymous_4)","decl":{"start":{"line":53,"column":8},"end":{"line":53,"column":31}},"loc":{"start":{"line":53,"column":31},"end":{"line":60,"column":null}},"line":53},"5":{"name":"(anonymous_5)","decl":{"start":{"line":80,"column":39},"end":{"line":80,"column":43}},"loc":{"start":{"line":81,"column":18},"end":{"line":81,"column":null}},"line":81},"6":{"name":"(anonymous_6)","decl":{"start":{"line":127,"column":39},"end":{"line":127,"column":54}},"loc":{"start":{"line":127,"column":54},"end":{"line":127,"column":76}},"line":127},"7":{"name":"(anonymous_7)","decl":{"start":{"line":132,"column":39},"end":{"line":132,"column":54}},"loc":{"start":{"line":132,"column":54},"end":{"line":132,"column":77}},"line":132},"8":{"name":"(anonymous_8)","decl":{"start":{"line":146,"column":44},"end":{"line":146,"column":49}},"loc":{"start":{"line":147,"column":22},"end":{"line":149,"column":null}},"line":147},"9":{"name":"(anonymous_9)","decl":{"start":{"line":163,"column":34},"end":{"line":163,"column":38}},"loc":{"start":{"line":164,"column":18},"end":{"line":173,"column":null}},"line":164}},"branchMap":{"0":{"loc":{"start":{"line":34,"column":2},"end":{"line":42,"column":null}},"type":"if","locations":[{"start":{"line":34,"column":2},"end":{"line":42,"column":null}},{"start":{},"end":{}}],"line":34},"1":{"loc":{"start":{"line":50,"column":4},"end":{"line":50,"column":null}},"type":"cond-expr","locations":[{"start":{"line":50,"column":21},"end":{"line":50,"column":55}},{"start":{"line":50,"column":55},"end":{"line":50,"column":null}}],"line":50},"2":{"loc":{"start":{"line":55,"column":4},"end":{"line":59,"column":null}},"type":"if","locations":[{"start":{"line":55,"column":4},"end":{"line":59,"column":null}},{"start":{"line":57,"column":11},"end":{"line":59,"column":null}}],"line":55},"3":{"loc":{"start":{"line":56,"column":22},"end":{"line":56,"column":56}},"type":"cond-expr","locations":[{"start":{"line":56,"column":41},"end":{"line":56,"column":49}},{"start":{"line":56,"column":49},"end":{"line":56,"column":56}}],"line":56},"4":{"loc":{"start":{"line":68,"column":15},"end":{"line":73,"column":null}},"type":"binary-expr","locations":[{"start":{"line":68,"column":15},"end":{"line":68,"column":null}},{"start":{"line":69,"column":16},"end":{"line":73,"column":null}}],"line":68},"5":{"loc":{"start":{"line":78,"column":17},"end":{"line":78,"column":null}},"type":"binary-expr","locations":[{"start":{"line":78,"column":17},"end":{"line":78,"column":48}},{"start":{"line":78,"column":48},"end":{"line":78,"column":null}}],"line":78},"6":{"loc":{"start":{"line":79,"column":17},"end":{"line":79,"column":null}},"type":"binary-expr","locations":[{"start":{"line":79,"column":17},"end":{"line":79,"column":52}},{"start":{"line":79,"column":52},"end":{"line":79,"column":null}}],"line":79},"7":{"loc":{"start":{"line":80,"column":18},"end":{"line":80,"column":37}},"type":"binary-expr","locations":[{"start":{"line":80,"column":18},"end":{"line":80,"column":35}},{"start":{"line":80,"column":35},"end":{"line":80,"column":37}}],"line":80},"8":{"loc":{"start":{"line":113,"column":28},"end":{"line":113,"column":null}},"type":"binary-expr","locations":[{"start":{"line":113,"column":28},"end":{"line":113,"column":46}},{"start":{"line":113,"column":46},"end":{"line":113,"column":null}}],"line":113},"9":{"loc":{"start":{"line":115,"column":19},"end":{"line":117,"column":null}},"type":"cond-expr","locations":[{"start":{"line":116,"column":22},"end":{"line":116,"column":null}},{"start":{"line":117,"column":22},"end":{"line":117,"column":null}}],"line":115},"10":{"loc":{"start":{"line":117,"column":22},"end":{"line":117,"column":null}},"type":"cond-expr","locations":[{"start":{"line":117,"column":52},"end":{"line":117,"column":62}},{"start":{"line":117,"column":62},"end":{"line":117,"column":null}}],"line":117},"11":{"loc":{"start":{"line":121,"column":24},"end":{"line":121,"column":null}},"type":"cond-expr","locations":[{"start":{"line":121,"column":36},"end":{"line":121,"column":84}},{"start":{"line":121,"column":83},"end":{"line":121,"column":null}}],"line":121},"12":{"loc":{"start":{"line":124,"column":19},"end":{"line":124,"column":null}},"type":"cond-expr","locations":[{"start":{"line":124,"column":31},"end":{"line":124,"column":39}},{"start":{"line":124,"column":39},"end":{"line":124,"column":null}}],"line":124},"13":{"loc":{"start":{"line":126,"column":17},"end":{"line":129,"column":null}},"type":"binary-expr","locations":[{"start":{"line":126,"column":17},"end":{"line":126,"column":48}},{"start":{"line":126,"column":48},"end":{"line":126,"column":null}},{"start":{"line":127,"column":18},"end":{"line":129,"column":null}}],"line":126},"14":{"loc":{"start":{"line":131,"column":17},"end":{"line":134,"column":null}},"type":"binary-expr","locations":[{"start":{"line":131,"column":17},"end":{"line":131,"column":null}},{"start":{"line":132,"column":18},"end":{"line":134,"column":null}}],"line":131},"15":{"loc":{"start":{"line":141,"column":13},"end":{"line":159,"column":13}},"type":"binary-expr","locations":[{"start":{"line":141,"column":13},"end":{"line":141,"column":null}},{"start":{"line":142,"column":14},"end":{"line":159,"column":13}}],"line":141},"16":{"loc":{"start":{"line":160,"column":15},"end":{"line":174,"column":null}},"type":"cond-expr","locations":[{"start":{"line":161,"column":16},"end":{"line":163,"column":34}},{"start":{"line":163,"column":16},"end":{"line":174,"column":null}}],"line":160}},"s":{"0":0,"1":0,"2":0,"3":0,"4":0,"5":0,"6":0,"7":0,"8":0,"9":0,"10":0,"11":0,"12":0,"13":0,"14":0,"15":0,"16":0,"17":0,"18":0,"19":0,"20":0,"21":0,"22":0,"23":0,"24":0,"25":0,"26":0},"f":{"0":0,"1":0,"2":0,"3":0,"4":0,"5":0,"6":0,"7":0,"8":0,"9":0},"b":{"0":[0,0],"1":[0,0],"2":[0,0],"3":[0,0],"4":[0,0],"5":[0,0],"6":[0,0],"7":[0,0],"8":[0,0],"9":[0,0],"10":[0,0],"11":[0,0],"12":[0,0],"13":[0,0,0],"14":[0,0],"15":[0,0],"16":[0,0]},"meta":{"lastBranch":17,"lastFunction":10,"lastStatement":27,"seen":{"s:17:35:17:Infinity":0,"s:19:19:23:Infinity":1,"f:25:24:25:41":0,"s:26:10:26:Infinity":2,"s:27:8:27:Infinity":3,"s:30:34:31:Infinity":4,"s:33:19:33:Infinity":5,"f:33:30:33:35":1,"s:33:40:33:51":6,"b:34:2:42:Infinity:undefined:undefined:undefined:undefined":0,"s:34:2:42:Infinity":7,"s:35:4:40:Infinity":8,"s:44:23:44:Infinity":9,"s:45:20:45:Infinity":10,"s:46:28:46:Infinity":11,"f:46:38:46:45":2,"s:46:50:46:69":12,"s:48:8:51:Infinity":13,"f:48:8:48:29":3,"s:49:19:49:Infinity":14,"s:50:4:50:Infinity":15,"b:50:21:50:55:50:55:50:Infinity":1,"s:53:8:60:Infinity":16,"f:53:8:53:31":4,"s:54:19:54:Infinity":17,"b:55:4:59:Infinity:57:11:59:Infinity":2,"s:55:4:59:Infinity":18,"s:56:6:56:Infinity":19,"b:56:41:56:49:56:49:56:56":3,"s:58:6:58:Infinity":20,"s:62:2:180:Infinity":21,"b:68:15:68:Infinity:69:16:73:Infinity":4,"b:78:17:78:48:78:48:78:Infinity":5,"b:79:17:79:52:79:52:79:Infinity":6,"b:80:18:80:35:80:35:80:37":7,"f:80:39:80:43":5,"s:81:18:81:Infinity":22,"b:113:28:113:46:113:46:113:Infinity":8,"b:116:22:116:Infinity:117:22:117:Infinity":9,"b:117:52:117:62:117:62:117:Infinity":10,"b:121:36:121:84:121:83:121:Infinity":11,"b:124:31:124:39:124:39:124:Infinity":12,"b:126:17:126:48:126:48:126:Infinity:127:18:129:Infinity":13,"f:127:39:127:54":6,"s:127:54:127:76":23,"b:131:17:131:Infinity:132:18:134:Infinity":14,"f:132:39:132:54":7,"s:132:54:132:77":24,"b:141:13:141:Infinity:142:14:159:13":15,"f:146:44:146:49":8,"s:147:22:149:Infinity":25,"b:161:16:163:34:163:16:174:Infinity":16,"f:163:34:163:38":9,"s:164:18:173:Infinity":26},"fnNames":{}}}
,"D:\\学习笔记\\软件工程原理与实践\\Group16-A3\\campus-activity\\src\\pages\\ActivityList.jsx": {"path":"D:\\学习笔记\\软件工程原理与实践\\Group16-A3\\campus-activity\\src\\pages\\ActivityList.jsx","statementMap":{"0":{"start":{"line":25,"column":17},"end":{"line":25,"column":null}},"1":{"start":{"line":27,"column":23},"end":{"line":31,"column":null}},"2":{"start":{"line":34,"column":22},"end":{"line":34,"column":null}},"3":{"start":{"line":35,"column":18},"end":{"line":35,"column":null}},"4":{"start":{"line":36,"column":19},"end":{"line":36,"column":null}},"5":{"start":{"line":37,"column":19},"end":{"line":37,"column":null}},"6":{"start":{"line":38,"column":17},"end":{"line":38,"column":null}},"7":{"start":{"line":39,"column":17},"end":{"line":39,"column":null}},"8":{"start":{"line":40,"column":23},"end":{"line":40,"column":null}},"9":{"start":{"line":41,"column":20},"end":{"line":41,"column":null}},"10":{"start":{"line":42,"column":20},"end":{"line":42,"column":null}},"11":{"start":{"line":43,"column":17},"end":{"line":43,"column":null}},"12":{"start":{"line":44,"column":27},"end":{"line":44,"column":null}},"13":{"start":{"line":45,"column":22},"end":{"line":45,"column":null}},"14":{"start":{"line":47,"column":8},"end":{"line":50,"column":null}},"15":{"start":{"line":48,"column":4},"end":{"line":48,"column":null}},"16":{"start":{"line":48,"column":36},"end":{"line":48,"column":46}},"17":{"start":{"line":52,"column":32},"end":{"line":54,"column":null}},"18":{"start":{"line":56,"column":8},"end":{"line":99,"column":null}},"19":{"start":{"line":57,"column":17},"end":{"line":57,"column":null}},"20":{"start":{"line":57,"column":40},"end":{"line":57,"column":60}},"21":{"start":{"line":59,"column":4},"end":{"line":68,"column":null}},"22":{"start":{"line":60,"column":17},"end":{"line":60,"column":null}},"23":{"start":{"line":61,"column":6},"end":{"line":67,"column":null}},"24":{"start":{"line":62,"column":8},"end":{"line":66,"column":null}},"25":{"start":{"line":70,"column":4},"end":{"line":70,"column":null}},"26":{"start":{"line":70,"column":18},"end":{"line":70,"column":null}},"27":{"start":{"line":70,"column":46},"end":{"line":70,"column":69}},"28":{"start":{"line":71,"column":4},"end":{"line":71,"column":null}},"29":{"start":{"line":71,"column":18},"end":{"line":71,"column":null}},"30":{"start":{"line":71,"column":46},"end":{"line":71,"column":69}},"31":{"start":{"line":72,"column":4},"end":{"line":72,"column":null}},"32":{"start":{"line":72,"column":32},"end":{"line":72,"column":73}},"33":{"start":{"line":73,"column":4},"end":{"line":73,"column":null}},"34":{"start":{"line":73,"column":27},"end":{"line":73,"column":77}},"35":{"start":{"line":74,"column":4},"end":{"line":74,"column":null}},"36":{"start":{"line":74,"column":27},"end":{"line":74,"column":62}},"37":{"start":{"line":75,"column":4},"end":{"line":75,"column":null}},"38":{"start":{"line":75,"column":27},"end":{"line":75,"column":62}},"39":{"start":{"line":76,"column":4},"end":{"line":76,"column":null}},"40":{"start":{"line":76,"column":27},"end":{"line":76,"column":64}},"41":{"start":{"line":77,"column":4},"end":{"line":79,"column":null}},"42":{"start":{"line":78,"column":6},"end":{"line":78,"column":null}},"43":{"start":{"line":78,"column":29},"end":{"line":78,"column":85}},"44":{"start":{"line":81,"column":4},"end":{"line":93,"column":null}},"45":{"start":{"line":83,"column":8},"end":{"line":83,"column":null}},"46":{"start":{"line":83,"column":31},"end":{"line":83,"column":99}},"47":{"start":{"line":84,"column":8},"end":{"line":84,"column":null}},"48":{"start":{"line":86,"column":8},"end":{"line":86,"column":null}},"49":{"start"
[...]
},"line":94},"16":{"name":"(anonymous_16)","decl":{"start":{"line":95,"column":15},"end":{"line":95,"column":19}},"loc":{"start":{"line":95,"column":25},"end":{"line":95,"column":57}},"line":95}},"branchMap":{"0":{"loc":{"start":{"line":27,"column":17},"end":{"line":27,"column":59}},"type":"binary-expr","locations":[{"start":{"line":27,"column":17},"end":{"line":27,"column":32}},{"start":{"line":27,"column":32},"end":{"line":27,"column":59}}],"line":27},"1":{"loc":{"start":{"line":35,"column":14},"end":{"line":35,"column":null}},"type":"binary-expr","locations":[{"start":{"line":35,"column":14},"end":{"line":35,"column":28}},{"start":{"line":35,"column":28},"end":{"line":35,"column":null}}],"line":35},"2":{"loc":{"start":{"line":36,"column":17},"end":{"line":36,"column":null}},"type":"binary-expr","locations":[{"start":{"line":36,"column":17},"end":{"line":36,"column":34}},{"start":{"line":36,"column":34},"end":{"line":36,"column":null}}],"line":36},"3":{"loc":{"start":{"line":37,"column":23},"end":{"line":37,"column":null}},"type":"binary-expr","locations":[{"start":{"line":37,"column":23},"end":{"line":37,"column":42}},{"start":{"line":37,"column":42},"end":{"line":37,"column":null}}],"line":37},"4":{"loc":{"start":{"line":45,"column":20},"end":{"line":45,"column":48}},"type":"cond-expr","locations":[{"start":{"line":45,"column":31},"end":{"line":45,"column":41}},{"start":{"line":45,"column":41},"end":{"line":45,"column":48}}],"line":45},"5":{"loc":{"start":{"line":67,"column":29},"end":{"line":77,"column":null}},"type":"cond-expr","locations":[{"start":{"line":68,"column":8},"end":{"line":77,"column":9}},{"start":{"line":77,"column":8},"end":{"line":77,"column":null}}],"line":67},"6":{"loc":{"start":{"line":92,"column":45},"end":{"line":92,"column":75}},"type":"cond-expr","locations":[{"start":{"line":92,"column":51},"end":{"line":92,"column":73}},{"start":{"line":92,"column":73},"end":{"line":92,"column":75}}],"line":92}},"s":{"0":0,"1":0,"2":0,"3":0,"4":0,"5":0,"6":0,"7":0,"8":0,"9":0,"10":0,"11":0,"12":0,"13":0,"14":0,"15":0,"16":0,"17":0,"18":0,"19":0,"20":0,"21":0,"22":0,"23":0,"24":0,"25":0,"26":0,"27":0},"f":{"0":0,"1":0,"2":0,"3":0,"4":0,"5":0,"6":0,"7":0,"8":0,"9":0,"10":0,"11":0,"12":0,"13":0,"14":0,"15":0,"16":0},"b":{"0":[0,0],"1":[0,0],"2":[0,0],"3":[0,0],"4":[0,0],"5":[0,0],"6":[0,0]},"meta":{"lastBranch":7,"lastFunction":17,"lastStatement":28,"seen":{"s:10:19:14:Infinity":0,"f:16:24:16:43":0,"s:17:23:17:Infinity":1,"s:18:21:18:Infinity":2,"s:19:51:19:Infinity":3,"s:21:24:23:Infinity":4,"f:22:5:22:12":1,"s:22:17:22:50":5,"f:23:5:23:9":2,"s:23:14:23:18":6,"s:25:26:41:Infinity":7,"f:26:5:26:12":3,"s:26:17:26:53":8,"f:27:5:27:12":4,"s:27:17:27:59":9,"b:27:17:27:32:27:32:27:59":0,"f:28:5:28:9":5,"s:29:19:29:Infinity":10,"f:29:25:29:30":6,"s:29:35:29:52":11,"s:30:23:30:Infinity":12,"f:30:34:30:39":7,"s:30:44:30:65":13,"s:31:6:40:Infinity":14,"b:35:14:35:28:35:28:35:Infinity":1,"b:36:17:36:34:36:34:36:Infinity":2,"b:37:23:37:42:37:42:37:Infinity":3,"s:43:8:46:Infinity":15,"f:43:8:43:24":8,"s:44:4:44:Infinity":16,"s:45:4:45:Infinity":17,"b:45:31:45:41:45:41:45:48":4,"s:48:18:80:Infinity":18,"f:56:6:56:14":9,"s:56:14:56:Infinity":19,"f:61:6:61:14":10,"s:62:8:62:Infinity":20,"f:67:6:67:15":11,"s:67:29:77:Infinity":21,"b:68:8:77:9:77:8:77:Infinity":5,"f:69:46:69:61":12,"s:69:61:69:98":22,"f:72:38:72:53":13,"s:72:53:72:91":23,"s:82:2:101:Infinity":24,"f:92:12:92:22":14,"s:92:29:92:Infinity":25,"b:92:51:92:73:92:73:92:75":6,"f:94:15:94:22":15,"s:94:27:94:55":26,"f:95:15:95:19":16,"s:95:25:95:57":27},"fnNames":{}}}
,"D:\\学习笔记\\软件工程原理与实践\\Group16-A3\\campus-activity\\src\\pages\\UserProfile.jsx": {"path":"D:\\学习笔记\\软件工程原理与实践\\Group16-A3\\campus-activity\\src\\pages\\UserProfile.jsx","statementMap":{"0":{"start":{"line":12,"column":24},"end":{"line":12,"column":null}},"1":{"start":{"line":15,"column":23},"end":{"line":15,"column":null}},"2":{"start":{"line":16,"column":18},"end":{"line":16,"column":null}},"3":{"start":{"line":17,"column":17},"end":{"line":17,"column":null}},"4":{"start":{"line":19,"column":8},"end":{"line":28,"column":null}},"5":{"start":{"line":20,"column":4},"end":{"line":26,"column":null}},"6":{"start":{"line":27,"column":4},"end":{"line":27,"column":null}},"7":{"start":{"line":30,"column":8},"end":{"line":34,"column":null}},"8":{"start":{"line":31,"column":4},"end":{"line":31,"column":null}},"9":{"start":{"line":32,"column":4},"end":{"line":32,"column":null}},"10":{"start":{"line":33,"column":4},"end":{"line":33,"column":null}},"11":{"start":{"line":36,"column":8},"end":{"line":37,"column":null}},"12":{"start":{"line":37,"column":4},"end":{"line":37,"column":null}},"13":{"start":{"line":37,"column":37},"end":{"line":37,"column":52}},"14":{"start":{"line":39,"column":2},"end":{"line":125,"column":null}},"15":{"start":{"line":82,"column":20},"end":{"line":82,"column":null}},"16":{"start":{"line":91,"column":20},"end":{"line":91,"column":null}},"17":{"start":{"line":103,"column":52},"end":{"line":103,"column":75}},"18":{"start":{"line":111,"column":51},"end":{"line":111,"column":74}},"19":{"start":{"line":119,"column":39},"end":{"line":119,"column":58}}},"fnMap":{"0":{"name":"UserProfile","decl":{"start":{"line":14,"column":24},"end":{"line":14,"column":38}},"loc":{"start":{"line":14,"column":38},"end":{"line":127,"column":null}},"line":14},"1":{"name":"(anonymous_1)","decl":{"start":{"line":19,"column":8},"end":{"line":19,"column":26}},"loc":{"start":{"line":19,"column":26},"end":{"line":28,"column":null}},"line":19},"2":{"name":"(anonymous_2)","decl":{"start":{"line":30,"column":8},"end":{"line":30,"column":22}},"loc":{"start":{"line":30,"column":33},"end":{"line":34,"column":null}},"line":30},"3":{"name":"(anonymous_3)","decl":{"start":{"line":36,"column":8},"end":{"line":36,"column":24}},"loc":{"start":{"line":37,"column":4},"end":{"line":37,"column":null}},"line":37},"4":{"name":"(anonymous_4)","decl":{"start":{"line":37,"column":27},"end":{"line":37,"column":32}},"loc":{"start":{"line":37,"column":37},"end":{"line":37,"column":52}},"line":37},"5":{"name":"(anonymous_5)","decl":{"start":{"line":81,"column":49},"end":{"line":81,"column":53}},"loc":{"start":{"line":82,"column":20},"end":{"line":82,"column":null}},"line":82},"6":{"name":"(anonymous_6)","decl":{"start":{"line":90,"column":53},"end":{"line":90,"column":57}},"loc":{"start":{"line":91,"column":20},"end":{"line":91,"column":null}},"line":91},"7":{"name":"(anonymous_7)","decl":{"start":{"line":103,"column":42},"end":{"line":103,"column":46}},"loc":{"start":{"line":103,"column":52},"end":{"line":103,"column":75}},"line":103},"8":{"name":"(anonymous_8)","decl":{"start":{"line":111,"column":41},"end":{"line":111,"column":45}},"loc":{"start":{"line":111,"column":51},"end":{"line":111,"column":74}},"line":111},"9":{"name":"(anonymous_9)","decl":{"start":{"line":119,"column":24},"end":{"line":119,"column":39}},"loc":{"start":{"line":119,"column":39},"end":{"line":119,"column":58}},"line":119}},"branchMap":{"0":{"loc":{"start":{"line":37,"column":4},"end":{"line":37,"column":null}},"type":"binary-expr","locations":[{"start":{"line":37,"column":4},"end":{"line":37,"column":64}},{"start":{"line":37,"column":64},"end":{"line":37,"column":null}}],"line":37},"1":{"loc":{"start":{"line":45,"column":12},"end":{"line":46,"column":null}},"type":"binary-expr","locations":[{"start":{"line":45,"column":12},"end":{"line":45,"column":null}},{"start":{"line":46,"column":14},"end":{"line":46,"column":null}}],"line":45},"2":{"loc":{"start":{"line":51,"column":11},"end":{"line":121,"column":null}},"type":"cond-expr","locations":[{"start":{"line":52,"column":12},"end":{"line":98,"column":13}},{"start":{"line":98,"column":12},"end":{"line":121,"column":null}}],"line":51},"3":{"loc":{"start":{"line":64,"column":30},"end":{"line":64,"column":null}},"type":"cond-expr","locations":[{"start":{"line":64,"column":63},"end":{"line":64,"column":74}},{"start":{"line":64,"column":74},"end":{"line":64,"column":null}}],"line":64},"4":{"loc":{"start":{"line":65,"column":21},"end":{"line":65,"column":null}},"type":"cond-expr","locations":[{"start":{"line":65,"column":54},"end":{"line":65,"column":61}},{"start":{"line":65,"column":61},"end":{"line":65,"column":null}}],"line":65},"5":{"loc":{"start":{"line":81,"column":20},"end":{"line":81,"column":47}},"type":"binary-expr","locations":[{"start":{"line":81,"column":20},"end":{"line":81,"column":45}},{"start":{"line":81,"column":45},"end":{"line":81,"column":47}}],"line":81},"6":{"loc":{"start":{"line":84,"column":19},"end":{"line":85,"column":null}},"type":"binary-expr","locations":[{"start":{"line":84,"column":19},"end":{"line":84,"column":55}},{"start":{"line":84,"column":55},"end":{"line":85,"column":null}}],"line":84},"7":{"loc":{"start":{"line":90,"column":20},"end":{"line":90,"column":51}},"type":"binary-expr","locations":[{"start":{"line":90,"column":20},"end":{"line":90,"column":49}},{"start":{"line":90,"column":49},"end":{"line":90,"column":51}}],"line":90},"8":{"loc":{"start":{"line":93,"column":19},"end":{"line":94,"column":null}},"type":"binary-expr","locations":[{"start":{"line":93,"column":19},"end":{"line":93,"column":59}},{"start":{"line":93,"column":59},"end":{"line":94,"column":null}}],"line":93}},"s":{"0":0,"1":0,"2":0,"3":0,"4":0,"5":0,"6":0,"7":0,"8":0,"9":0,"10":0,"11":0,"12":0,"13":0,"14":0,"15":0,"16":0,"17":0,"18":0,"19":0},"f":{"0":0,"1":0,"2":0,"3":0,"4":0,"5":0,"6":0,"7":0,"8":0,"9":0},"b":{"0":[0,0],"1":[0,0],"2":[0,0],"3":[0,0],"4":[0,0],"5":[0,0],"6":[0,0],"7":[0,0],"8":[0,0]},"meta":{"lastBranch":9,"lastFunction":10,"lastStatement":20,"seen":{"s:12:24:12:Infinity":0,"f:14:24:14:38":0,"s:15:23:15:Infinity":1,"s:16:18:16:Infinity":2,"s:17:17:17:Infinity":3,"s:19:8:28:Infinity":4,"f:19:8:19:26":1,"s:20:4:26:Infinity":5,"s:27:4:27:Infinity":6,"s:30:8:34:Infinity":7,"f:30:8:30:22":2,"s:31:4:31:Infinity":8,"s:32:4:32:Infinity":9,"s:33:4:33:Infinity":10,"s:36:8:37:Infinity":11,"f:36:8:36:24":3,"s:37:4:37:Infinity":12,"b:37:4:37:64:37:64:37:Infinity":0,"f:37:27:37:32":4,"s:37:37:37:52":13,"s:39:2:125:Infinity":14,"b:45:12:45:Infinity:46:14:46:Infinity":1,"b:52:12:98:13:98:12:121:Infinity":2,"b:64:63:64:74:64:74:64:Infinity":3,"b:65:54:65:61:65:61:65:Infinity":4,"b:81:20:81:45:81:45:81:47":5,"f:81:49:81:53":5,"s:82:20:82:Infinity":15,"b:84:19:84:55:84:55:85:Infinity":6,"b:90:20:90:49:90:49:90:51":7,"f:90:53:90:57":6,"s:91:20:91:Infinity":16,"b:93:19:93:59:93:59:94:Infinity":8,"f:103:42:103:46":7,"s:103:52:103:75":17,"f:111:41:111:45":8,"s:111:51:111:74":18,"f:119:24:119:39":9,"s:119:39:119:58":19},"fnNames":{}}}
,"D:\\学习笔记\\软件工程原理与实践\\Group16-A3\\campus-activity\\src\\router\\index.jsx": {"path":"D:\\学习笔记\\软件工程原理与实践\\Group16-A3\\campus-activity\\src\\router\\index.jsx","statementMap":{"0":{"start":{"line":22,"column":2},"end":{"line":42,"column":null}}},"fnMap":{"0":{"name":"Router","decl":{"start":{"line":21,"column":24},"end":{"line":21,"column":33}},"loc":{"start":{"line":21,"column":33},"end":{"line":44,"column":null}},"line":21}},"branchMap":{},"s":{"0":0},"f":{"0":0},"b":{},"meta":{"lastBranch":0,"lastFunction":1,"lastStatement":1,"seen":{"f:21:24:21:33":0,"s:22:2:42:Infinity":0},"fnNames":{}}}
,"D:\\学习笔记\\软件工程原理与实践\\Group16-A3\\campus-activity\\src\\utils\\activityFilters.js": {"path":"D:\\学习笔记\\软件工程原理与实践\\Group16-A3\\campus-activity\\src\\utils\\activityFilters.js","statementMap":{"0":{"start":{"line":2,"column":2},"end":{"line":2,"column":null}},"1":{"start":{"line":2,"column":18},"end":{"line":2,"column":null}},"2":{"start":{"line":3,"column":12},"end":{"line":3,"column":null}},"3":{"start":{"line":4,"column":14},"end":{"line":4,"column":null}},"4":{"start":{"line":5,"column":15},"end":{"line":5,"column":null}},"5":{"start":{"line":7,"column":2},"end":{"line":7,"column":null}},"6":{"start":{"line":7,"column":30},"end":{"line":7,"column":null}},"7":{"start":{"line":8,"column":2},"end":{"line":8,"column":null}},"8":{"start":{"line":8,"column":17},"end":{"line":8,"column":null}},"9":{"start":{"line":9,"column":2},"end":{"line":9,"column":null}},"10":{"start":{"line":9,"column":17},"end":{"line":9,"column":null}},"11":{"start":{"line":10,"column":2},"end":{"line":10,"column":null}},"12":{"start":{"line":14,"column":2},"end":{"line":14,"column":null}},"13":{"start":{"line":14,"column":21},"end":{"line":14,"column":null}},"14":{"start":{"line":15,"column":23},"end":{"line":15,"column":null}},"15":{"start":{"line":16,"column":2},"end":{"line":16,"column":null}},"16":{"start":{"line":16,"column":24},"end":{"line":16,"column":48}},"17":{"start":{"line":20,"column":2},"end":{"line":20,"column":null}},"18":{"start":{"line":20,"column":34},"end":{"line":20,"column":null}},"19":{"start":{"line":21,"column":16},"end":{"line":21,"column":null}},"20":{"start":{"line":22,"column":21},"end":{"line":22,"column":null}},"21":{"start":{"line":23,"column":19},"end":{"line":23,"column":null}},"22":{"start":{"line":24,"column":2},"end":{"line":24,"column":null}},"23":{"start":{"line":28,"column":2},"end":{"line":28,"column":null}},"24":{"start":{"line":28,"column":22},"end":{"line":28,"column":null}},"25":{"start":{"line":29,"column":15},"end":{"line":29,"column":null}},"26":{"start":{"line":30,"column":2},"end":{"line":30,"column":null}},"27":{"start":{"line":34,"column":2},"end":{"line":34,"column":null}},"28":{"start":{"line":34,"column":26},"end":{"line":34,"column":null}},"29":{"start":{"line":35,"column":15},"end":{"line":35,"column":null}},"30":{"start":{"line":36,"column":2},"end":{"line":36,"column":null}},"31":{"start":{"line":40,"column":2},"end":{"line":40,"column":null}},"32":{"start":{"line":40,"column":15},"end":{"line":40,"column":null}},"33":{"start":{"line":41,"column":2},"end":{"line":41,"column":null}}},"fnMap":{"0":{"name":"getActivityTimeSlot","decl":{"start":{"line":1,"column":16},"end":{"line":1,"column":36}},"loc":{"start":{"line":1,"column":47},"end":{"line":11,"column":null}},"line":1},"1":{"name":"matchesInterestTags","decl":{"start":{"line":13,"column":16},"end":{"line":13,"column":36}},"loc":{"start":{"line":13,"column":52},"end":{"line":17,"column":null}},"line":13},"2":{"name":"(anonymous_2)","decl":{"start":{"line":16,"column":14},"end":{"line":16,"column":19}},"loc":{"start":{"line":16,"column":24},"end":{"line":16,"column":48}},"line":16},"3":{"name":"matchesTimeRange","decl":{"start":{"line":19,"column":16},"end":{"line":19,"column":33}},"loc":{"start":{"line":19,"column":50},"end":{"line":25,"column":null}},"line":19},"4":{"name":"matchesTimeSlots","decl":{"start":{"line":27,"column":16},"end":{"line":27,"column":33}},"loc":{"start":{"line":27,"column":50},"end":{"line":31,"column":null}},"line":27},"5":{"name":"matchesAvailableTime","decl":{"start":{"line":33,"column":16},"end":{"line":33,"column":37}},"loc":{"start":{"line":33,"column":58},"end":{"line":37,"column":null}},"line":33},"6":{"name":"matchesActivityStatus","decl":{"start":{"line":39,"column":16},"end":{"line":39,"column":38}},"loc":{"start":{"line":39,"column":56},"end":{"line":42,"column":null}},"line":39}},"branchMap":{"0":{"loc":{"start":{"line":2,"column":2},"end":{"line":2,"column":null}},"type":"if","locations":[{"start":{"line":2,"column":2},"end":{"line":2,"column":null}},{"start":{},"end":{}}],"line":2},"1":{"loc":{"start":{"line":7,"column":2},"end":{"line":7,"column":null}},"type":"if","locations":[{"start":{"line":7,"column":2},"end":{"line":7,"column":null}},{"start":{},"end":{}}],"line":7},"2":{"loc":{"start":{"line":7,"column":6},"end":{"line":7,"column":30}},"type":"binary-expr","locations":[{"start":{"line":7,"column":6},"end":{"line":7,"column":19}},{"start":{"line":7,"column":19},"end":{"line":7,"column":30}}],"line":7},"3":{"loc":{"start":{"line":8,"column":2},"end":{"line":8,"column":null}},"type":"if","locations":[{"start":{"line":8,"column":2},"end":{"line":8,"column":null}},{"start":{},"end":{}}],"line":8},"4":{"loc":{"start":{"line":9,"column":2},"end":{"line":9,"column":null}},"type":"if","locations":[{"start":{"line":9,"column":2},"end":{"line":9,"column":null}},{"start":{},"end":{}}],"line":9},"5":{"loc":{"start":{"line":14,"column":2},"end":{"line":14,"column":null}},"type":"if","locations":[{"start":{"line":14,"column":2},"end":{"line":14,"column":null}},{"start":{},"end":{}}],"line":14},"6":{"loc":{"start":{"line":15,"column":23},"end":{"line":15,"column":null}},"type":"binary-expr","locations":[{"start":{"line":15,"column":23},"end":{"line":15,"column":40}},{"start":{"line":15,"column":40},"end":{"line":15,"column":null}}],"line":15},"7":{"loc":{"start":{"line":20,"column":2},"end":{"line":20,"column":null}},"type":"if","locations":[{"start":{"line":20,"column":2},"end":{"line":20,"column":null}},{"start":{},"end":{}}],"line":20},"8":{"loc":{"start":{"line":20,"column":6},"end":{"line":20,"column":34}},"type":"binary-expr","locations":[{"start":{"line":20,"column":6},"end":{"line":20,"column":21}},{"start":{"line":20,"column":21},"end":{"line":20,"column":34}}],"line":20},"9":{"loc":{"start":{"line":24,"column":9},"end":{"line":24,"column":null}},"type":"binary-expr","locations":[{"start":{"line":24,"column":9},"end":{"line":24,"column":32}},{"start":{"line":24,"column":32},"end":{"line":24,"column":null}}],"line":24},"10":{"loc":{"start":{"line":28,"column":2},"end":{"line":28,"column":null}},"type":"if","locations":[{"start":{"line":28,"column":2},"end":{"line":28,"column":null}},{"start":{},"end":{}}],"line":28},"11":{"loc":{"start":{"line":34,"column":2},"end":{"line":34,"column":null}},"type":"if","locations":[{"start":{"line":34,"column":2},"end":{"line":34,"column":null}},{"start":{},"end":{}}],"line":34},"12":{"loc":{"start":{"line":40,"column":2},"end":{"line":40,"column":null}},"type":"if","locations":[{"start":{"line":40,"column":2},"end":{"line":40,"column":null}},{"start":{},"end":{}}],"line":40}},"s":{"0":7,"1":0,"2":7,"3":7,"4":7,"5":7,"6":1,"7":6,"8":6,"9":6,"10":6,"11":1,"12":4,"13":2,"14":2,"15":4,"16":2,"17":3,"18":1,"19":2,"20":2,"21":2,"22":2,"23":2,"24":0,"25":2,"26":2,"27":2,"28":0,"29":2,"30":2,"31":3,"32":1,"33":2},"f":{"0":7,"1":4,"2":2,"3":3,"4":2,"5":2,"6":3},"b":{"0":[0,7],"1":[1,6],"2":[7,7],"3":[0,6],"4":[5,1],"5":[2,2],"6":[2,0],"7":[1,2],"8":[3,2],"9":[2,1],"10":[0,2],"11":[0,2],"12":[1,2]},"meta":{"lastBranch":13,"lastFunction":7,"lastStatement":34,"seen":{"f:1:16:1:36":0,"b:2:2:2:Infinity:undefined:undefined:undefined:undefined":0,"s:2:2:2:Infinity":0,"s:2:18:2:Infinity":1,"s:3:12:3:Infinity":2,"s:4:14:4:Infinity":3,"s:5:15:5:Infinity":4,"b:7:2:7:Infinity:undefined:undefined:undefined:undefined":1,"s:7:2:7:Infinity":5,"b:7:6:7:19:7:19:7:30":2,"s:7:30:7:Infinity":6,"b:8:2:8:Infinity:undefined:undefined:undefined:undefined":3,"s:8:2:8:Infinity":7,"s:8:17:8:Infinity":8,"b:9:2:9:Infinity:undefined:undefined:undefined:undefined":4,"s:9:2:9:Infinity":9,"s:9:17:9:Infinity":10,"s:10:2:10:Infinity":11,"f:13:16:13:36":1,"b:14:2:14:Infinity:undefined:undefined:undefined:undefined":5,"s:14:2:14:Infinity":12,"s:14:21:14:Infinity":13,"s:15:23:15:Infinity":14,"b:15:23:15:40:15:40:15:Infinity":6,"s:16:2:16:Infinity":15,"f:16:14:16:19":2,"s:16:24:16:48":16,"f:19:16:19:33":3,"b:20:2:20:Infinity:undefined:undefined:undefined:undefined":7,"s:20:2:20:Infinity":17,"b:20:6:20:21:20:21:20:34":8,"s:20:34:20:Infinity":18,"s:21:16:21:Infinity":19,"s:22:21:22:Infinity":20,"s:23:19:23:Infinity":21,"s:24:2:24:Infinity":22,"b:24:9:24:32:24:32:24:Infinity":9,"f:27:16:27:33":4,"b:28:2:28:Infinity:undefined:undefined:undefined:undefined":10,"s:28:2:28:Infinity":23,"s:28:22:28:Infinity":24,"s:29:15:29:Infinity":25,"s:30:2:30:Infinity":26,"f:33:16:33:37":5,"b:34:2:34:Infinity:undefined:undefined:undefined:undefined":11,"s:34:2:34:Infinity":27,"s:34:26:34:Infinity":28,"s:35:15:35:Infinity":29,"s:36:2:36:Infinity":30,"f:39:16:39:38":6,"b:40:2:40:Infinity:undefined:undefined:undefined:undefined":12,"s:40:2:40:Infinity":31,"s:40:15:40:Infinity":32,"s:41:2:41:Infinity":33},"fnNames":{}}}
}
